Removed Pin From Net: NetName=LDO_IN Pin=C111-2
Removed Pin From Net: NetName=12V_IN Pin=Conn_1-1
Removed Pin From Net: NetName=LDO_IN Pin=LDO_1-6
Removed Pin From Net: NetName=LDO_IN Pin=LDO_2-6
Removed Pin From Net: NetName=LDO_IN Pin=LDO_3-6
Removed Pin From Net: NetName=LDO_IN Pin=LDO_4-6
Removed Pin From Net: NetName=NetLDO_1_1 Pin=R97-2
Removed Pin From Net: NetName=GND Pin=R98-1
Removed Pin From Net: NetName=NetR107_1 Pin=R107-1
Removed Pin From Net: NetName=12V_IN Pin=SWPS_1-25
Removed Pin From Net: NetName=NetR107_1 Pin=SWPS_1-31
Removed Member From Class: ClassName=MotherBoard_PowerSupply Member=R97
Removed Member From Class: ClassName=MotherBoard_PowerSupply Member=R98
Change Component DesignItemId : Designator=C111 Old DesignItemId=Cap1 New DesignItemId=Cap2
Change Component Footprint: Designator=C111 Old Footprint=0805 SMD Passive New Footprint=ELKO_CAP
Change Component Comment : Designator=C111 Old Comment=Cap1 New Comment=Cap2
Change Component Designator: OldDesignator=SMA_? NewDesignator=SMA_14
Added Pin To Net: NetName=LDO_IN Pin=C111-1
Added Pin To Net: NetName=GND Pin=C111-2
Added Pin To Net: NetName=GND Pin=C112-1
Added Pin To Net: NetName=GND Pin=C113-1
Added Pin To Net: NetName=VOUT_6V Pin=Conn_1-1
Added Pin To Net: NetName=NetR107_1 Pin=Header4-34
Added Pin To Net: NetName=NetC103_1 Pin=LDO_1-3
Added Pin To Net: NetName=NetR107_1 Pin=SWPS_1-25
Change Net Name : Old Net Name=NetR107_1 New Net Name=NetHeader4_34
Change Net Name : Old Net Name=VOUT_6V New Net Name=FPGA_POWER
Added Pin To Net: NetName=PG Pin=LDO_1-6
Added Pin To Net: NetName=PG Pin=LDO_2-6
Added Pin To Net: NetName=PG Pin=LDO_3-6
Added Pin To Net: NetName=PG Pin=LDO_4-6
Added Pin To Net: NetName=PG Pin=R107-1
Added Pin To Net: NetName=PG Pin=SWPS_1-31
Added Net: Name=PG
