Change Component Designator: OldDesignator=Header5 NewDesignator=Header6
Change Component Designator: OldDesignator=Header6 NewDesignator=Header7
Change Component Designator: OldDesignator=Header7 NewDesignator=Header5
Change Component Designator: OldDesignator=SMA_14 NewDesignator=SMA_8
Change Component Designator: OldDesignator=Socket7 NewDesignator=Socket6
Added Component: Designator=C101(0805 SMD Passive)
Added Component: Designator=C102(0805 SMD Passive)
Added Component: Designator=C103(ELKO_CAP)
Added Component: Designator=C104(ELKO_CAP)
Added Component: Designator=C105(ELKO_CAP)
Added Component: Designator=C106(ELKO_CAP)
Added Component: Designator=C107(0805 SMD Passive)
Added Component: Designator=C108(0805 SMD Passive)
Added Component: Designator=C109(0805 SMD Passive)
Added Component: Designator=C110(0805 SMD Passive)
Added Component: Designator=C111(ELKO_CAP)
Added Component: Designator=C112(0805 SMD Passive)
Added Component: Designator=C113(0805 SMD Passive)
Added Component: Designator=C114(0805 SMD Passive)
Added Component: Designator=C115(0805 SMD Passive)
Added Component: Designator=C116(ELKO_CAP)
Added Component: Designator=C117(ELKO_CAP)
Added Component: Designator=C118(0805 SMD Passive)
Added Component: Designator=C119(0805 SMD Passive)
Added Component: Designator=C120(0805 SMD Passive)
Added Component: Designator=C121(ELKO_CAP)
Added Component: Designator=Conn_1(DC_Connector)
Added Component: Designator=Conn_2(DC_Connector)
Added Component: Designator=D_SUN_1(D_SUN)
Added Component: Designator=D_SUN_2(D_SUN)
Added Component: Designator=FB1(FerritBead)
Added Component: Designator=FB2(FerritBead)
Added Component: Designator=LDO_1(LT1965)
Added Component: Designator=LDO_2(LT1965)
Added Component: Designator=LDO_3(LT1965)
Added Component: Designator=LDO_4(LT1965)
Added Component: Designator=LED1(0805 SMD Passive)
Added Component: Designator=LED2(0805 SMD Passive)
Added Component: Designator=LED3(0805 SMD Passive)
Added Component: Designator=LED4(0805 SMD Passive)
Added Component: Designator=LED5(0805 SMD Passive)
Added Component: Designator=LED6(0805 SMD Passive)
Added Component: Designator=LED7(0805 SMD Passive)
Added Component: Designator=LED8(0805 SMD Passive)
Added Component: Designator=LED9(0805 SMD Passive)
Added Component: Designator=LED10(0805 SMD Passive)
Added Component: Designator=LED11(0805 SMD Passive)
Added Component: Designator=LED12(0805 SMD Passive)
Added Component: Designator=Power Switch1(Switch)
Added Component: Designator=R79(0805 SMD Passive)
Added Component: Designator=R80(0805 SMD Passive)
Added Component: Designator=R81(0805 SMD Passive)
Added Component: Designator=R82(0805 SMD Passive)
Added Component: Designator=R83(0805 SMD Passive)
Added Component: Designator=R84(0805 SMD Passive)
Added Component: Designator=R85(0805 SMD Passive)
Added Component: Designator=R86(0805 SMD Passive)
Added Component: Designator=R87(0805 SMD Passive)
Added Component: Designator=R88(0805 SMD Passive)
Added Component: Designator=R89(0805 SMD Passive)
Added Component: Designator=R90(0805 SMD Passive)
Added Component: Designator=R91(0805 SMD Passive)
Added Component: Designator=R92(0805 SMD Passive)
Added Component: Designator=R93(0805 SMD Passive)
Added Component: Designator=R94(0805 SMD Passive)
Added Component: Designator=R95(0805 SMD Passive)
Added Component: Designator=R96(0805 SMD Passive)
Added Component: Designator=R97(0805 SMD Passive)
Added Component: Designator=R98(0805 SMD Passive)
Added Component: Designator=R99(0805 SMD Passive)
Added Component: Designator=R100(0805 SMD Passive)
Added Component: Designator=R101(0805 SMD Passive)
Added Component: Designator=R102(0805 SMD Passive)
Added Component: Designator=R103(0805 SMD Passive)
Added Component: Designator=R104(0805 SMD Passive)
Added Component: Designator=R105(0805 SMD Passive)
Added Component: Designator=R106(0805 SMD Passive)
Added Component: Designator=R107(0805 SMD Passive)
Added Component: Designator=R108(0805 SMD Passive)
Added Component: Designator=R109(0805 SMD Passive)
Added Component: Designator=Socket7(Socket3_R)
Added Pin To Net: NetName=ADC_POWERDOWN Pin=Header7-2
Added Pin To Net: NetName=ADC_POWERDOWN Pin=Socket6-5
Added Net: Name=ADC_POWERDOWN
Added Pin To Net: NetName=AMP_5V Pin=C106-1
Added Pin To Net: NetName=AMP_5V Pin=LED12-2
Added Pin To Net: NetName=AMP_5V Pin=R92-1
Added Pin To Net: NetName=AMP_5V Pin=Socket4-6
Added Pin To Net: NetName=AMP_5V Pin=Socket4-8
Added Pin To Net: NetName=AMP_5V Pin=Socket4-10
Added Pin To Net: NetName=AMP_5V Pin=Socket8-6
Added Pin To Net: NetName=AMP_5V Pin=Socket8-8
Added Pin To Net: NetName=AMP_5V Pin=Socket8-10
Added Net: Name=AMP_5V
Added Pin To Net: NetName=DAC_MODE Pin=Header4-6
Added Pin To Net: NetName=DAC_MODE Pin=Socket2-5
Added Net: Name=DAC_MODE
Added Pin To Net: NetName=DAC_SLEEP Pin=Header4-5
Added Pin To Net: NetName=DAC_SLEEP Pin=Socket2-3
Added Net: Name=DAC_SLEEP
Added Pin To Net: NetName=DC_6V Pin=C113-2
Added Pin To Net: NetName=DC_6V Pin=C115-1
Added Pin To Net: NetName=DC_6V Pin=C117-1
Added Pin To Net: NetName=DC_6V Pin=FB1-2
Added Pin To Net: NetName=DC_6V Pin=R108-2
Added Net: Name=DC_6V
Added Pin To Net: NetName=DC_19V_FILT Pin=C118-2
Added Pin To Net: NetName=DC_19V_FILT Pin=C119-2
Added Pin To Net: NetName=DC_19V_FILT Pin=D_SUN_1-3
Added Pin To Net: NetName=DC_19V_FILT Pin=D_SUN_1-4
Added Pin To Net: NetName=DC_19V_FILT Pin=D_SUN_2-3
Added Pin To Net: NetName=DC_19V_FILT Pin=D_SUN_2-4
Added Pin To Net: NetName=DC_19V_FILT Pin=FB2-1
Added Net: Name=DC_19V_FILT
Added Pin To Net: NetName=DC_19V_SW Pin=C120-2
Added Pin To Net: NetName=DC_19V_SW Pin=C121-1
Added Pin To Net: NetName=DC_19V_SW Pin=FB2-2
Added Pin To Net: NetName=DC_19V_SW Pin=R109-2
Added Net: Name=DC_19V_SW
Added Pin To Net: NetName=DC_IN_19V Pin=Conn_2-1
Added Pin To Net: NetName=DC_IN_19V Pin=Power Switch1-3
Added Net: Name=DC_IN_19V
Added Pin To Net: NetName=FPGA_POWER Pin=C114-2
Added Pin To Net: NetName=FPGA_POWER Pin=C116-1
Added Pin To Net: NetName=FPGA_POWER Pin=Conn_1-1
Added Pin To Net: NetName=FPGA_POWER Pin=R107-2
Added Net: Name=FPGA_POWER
Added Pin To Net: NetName=FWP_DETECTOR Pin=Header5-4
Added Pin To Net: NetName=FWP_DETECTOR Pin=Socket4-2
Added Net: Name=FWP_DETECTOR
Added Pin To Net: NetName=GND Pin=C103-2
Added Pin To Net: NetName=GND Pin=C104-2
Added Pin To Net: NetName=GND Pin=C105-2
Added Pin To Net: NetName=GND Pin=C106-2
Added Pin To Net: NetName=GND Pin=C107-1
Added Pin To Net: NetName=GND Pin=C108-1
Added Pin To Net: NetName=GND Pin=C109-1
Added Pin To Net: NetName=GND Pin=C110-1
Added Pin To Net: NetName=GND Pin=C111-2
Added Pin To Net: NetName=GND Pin=C112-1
Added Pin To Net: NetName=GND Pin=C113-1
Added Pin To Net: NetName=GND Pin=C114-1
Added Pin To Net: NetName=GND Pin=C115-2
Added Pin To Net: NetName=GND Pin=C116-2
Added Pin To Net: NetName=GND Pin=C117-2
Added Pin To Net: NetName=GND Pin=C118-1
Added Pin To Net: NetName=GND Pin=C119-1
Added Pin To Net: NetName=GND Pin=C120-1
Added Pin To Net: NetName=GND Pin=C121-2
Added Pin To Net: NetName=GND Pin=Conn_1-2
Added Pin To Net: NetName=GND Pin=Conn_2-2
Added Pin To Net: NetName=GND Pin=D_SUN_1-1
Added Pin To Net: NetName=GND Pin=D_SUN_1-2
Added Pin To Net: NetName=GND Pin=D_SUN_1-7
Added Pin To Net: NetName=GND Pin=D_SUN_1-8
Added Pin To Net: NetName=GND Pin=D_SUN_2-1
Added Pin To Net: NetName=GND Pin=D_SUN_2-2
Added Pin To Net: NetName=GND Pin=D_SUN_2-7
Added Pin To Net: NetName=GND Pin=D_SUN_2-8
Added Pin To Net: NetName=GND Pin=Header4-1
Added Pin To Net: NetName=GND Pin=Header4-3
Added Pin To Net: NetName=GND Pin=Header4-7
Added Pin To Net: NetName=GND Pin=Header4-13
Added Pin To Net: NetName=GND Pin=Header4-23
Added Pin To Net: NetName=GND Pin=Header4-37
Added Pin To Net: NetName=GND Pin=Header4-47
Added Pin To Net: NetName=GND Pin=Header5-1
Added Pin To Net: NetName=GND Pin=Header5-3
Added Pin To Net: NetName=GND Pin=Header5-5
Added Pin To Net: NetName=GND Pin=Header6-1
Added Pin To Net: NetName=GND Pin=Header6-3
Added Pin To Net: NetName=GND Pin=Header6-5
Added Pin To Net: NetName=GND Pin=Header6-7
Added Pin To Net: NetName=GND Pin=Header6-9
Added Pin To Net: NetName=GND Pin=Header6-11
Added Pin To Net: NetName=GND Pin=Header6-13
Added Pin To Net: NetName=GND Pin=Header6-15
Added Pin To Net: NetName=GND Pin=Header6-17
Added Pin To Net: NetName=GND Pin=Header6-19
Added Pin To Net: NetName=GND Pin=Header6-21
Added Pin To Net: NetName=GND Pin=Header6-23
Added Pin To Net: NetName=GND Pin=Header6-25
Added Pin To Net: NetName=GND Pin=Header6-27
Added Pin To Net: NetName=GND Pin=Header6-29
Added Pin To Net: NetName=GND Pin=Header7-12
Added Pin To Net: NetName=GND Pin=Header7-13
Added Pin To Net: NetName=GND Pin=Header7-24
Added Pin To Net: NetName=GND Pin=Header7-25
Added Pin To Net: NetName=GND Pin=Header7-36
Added Pin To Net: NetName=GND Pin=Header7-37
Added Pin To Net: NetName=GND Pin=Header7-48
Added Pin To Net: NetName=GND Pin=LDO_1-4
Added Pin To Net: NetName=GND Pin=LDO_1-5
Added Pin To Net: NetName=GND Pin=LDO_1-9
Added Pin To Net: NetName=GND Pin=LDO_2-4
Added Pin To Net: NetName=GND Pin=LDO_2-5
Added Pin To Net: NetName=GND Pin=LDO_2-9
Added Pin To Net: NetName=GND Pin=LDO_3-4
Added Pin To Net: NetName=GND Pin=LDO_3-5
Added Pin To Net: NetName=GND Pin=LDO_3-9
Added Pin To Net: NetName=GND Pin=LDO_4-4
Added Pin To Net: NetName=GND Pin=LDO_4-5
Added Pin To Net: NetName=GND Pin=LDO_4-9
Added Pin To Net: NetName=GND Pin=LED1-1
Added Pin To Net: NetName=GND Pin=LED2-1
Added Pin To Net: NetName=GND Pin=LED3-1
Added Pin To Net: NetName=GND Pin=LED4-1
Added Pin To Net: NetName=GND Pin=LED5-1
Added Pin To Net: NetName=GND Pin=LED6-1
Added Pin To Net: NetName=GND Pin=LED7-1
Added Pin To Net: NetName=GND Pin=LED8-1
Added Pin To Net: NetName=GND Pin=R93-2
Added Pin To Net: NetName=GND Pin=R94-2
Added Pin To Net: NetName=GND Pin=R95-2
Added Pin To Net: NetName=GND Pin=R96-2
Added Pin To Net: NetName=GND Pin=R98-1
Added Pin To Net: NetName=GND Pin=R100-1
Added Pin To Net: NetName=GND Pin=R102-1
Added Pin To Net: NetName=GND Pin=R103-1
Added Pin To Net: NetName=GND Pin=R104-1
Added Pin To Net: NetName=GND Pin=R105-1
Added Pin To Net: NetName=GND Pin=R106-1
Added Pin To Net: NetName=GND Pin=SMA_8-2
Added Pin To Net: NetName=GND Pin=SMA_8-2
Added Pin To Net: NetName=GND Pin=SMA_8-2
Added Pin To Net: NetName=GND Pin=SMA_8-2
Added Pin To Net: NetName=GND Pin=Socket1-3
Added Pin To Net: NetName=GND Pin=Socket1-5
Added Pin To Net: NetName=GND Pin=Socket2-13
Added Pin To Net: NetName=GND Pin=Socket2-15
Added Pin To Net: NetName=GND Pin=Socket2-17
Added Pin To Net: NetName=GND Pin=Socket2-19
Added Pin To Net: NetName=GND Pin=Socket2-21
Added Pin To Net: NetName=GND Pin=Socket3-5
Added Pin To Net: NetName=GND Pin=Socket3-7
Added Pin To Net: NetName=GND Pin=Socket4-5
Added Pin To Net: NetName=GND Pin=Socket4-7
Added Pin To Net: NetName=GND Pin=Socket4-9
Added Pin To Net: NetName=GND Pin=Socket5-3
Added Pin To Net: NetName=GND Pin=Socket5-5
Added Pin To Net: NetName=GND Pin=Socket6-12
Added Pin To Net: NetName=GND Pin=Socket6-14
Added Pin To Net: NetName=GND Pin=Socket6-16
Added Pin To Net: NetName=GND Pin=Socket6-18
Added Pin To Net: NetName=GND Pin=Socket6-20
Added Pin To Net: NetName=GND Pin=Socket6-22
Added Pin To Net: NetName=GND Pin=Socket7-5
Added Pin To Net: NetName=GND Pin=Socket7-7
Added Pin To Net: NetName=GND Pin=Socket8-5
Added Pin To Net: NetName=GND Pin=Socket8-7
Added Pin To Net: NetName=GND Pin=Socket8-9
Added Net: Name=GND
Added Pin To Net: NetName=H_ADC_CLK Pin=Header7-39
Added Pin To Net: NetName=H_ADC_CLK Pin=Socket6-29
Added Net: Name=H_ADC_CLK
Added Pin To Net: NetName=H_ADC_D0 Pin=Header7-38
Added Pin To Net: NetName=H_ADC_D0 Pin=Socket6-27
Added Net: Name=H_ADC_D0
Added Pin To Net: NetName=H_ADC_D1 Pin=Header7-35
Added Pin To Net: NetName=H_ADC_D1 Pin=Socket6-25
Added Net: Name=H_ADC_D1
Added Pin To Net: NetName=H_ADC_D2 Pin=Header7-34
Added Pin To Net: NetName=H_ADC_D2 Pin=Socket6-23
Added Net: Name=H_ADC_D2
Added Pin To Net: NetName=H_ADC_D3 Pin=Header7-33
Added Pin To Net: NetName=H_ADC_D3 Pin=Socket6-21
Added Net: Name=H_ADC_D3
Added Pin To Net: NetName=H_ADC_D4 Pin=Header7-32
Added Pin To Net: NetName=H_ADC_D4 Pin=Socket6-19
Added Net: Name=H_ADC_D4
Added Pin To Net: NetName=H_ADC_D5 Pin=Header7-31
Added Pin To Net: NetName=H_ADC_D5 Pin=Socket6-17
Added Net: Name=H_ADC_D5
Added Pin To Net: NetName=H_ADC_D6 Pin=Header7-30
Added Pin To Net: NetName=H_ADC_D6 Pin=Socket6-15
Added Net: Name=H_ADC_D6
Added Pin To Net: NetName=H_ADC_D7 Pin=Header7-29
Added Pin To Net: NetName=H_ADC_D7 Pin=Socket6-13
Added Net: Name=H_ADC_D7
Added Pin To Net: NetName=H_ADC_D8 Pin=Header7-28
Added Pin To Net: NetName=H_ADC_D8 Pin=Socket6-11
Added Net: Name=H_ADC_D8
Added Pin To Net: NetName=H_ADC_D9 Pin=Header7-27
Added Pin To Net: NetName=H_ADC_D9 Pin=Socket6-9
Added Net: Name=H_ADC_D9
Added Pin To Net: NetName=H_ADC_D10 Pin=Header7-26
Added Pin To Net: NetName=H_ADC_D10 Pin=Socket6-7
Added Net: Name=H_ADC_D10
Added Pin To Net: NetName=H_ADC_OR Pin=Header7-3
Added Pin To Net: NetName=H_ADC_OR Pin=Socket6-3
Added Net: Name=H_ADC_OR
Added Pin To Net: NetName=H_DAC_CLOCK Pin=Header4-32
Added Pin To Net: NetName=H_DAC_CLOCK Pin=Socket2-2
Added Net: Name=H_DAC_CLOCK
Added Pin To Net: NetName=H_DAC_DB0 Pin=Header4-22
Added Pin To Net: NetName=H_DAC_DB0 Pin=Socket2-30
Added Net: Name=H_DAC_DB0
Added Pin To Net: NetName=H_DAC_DB1 Pin=Header4-21
Added Pin To Net: NetName=H_DAC_DB1 Pin=Socket2-28
Added Net: Name=H_DAC_DB1
Added Pin To Net: NetName=H_DAC_DB2 Pin=Header4-20
Added Pin To Net: NetName=H_DAC_DB2 Pin=Socket2-26
Added Net: Name=H_DAC_DB2
Added Pin To Net: NetName=H_DAC_DB3 Pin=Header4-19
Added Pin To Net: NetName=H_DAC_DB3 Pin=Socket2-24
Added Net: Name=H_DAC_DB3
Added Pin To Net: NetName=H_DAC_DB4 Pin=Header4-18
Added Pin To Net: NetName=H_DAC_DB4 Pin=Socket2-22
Added Net: Name=H_DAC_DB4
Added Pin To Net: NetName=H_DAC_DB5 Pin=Header4-17
Added Pin To Net: NetName=H_DAC_DB5 Pin=Socket2-20
Added Net: Name=H_DAC_DB5
Added Pin To Net: NetName=H_DAC_DB6 Pin=Header4-16
Added Pin To Net: NetName=H_DAC_DB6 Pin=Socket2-18
Added Net: Name=H_DAC_DB6
Added Pin To Net: NetName=H_DAC_DB7 Pin=Header4-15
Added Pin To Net: NetName=H_DAC_DB7 Pin=Socket2-16
Added Net: Name=H_DAC_DB7
Added Pin To Net: NetName=H_DAC_DB8 Pin=Header4-14
Added Pin To Net: NetName=H_DAC_DB8 Pin=Socket2-14
Added Net: Name=H_DAC_DB8
Added Pin To Net: NetName=H_DAC_DB9 Pin=Header4-12
Added Pin To Net: NetName=H_DAC_DB9 Pin=Socket2-12
Added Net: Name=H_DAC_DB9
Added Pin To Net: NetName=H_DAC_DB10 Pin=Header4-11
Added Pin To Net: NetName=H_DAC_DB10 Pin=Socket2-10
Added Net: Name=H_DAC_DB10
Added Pin To Net: NetName=H_DAC_DB11 Pin=Header4-10
Added Pin To Net: NetName=H_DAC_DB11 Pin=Socket2-8
Added Net: Name=H_DAC_DB11
Added Pin To Net: NetName=H_DAC_DB12 Pin=Header4-9
Added Pin To Net: NetName=H_DAC_DB12 Pin=Socket2-6
Added Net: Name=H_DAC_DB12
Added Pin To Net: NetName=H_DAC_DB13 Pin=Header4-8
Added Pin To Net: NetName=H_DAC_DB13 Pin=Socket2-4
Added Net: Name=H_DAC_DB13
Added Pin To Net: NetName=INPUTDETECTOR Pin=Header5-2
Added Pin To Net: NetName=INPUTDETECTOR Pin=Socket8-2
Added Net: Name=INPUTDETECTOR
Added Pin To Net: NetName=LDO_1_EN Pin=Header4-33
Added Pin To Net: NetName=LDO_1_EN Pin=LDO_1-6
Added Pin To Net: NetName=LDO_1_EN Pin=R103-2
Added Net: Name=LDO_1_EN
Added Pin To Net: NetName=LDO_2_EN Pin=Header4-34
Added Pin To Net: NetName=LDO_2_EN Pin=LDO_2-6
Added Pin To Net: NetName=LDO_2_EN Pin=R104-2
Added Net: Name=LDO_2_EN
Added Pin To Net: NetName=LDO_3_EN Pin=Header4-35
Added Pin To Net: NetName=LDO_3_EN Pin=LDO_3-6
Added Pin To Net: NetName=LDO_3_EN Pin=R105-2
Added Net: Name=LDO_3_EN
Added Pin To Net: NetName=LDO_4_EN Pin=Header4-36
Added Pin To Net: NetName=LDO_4_EN Pin=LDO_4-6
Added Pin To Net: NetName=LDO_4_EN Pin=R106-2
Added Net: Name=LDO_4_EN
Added Pin To Net: NetName=LDO_IN Pin=C107-2
Added Pin To Net: NetName=LDO_IN Pin=C108-2
Added Pin To Net: NetName=LDO_IN Pin=C109-2
Added Pin To Net: NetName=LDO_IN Pin=C110-2
Added Pin To Net: NetName=LDO_IN Pin=C111-1
Added Pin To Net: NetName=LDO_IN Pin=C112-2
Added Pin To Net: NetName=LDO_IN Pin=FB1-1
Added Pin To Net: NetName=LDO_IN Pin=LDO_1-7
Added Pin To Net: NetName=LDO_IN Pin=LDO_1-8
Added Pin To Net: NetName=LDO_IN Pin=LDO_2-7
Added Pin To Net: NetName=LDO_IN Pin=LDO_2-8
Added Pin To Net: NetName=LDO_IN Pin=LDO_3-7
Added Pin To Net: NetName=LDO_IN Pin=LDO_3-8
Added Pin To Net: NetName=LDO_IN Pin=LDO_4-7
Added Pin To Net: NetName=LDO_IN Pin=LDO_4-8
Added Net: Name=LDO_IN
Added Pin To Net: NetName=NetC103_1 Pin=C103-1
Added Pin To Net: NetName=NetC103_1 Pin=LDO_1-3
Added Pin To Net: NetName=NetC103_1 Pin=LED9-2
Added Pin To Net: NetName=NetC103_1 Pin=R89-1
Added Pin To Net: NetName=NetC103_1 Pin=Socket1-1
Added Pin To Net: NetName=NetC103_1 Pin=Socket2-7
Added Pin To Net: NetName=NetC103_1 Pin=Socket2-9
Added Pin To Net: NetName=NetC103_1 Pin=Socket2-11
Added Pin To Net: NetName=NetC103_1 Pin=Socket2-23
Added Pin To Net: NetName=NetC103_1 Pin=Socket2-25
Added Pin To Net: NetName=NetC103_1 Pin=Socket2-27
Added Pin To Net: NetName=NetC103_1 Pin=Socket3-1
Added Pin To Net: NetName=NetC103_1 Pin=Socket3-3
Added Pin To Net: NetName=NetC103_1 Pin=Socket4-1
Added Pin To Net: NetName=NetC103_1 Pin=Socket5-1
Added Pin To Net: NetName=NetC103_1 Pin=Socket6-4
Added Pin To Net: NetName=NetC103_1 Pin=Socket6-6
Added Pin To Net: NetName=NetC103_1 Pin=Socket6-8
Added Pin To Net: NetName=NetC103_1 Pin=Socket6-26
Added Pin To Net: NetName=NetC103_1 Pin=Socket6-28
Added Pin To Net: NetName=NetC103_1 Pin=Socket6-30
Added Pin To Net: NetName=NetC103_1 Pin=Socket7-1
Added Pin To Net: NetName=NetC103_1 Pin=Socket7-3
Added Pin To Net: NetName=NetC103_1 Pin=Socket8-1
Added Pin To Net: NetName=NetC103_1 Pin=Socket8-3
Added Net: Name=NetC103_1
Added Pin To Net: NetName=NetC104_1 Pin=C104-1
Added Pin To Net: NetName=NetC104_1 Pin=LED10-2
Added Pin To Net: NetName=NetC104_1 Pin=R90-1
Added Pin To Net: NetName=NetC104_1 Pin=Socket3-2
Added Pin To Net: NetName=NetC104_1 Pin=Socket3-4
Added Pin To Net: NetName=NetC104_1 Pin=Socket5-7
Added Pin To Net: NetName=NetC104_1 Pin=Socket5-9
Added Pin To Net: NetName=NetC104_1 Pin=Socket7-2
Added Pin To Net: NetName=NetC104_1 Pin=Socket7-4
Added Net: Name=NetC104_1
Added Pin To Net: NetName=NetC105_1 Pin=C105-1
Added Pin To Net: NetName=NetC105_1 Pin=LED11-2
Added Pin To Net: NetName=NetC105_1 Pin=R91-1
Added Pin To Net: NetName=NetC105_1 Pin=Socket1-7
Added Pin To Net: NetName=NetC105_1 Pin=Socket1-9
Added Net: Name=NetC105_1
Added Pin To Net: NetName=NetD_SUN_1_5 Pin=D_SUN_1-5
Added Pin To Net: NetName=NetD_SUN_1_5 Pin=D_SUN_1-6
Added Pin To Net: NetName=NetD_SUN_1_5 Pin=R107-1
Added Net: Name=NetD_SUN_1_5
Added Pin To Net: NetName=NetD_SUN_2_5 Pin=D_SUN_2-5
Added Pin To Net: NetName=NetD_SUN_2_5 Pin=D_SUN_2-6
Added Pin To Net: NetName=NetD_SUN_2_5 Pin=R108-1
Added Net: Name=NetD_SUN_2_5
Added Pin To Net: NetName=NetLDO_1_1 Pin=LDO_1-1
Added Pin To Net: NetName=NetLDO_1_1 Pin=LDO_1-2
Added Pin To Net: NetName=NetLDO_1_1 Pin=R89-2
Added Net: Name=NetLDO_1_1
Added Pin To Net: NetName=NetLDO_2_1 Pin=LDO_2-1
Added Pin To Net: NetName=NetLDO_2_1 Pin=LDO_2-2
Added Pin To Net: NetName=NetLDO_2_1 Pin=R90-2
Added Pin To Net: NetName=NetLDO_2_1 Pin=R97-2
Added Net: Name=NetLDO_2_1
Added Pin To Net: NetName=NetLDO_2_3 Pin=LDO_2-3
Added Pin To Net: NetName=NetLDO_2_3 Pin=R97-1
Added Pin To Net: NetName=NetLDO_2_3 Pin=R98-2
Added Net: Name=NetLDO_2_3
Added Pin To Net: NetName=NetLDO_3_1 Pin=LDO_3-1
Added Pin To Net: NetName=NetLDO_3_1 Pin=LDO_3-2
Added Pin To Net: NetName=NetLDO_3_1 Pin=R91-2
Added Pin To Net: NetName=NetLDO_3_1 Pin=R99-2
Added Net: Name=NetLDO_3_1
Added Pin To Net: NetName=NetLDO_3_3 Pin=LDO_3-3
Added Pin To Net: NetName=NetLDO_3_3 Pin=R99-1
Added Pin To Net: NetName=NetLDO_3_3 Pin=R100-2
Added Net: Name=NetLDO_3_3
Added Pin To Net: NetName=NetLDO_4_1 Pin=LDO_4-1
Added Pin To Net: NetName=NetLDO_4_1 Pin=LDO_4-2
Added Pin To Net: NetName=NetLDO_4_1 Pin=R92-2
Added Pin To Net: NetName=NetLDO_4_1 Pin=R101-2
Added Net: Name=NetLDO_4_1
Added Pin To Net: NetName=NetLDO_4_3 Pin=LDO_4-3
Added Pin To Net: NetName=NetLDO_4_3 Pin=R101-1
Added Pin To Net: NetName=NetLDO_4_3 Pin=R102-2
Added Net: Name=NetLDO_4_3
Added Pin To Net: NetName=NetLED1_2 Pin=LED1-2
Added Pin To Net: NetName=NetLED1_2 Pin=R80-2
Added Net: Name=NetLED1_2
Added Pin To Net: NetName=NetLED2_2 Pin=LED2-2
Added Pin To Net: NetName=NetLED2_2 Pin=R81-2
Added Net: Name=NetLED2_2
Added Pin To Net: NetName=NetLED3_2 Pin=LED3-2
Added Pin To Net: NetName=NetLED3_2 Pin=R82-2
Added Net: Name=NetLED3_2
Added Pin To Net: NetName=NetLED4_2 Pin=LED4-2
Added Pin To Net: NetName=NetLED4_2 Pin=R83-2
Added Net: Name=NetLED4_2
Added Pin To Net: NetName=NetLED5_2 Pin=LED5-2
Added Pin To Net: NetName=NetLED5_2 Pin=R84-2
Added Net: Name=NetLED5_2
Added Pin To Net: NetName=NetLED6_2 Pin=LED6-2
Added Pin To Net: NetName=NetLED6_2 Pin=R85-2
Added Net: Name=NetLED6_2
Added Pin To Net: NetName=NetLED7_2 Pin=LED7-2
Added Pin To Net: NetName=NetLED7_2 Pin=R86-2
Added Net: Name=NetLED7_2
Added Pin To Net: NetName=NetLED8_2 Pin=LED8-2
Added Pin To Net: NetName=NetLED8_2 Pin=R87-2
Added Net: Name=NetLED8_2
Added Pin To Net: NetName=NetLED9_1 Pin=LED9-1
Added Pin To Net: NetName=NetLED9_1 Pin=R93-1
Added Net: Name=NetLED9_1
Added Pin To Net: NetName=NetLED10_1 Pin=LED10-1
Added Pin To Net: NetName=NetLED10_1 Pin=R94-1
Added Net: Name=NetLED10_1
Added Pin To Net: NetName=NetLED11_1 Pin=LED11-1
Added Pin To Net: NetName=NetLED11_1 Pin=R95-1
Added Net: Name=NetLED11_1
Added Pin To Net: NetName=NetLED12_1 Pin=LED12-1
Added Pin To Net: NetName=NetLED12_1 Pin=R96-1
Added Net: Name=NetLED12_1
Added Pin To Net: NetName=NetPower Switch1_2 Pin=Power Switch1-2
Added Pin To Net: NetName=NetPower Switch1_2 Pin=R109-1
Added Net: Name=NetPower Switch1_2
Added Pin To Net: NetName=NetR79_2 Pin=R79-2
Added Pin To Net: NetName=NetR79_2 Pin=Socket3-9
Added Net: Name=NetR79_2
Added Pin To Net: NetName=NetR88_2 Pin=R88-2
Added Pin To Net: NetName=NetR88_2 Pin=Socket7-9
Added Net: Name=NetR88_2
Added Pin To Net: NetName=PAM_BIAS Pin=Header4-43
Added Pin To Net: NetName=PAM_BIAS Pin=Socket4-3
Added Net: Name=PAM_BIAS
Added Pin To Net: NetName=RWP_DETECTOR Pin=Header5-6
Added Pin To Net: NetName=RWP_DETECTOR Pin=Socket4-4
Added Net: Name=RWP_DETECTOR
Added Pin To Net: NetName=RX_ATT_LE Pin=Header7-46
Added Pin To Net: NetName=RX_ATT_LE Pin=Socket7-10
Added Net: Name=RX_ATT_LE
Added Pin To Net: NetName=RX_ATT_SCLK Pin=Header7-44
Added Pin To Net: NetName=RX_ATT_SCLK Pin=Socket7-6
Added Net: Name=RX_ATT_SCLK
Added Pin To Net: NetName=RX_ATT_SI Pin=Header7-45
Added Pin To Net: NetName=RX_ATT_SI Pin=Socket7-8
Added Net: Name=RX_ATT_SI
Added Pin To Net: NetName=RX_AUX_REF_CLK Pin=Header7-4
Added Pin To Net: NetName=RX_AUX_REF_CLK Pin=Socket5-2
Added Net: Name=RX_AUX_REF_CLK
Added Pin To Net: NetName=RX_SYTH_DATA Pin=Header7-7
Added Pin To Net: NetName=RX_SYTH_DATA Pin=Socket5-8
Added Net: Name=RX_SYTH_DATA
Added Pin To Net: NetName=RX_SYTH_LE Pin=Header7-8
Added Pin To Net: NetName=RX_SYTH_LE Pin=Socket5-10
Added Net: Name=RX_SYTH_LE
Added Pin To Net: NetName=RX_SYTH_MUX Pin=Header7-5
Added Pin To Net: NetName=RX_SYTH_MUX Pin=Socket5-4
Added Net: Name=RX_SYTH_MUX
Added Pin To Net: NetName=RX_SYTH_SCLK Pin=Header7-6
Added Pin To Net: NetName=RX_SYTH_SCLK Pin=Socket5-6
Added Net: Name=RX_SYTH_SCLK
Added Pin To Net: NetName=RXDETECTOR Pin=C102-1
Added Pin To Net: NetName=RXDETECTOR Pin=Header4-27
Added Pin To Net: NetName=RXDETECTOR Pin=R88-1
Added Net: Name=RXDETECTOR
Added Pin To Net: NetName=TP_1 Pin=Header4-42
Added Pin To Net: NetName=TP_1 Pin=Header6-2
Added Pin To Net: NetName=TP_1 Pin=R80-1
Added Pin To Net: NetName=TP_1 Pin=SMA_8-1
Added Net: Name=TP_1
Added Pin To Net: NetName=TP_2 Pin=Header4-41
Added Pin To Net: NetName=TP_2 Pin=Header6-6
Added Pin To Net: NetName=TP_2 Pin=R81-1
Added Net: Name=TP_2
Added Pin To Net: NetName=TP_3 Pin=Header4-40
Added Pin To Net: NetName=TP_3 Pin=Header6-10
Added Pin To Net: NetName=TP_3 Pin=R82-1
Added Net: Name=TP_3
Added Pin To Net: NetName=TP_4 Pin=Header4-39
Added Pin To Net: NetName=TP_4 Pin=Header6-14
Added Pin To Net: NetName=TP_4 Pin=R83-1
Added Net: Name=TP_4
Added Pin To Net: NetName=TP_5 Pin=Header6-18
Added Pin To Net: NetName=TP_5 Pin=Header7-15
Added Pin To Net: NetName=TP_5 Pin=R84-1
Added Net: Name=TP_5
Added Pin To Net: NetName=TP_6 Pin=Header6-22
Added Pin To Net: NetName=TP_6 Pin=Header7-16
Added Pin To Net: NetName=TP_6 Pin=R85-1
Added Net: Name=TP_6
Added Pin To Net: NetName=TP_7 Pin=Header6-26
Added Pin To Net: NetName=TP_7 Pin=Header7-17
Added Pin To Net: NetName=TP_7 Pin=R86-1
Added Net: Name=TP_7
Added Pin To Net: NetName=TP_8 Pin=Header6-30
Added Pin To Net: NetName=TP_8 Pin=Header7-18
Added Pin To Net: NetName=TP_8 Pin=R87-1
Added Net: Name=TP_8
Added Pin To Net: NetName=TX_ATT_LE Pin=Header4-46
Added Pin To Net: NetName=TX_ATT_LE Pin=Socket3-10
Added Net: Name=TX_ATT_LE
Added Pin To Net: NetName=TX_ATT_SCLK Pin=Header4-44
Added Pin To Net: NetName=TX_ATT_SCLK Pin=Socket3-6
Added Net: Name=TX_ATT_SCLK
Added Pin To Net: NetName=TX_ATT_SI Pin=Header4-45
Added Pin To Net: NetName=TX_ATT_SI Pin=Socket3-8
Added Net: Name=TX_ATT_SI
Added Pin To Net: NetName=TX_AUX_REF_CLK Pin=Header4-29
Added Pin To Net: NetName=TX_AUX_REF_CLK Pin=Socket1-2
Added Net: Name=TX_AUX_REF_CLK
Added Pin To Net: NetName=TX_SYTH_DATA Pin=Header4-2
Added Pin To Net: NetName=TX_SYTH_DATA Pin=Socket1-8
Added Net: Name=TX_SYTH_DATA
Added Pin To Net: NetName=TX_SYTH_LE Pin=Header4-4
Added Pin To Net: NetName=TX_SYTH_LE Pin=Socket1-10
Added Net: Name=TX_SYTH_LE
Added Pin To Net: NetName=TX_SYTH_MUX Pin=Header4-28
Added Pin To Net: NetName=TX_SYTH_MUX Pin=Socket1-4
Added Net: Name=TX_SYTH_MUX
Added Pin To Net: NetName=TX_SYTH_SCLK Pin=Header4-26
Added Pin To Net: NetName=TX_SYTH_SCLK Pin=Socket1-6
Added Net: Name=TX_SYTH_SCLK
Added Pin To Net: NetName=TXDETECTOR Pin=C101-1
Added Pin To Net: NetName=TXDETECTOR Pin=Header4-31
Added Pin To Net: NetName=TXDETECTOR Pin=R79-1
Added Net: Name=TXDETECTOR
Added Member To Class: ClassName=MotherBoard_Interconnect Member=Component C101 Cap1
Added Member To Class: ClassName=MotherBoard_Interconnect Member=Component C102 Cap1
Added Member To Class: ClassName=MotherBoard_PowerSupply Member=Component C103 Cap2
Added Member To Class: ClassName=MotherBoard_PowerSupply Member=Component C104 Cap2
Added Member To Class: ClassName=MotherBoard_PowerSupply Member=Component C105 Cap2
Added Member To Class: ClassName=MotherBoard_PowerSupply Member=Component C106 Cap2
Added Member To Class: ClassName=MotherBoard_PowerSupply Member=Component C107 Cap1
Added Member To Class: ClassName=MotherBoard_PowerSupply Member=Component C108 Cap1
Added Member To Class: ClassName=MotherBoard_PowerSupply Member=Component C109 Cap1
Added Member To Class: ClassName=MotherBoard_PowerSupply Member=Component C110 Cap1
Added Member To Class: ClassName=MotherBoard_PowerSupply Member=Component C111 Cap2
Added Member To Class: ClassName=MotherBoard_PowerSupply Member=Component C112 Cap1
Added Member To Class: ClassName=MotherBoard_PowerSupply Member=Component C113 Cap1
Added Member To Class: ClassName=MotherBoard_PowerSupply Member=Component C114 Cap1
Added Member To Class: ClassName=MotherBoard_PowerSupply Member=Component C115 Cap1
Added Member To Class: ClassName=MotherBoard_PowerSupply Member=Component C116 Cap2
Added Member To Class: ClassName=MotherBoard_PowerSupply Member=Component C117 Cap2
Added Member To Class: ClassName=MotherBoard_PowerSupply Member=Component C118 Cap1
Added Member To Class: ClassName=MotherBoard_PowerSupply Member=Component C119 Cap1
Added Member To Class: ClassName=MotherBoard_PowerSupply Member=Component C120 Cap1
Added Member To Class: ClassName=MotherBoard_PowerSupply Member=Component C121 Cap2
Added Member To Class: ClassName=MotherBoard_PowerSupply Member=Component Conn_1 FPGA 8V
Added Member To Class: ClassName=MotherBoard_PowerSupply Member=Component Conn_2 PowerIn_19V
Added Member To Class: ClassName=MotherBoard_PowerSupply Member=Component D_SUN_1 D_SUN
Added Member To Class: ClassName=MotherBoard_PowerSupply Member=Component D_SUN_2 D_SUN
Added Member To Class: ClassName=MotherBoard_PowerSupply Member=Component FB1 Ferrit Bead
Added Member To Class: ClassName=MotherBoard_PowerSupply Member=Component FB2 Ferrit Bead
Added Member To Class: ClassName=MotherBoard_Interconnect Member=Component Header4 Header2
Added Member To Class: ClassName=MotherBoard_Interconnect Member=Component Header5 Header4
Added Member To Class: ClassName=MotherBoard_Interconnect Member=Component Header6 Header1
Added Member To Class: ClassName=MotherBoard_Interconnect Member=Component Header7 Header2
Added Member To Class: ClassName=MotherBoard_PowerSupply Member=Component LDO_1 LTI1965
Added Member To Class: ClassName=MotherBoard_PowerSupply Member=Component LDO_2 LTI1965
Added Member To Class: ClassName=MotherBoard_PowerSupply Member=Component LDO_3 LTI1965
Added Member To Class: ClassName=MotherBoard_PowerSupply Member=Component LDO_4 LTI1965
Added Member To Class: ClassName=MotherBoard_Interconnect Member=Component LED1 LED_Green
Added Member To Class: ClassName=MotherBoard_Interconnect Member=Component LED2 LED_Green
Added Member To Class: ClassName=MotherBoard_Interconnect Member=Component LED3 LED_Green
Added Member To Class: ClassName=MotherBoard_Interconnect Member=Component LED4 LED_Green
Added Member To Class: ClassName=MotherBoard_Interconnect Member=Component LED5 LED_Green
Added Member To Class: ClassName=MotherBoard_Interconnect Member=Component LED6 LED_Green
Added Member To Class: ClassName=MotherBoard_Interconnect Member=Component LED7 LED_Green
Added Member To Class: ClassName=MotherBoard_Interconnect Member=Component LED8 LED_Green
Added Member To Class: ClassName=MotherBoard_PowerSupply Member=Component LED9 LED_Green
Added Member To Class: ClassName=MotherBoard_PowerSupply Member=Component LED10 LED_Green
Added Member To Class: ClassName=MotherBoard_PowerSupply Member=Component LED11 LED_Green
Added Member To Class: ClassName=MotherBoard_PowerSupply Member=Component LED12 LED_Green
Added Member To Class: ClassName=MotherBoard_PowerSupply Member=Component Power Switch1 Switch
Added Member To Class: ClassName=MotherBoard_Interconnect Member=Component R79 Resistor
Added Member To Class: ClassName=MotherBoard_Interconnect Member=Component R80 Resistor
Added Member To Class: ClassName=MotherBoard_Interconnect Member=Component R81 Resistor
Added Member To Class: ClassName=MotherBoard_Interconnect Member=Component R82 Resistor
Added Member To Class: ClassName=MotherBoard_Interconnect Member=Component R83 Resistor
Added Member To Class: ClassName=MotherBoard_Interconnect Member=Component R84 Resistor
Added Member To Class: ClassName=MotherBoard_Interconnect Member=Component R85 Resistor
Added Member To Class: ClassName=MotherBoard_Interconnect Member=Component R86 Resistor
Added Member To Class: ClassName=MotherBoard_Interconnect Member=Component R87 Resistor
Added Member To Class: ClassName=MotherBoard_Interconnect Member=Component R88 Resistor
Added Member To Class: ClassName=MotherBoard_PowerSupply Member=Component R89 Resistor
Added Member To Class: ClassName=MotherBoard_PowerSupply Member=Component R90 Resistor
Added Member To Class: ClassName=MotherBoard_PowerSupply Member=Component R91 Resistor
Added Member To Class: ClassName=MotherBoard_PowerSupply Member=Component R92 Resistor
Added Member To Class: ClassName=MotherBoard_PowerSupply Member=Component R93 Resistor
Added Member To Class: ClassName=MotherBoard_PowerSupply Member=Component R94 Resistor
Added Member To Class: ClassName=MotherBoard_PowerSupply Member=Component R95 Resistor
Added Member To Class: ClassName=MotherBoard_PowerSupply Member=Component R96 Resistor
Added Member To Class: ClassName=MotherBoard_PowerSupply Member=Component R97 Resistor
Added Member To Class: ClassName=MotherBoard_PowerSupply Member=Component R98 Resistor
Added Member To Class: ClassName=MotherBoard_PowerSupply Member=Component R99 Resistor
Added Member To Class: ClassName=MotherBoard_PowerSupply Member=Component R100 Resistor
Added Member To Class: ClassName=MotherBoard_PowerSupply Member=Component R101 Resistor
Added Member To Class: ClassName=MotherBoard_PowerSupply Member=Component R102 Resistor
Added Member To Class: ClassName=MotherBoard_PowerSupply Member=Component R103 Resistor
Added Member To Class: ClassName=MotherBoard_PowerSupply Member=Component R104 Resistor
Added Member To Class: ClassName=MotherBoard_PowerSupply Member=Component R105 Resistor
Added Member To Class: ClassName=MotherBoard_PowerSupply Member=Component R106 Resistor
Added Member To Class: ClassName=MotherBoard_PowerSupply Member=Component R107 Resistor
Added Member To Class: ClassName=MotherBoard_PowerSupply Member=Component R108 Resistor
Added Member To Class: ClassName=MotherBoard_PowerSupply Member=Component R109 Resistor
Added Member To Class: ClassName=MotherBoard_Interconnect Member=Component SMA_8 SMA_2
Added Member To Class: ClassName=MotherBoard_Interconnect Member=Component Socket1 Socket3
Added Member To Class: ClassName=MotherBoard_Interconnect Member=Component Socket2 Socket1
Added Member To Class: ClassName=MotherBoard_Interconnect Member=Component Socket3
Added Member To Class: ClassName=MotherBoard_Interconnect Member=Component Socket4 Socket3
Added Member To Class: ClassName=MotherBoard_Interconnect Member=Component Socket5 Socket3
Added Member To Class: ClassName=MotherBoard_Interconnect Member=Component Socket6 Socket1
Added Member To Class: ClassName=MotherBoard_Interconnect Member=Component Socket7 Socket3
Added Member To Class: ClassName=MotherBoard_Interconnect Member=Component Socket8 Socket3
Added Member To Class: ClassName=ADC_DataBus Member=Wire H_ADC_CLK
Added Member To Class: ClassName=ADC_DataBus Member=Wire H_ADC_D0
Added Member To Class: ClassName=ADC_DataBus Member=Wire H_ADC_D1
Added Member To Class: ClassName=ADC_DataBus Member=Wire H_ADC_D2
Added Member To Class: ClassName=ADC_DataBus Member=Wire H_ADC_D3
Added Member To Class: ClassName=ADC_DataBus Member=Wire H_ADC_D4
Added Member To Class: ClassName=ADC_DataBus Member=Wire H_ADC_D5
Added Member To Class: ClassName=ADC_DataBus Member=Wire H_ADC_D6
Added Member To Class: ClassName=ADC_DataBus Member=Wire H_ADC_D7
Added Member To Class: ClassName=ADC_DataBus Member=Wire H_ADC_D8
Added Member To Class: ClassName=ADC_DataBus Member=Wire H_ADC_D9
Added Member To Class: ClassName=ADC_DataBus Member=Wire H_ADC_D10
Added Member To Class: ClassName=DAC_DataBus Member=Wire H_DAC_CLOCK
Added Member To Class: ClassName=DAC_DataBus Member=Wire H_DAC_DB0
Added Member To Class: ClassName=DAC_DataBus Member=Wire H_DAC_DB1
Added Member To Class: ClassName=DAC_DataBus Member=Wire H_DAC_DB2
Added Member To Class: ClassName=DAC_DataBus Member=Wire H_DAC_DB3
Added Member To Class: ClassName=DAC_DataBus Member=Wire H_DAC_DB4
Added Member To Class: ClassName=DAC_DataBus Member=Wire H_DAC_DB5
Added Member To Class: ClassName=DAC_DataBus Member=Wire H_DAC_DB6
Added Member To Class: ClassName=DAC_DataBus Member=Wire H_DAC_DB7
Added Member To Class: ClassName=DAC_DataBus Member=Wire H_DAC_DB8
Added Member To Class: ClassName=DAC_DataBus Member=Wire H_DAC_DB9
Added Member To Class: ClassName=DAC_DataBus Member=Wire H_DAC_DB10
Added Member To Class: ClassName=DAC_DataBus Member=Wire H_DAC_DB11
Added Member To Class: ClassName=DAC_DataBus Member=Wire H_DAC_DB12
Added Member To Class: ClassName=DAC_DataBus Member=Wire H_DAC_DB13
Added Room: Name=MotherBoard_Interconnect
Added Room: Name=MotherBoard_PowerSupply
