Added Component: Designator=BNC?(BNC)
Added Component: Designator=C101(0805 SMD Passive)
Added Component: Designator=C102(0805 SMD Passive)
Added Component: Designator=C103(ELKO_CAP)
Added Component: Designator=C104(ELKO_CAP)
Added Component: Designator=C105(ELKO_CAP)
Added Component: Designator=C106(ELKO_CAP)
Added Component: Designator=C107(0805 SMD Passive)
Added Component: Designator=C108(0805 SMD Passive)
Added Component: Designator=C109(0805 SMD Passive)
Added Component: Designator=C110(0805 SMD Passive)
Added Component: Designator=C111(0805 SMD Passive)
Added Component: Designator=C112(0805 SMD Passive)
Added Component: Designator=C113(0805 SMD Passive)
Added Component: Designator=C114(0805 SMD Passive)
Added Component: Designator=C115(0805 SMD Passive)
Added Component: Designator=C116(0805 SMD Passive)
Added Component: Designator=C117(0805 SMD Passive)
Added Component: Designator=C118(ELKO_CAP)
Added Component: Designator=C119(0805 SMD Passive)
Added Component: Designator=C120(0805 SMD Passive)
Added Component: Designator=C121(0805 SMD Passive)
Added Component: Designator=C122(0805 SMD Passive)
Added Component: Designator=C123(0805 SMD Passive)
Added Component: Designator=C124(0805 SMD Passive)
Added Component: Designator=C204(ELKO_CAP)
Added Component: Designator=FB1(FerritBead)
Added Component: Designator=FB2(FerritBead)
Added Component: Designator=Header4(Header2)
Added Component: Designator=Header5(Header1)
Added Component: Designator=Header6(Header2)
Added Component: Designator=L23(THD_INDUCTOR)
Added Component: Designator=LDO_1(LT1965)
Added Component: Designator=LDO_2(LT1965)
Added Component: Designator=LDO_3(LT1965)
Added Component: Designator=LDO_4(LT1965)
Added Component: Designator=LED1(0805 SMD Passive)
Added Component: Designator=LED2(0805 SMD Passive)
Added Component: Designator=LED3(0805 SMD Passive)
Added Component: Designator=LED4(0805 SMD Passive)
Added Component: Designator=LED5(0805 SMD Passive)
Added Component: Designator=LED6(0805 SMD Passive)
Added Component: Designator=LED7(0805 SMD Passive)
Added Component: Designator=LED8(0805 SMD Passive)
Added Component: Designator=LED9(0805 SMD Passive)
Added Component: Designator=LED10(0805 SMD Passive)
Added Component: Designator=LED11(0805 SMD Passive)
Added Component: Designator=LED12(0805 SMD Passive)
Added Component: Designator=Power Switch(Switch)
Added Component: Designator=R79(0805 SMD Passive)
Added Component: Designator=R80(0805 SMD Passive)
Added Component: Designator=R81(0805 SMD Passive)
Added Component: Designator=R82(0805 SMD Passive)
Added Component: Designator=R83(0805 SMD Passive)
Added Component: Designator=R84(0805 SMD Passive)
Added Component: Designator=R85(0805 SMD Passive)
Added Component: Designator=R86(0805 SMD Passive)
Added Component: Designator=R87(0805 SMD Passive)
Added Component: Designator=R88(0805 SMD Passive)
Added Component: Designator=R89(0805 SMD Passive)
Added Component: Designator=R90(0805 SMD Passive)
Added Component: Designator=R91(0805 SMD Passive)
Added Component: Designator=R92(0805 SMD Passive)
Added Component: Designator=R93(0805 SMD Passive)
Added Component: Designator=R94(0805 SMD Passive)
Added Component: Designator=R95(0805 SMD Passive)
Added Component: Designator=R96(0805 SMD Passive)
Added Component: Designator=R97(0805 SMD Passive)
Added Component: Designator=R98(0805 SMD Passive)
Added Component: Designator=R99(0805 SMD Passive)
Added Component: Designator=R100(0805 SMD Passive)
Added Component: Designator=R101(0805 SMD Passive)
Added Component: Designator=R102(0805 SMD Passive)
Added Component: Designator=R103(0805 SMD Passive)
Added Component: Designator=R104(0805 SMD Passive)
Added Component: Designator=R105(0805 SMD Passive)
Added Component: Designator=R106(0805 SMD Passive)
Added Component: Designator=R107(0805 SMD Passive)
Added Component: Designator=R108(0805 SMD Passive)
Added Component: Designator=R109(0805 SMD Passive)
Added Component: Designator=Socket1(Socket1)
Added Component: Designator=Socket2(Socket1)
Added Component: Designator=Socket3(Socket1)
Added Component: Designator=Socket4(Socket1)
Added Component: Designator=Socket5(Socket1)
Added Component: Designator=Socket6(Socket1)
Added Component: Designator=Socket7(Socket1)
Added Component: Designator=Socket8(Socket1)
Added Component: Designator=SWPS_1(LT8646S)
Added Pin To Net: NetName=12V_IN Pin=C115-1
Added Pin To Net: NetName=12V_IN Pin=C121-1
Added Pin To Net: NetName=12V_IN Pin=C122-2
Added Pin To Net: NetName=12V_IN Pin=C123-2
Added Pin To Net: NetName=12V_IN Pin=FB1-1
Added Pin To Net: NetName=12V_IN Pin=SWPS_1-4
Added Pin To Net: NetName=12V_IN Pin=SWPS_1-5
Added Pin To Net: NetName=12V_IN Pin=SWPS_1-6
Added Pin To Net: NetName=12V_IN Pin=SWPS_1-21
Added Pin To Net: NetName=12V_IN Pin=SWPS_1-22
Added Pin To Net: NetName=12V_IN Pin=SWPS_1-23
Added Pin To Net: NetName=12V_IN Pin=SWPS_1-25
Added Net: Name=12V_IN
Added Pin To Net: NetName=ADC_POWERDOWN Pin=Header6-2
Added Pin To Net: NetName=ADC_POWERDOWN Pin=Socket7-5
Added Net: Name=ADC_POWERDOWN
Added Pin To Net: NetName=DAC_MODE Pin=Header4-6
Added Pin To Net: NetName=DAC_MODE Pin=Socket2-5
Added Net: Name=DAC_MODE
Added Pin To Net: NetName=DAC_SLEEP Pin=Header4-5
Added Pin To Net: NetName=DAC_SLEEP Pin=Socket2-3
Added Net: Name=DAC_SLEEP
Added Pin To Net: NetName=DC_IN Pin=Power Switch-3
Added Net: Name=DC_IN
Added Pin To Net: NetName=FB Pin=C117-1
Added Pin To Net: NetName=FB Pin=R105-1
Added Pin To Net: NetName=FB Pin=R106-1
Added Pin To Net: NetName=FB Pin=SWPS_1-32
Added Net: Name=FB
Added Pin To Net: NetName=GND Pin=BNC?-2
Added Pin To Net: NetName=GND Pin=BNC?-2
Added Pin To Net: NetName=GND Pin=BNC?-2
Added Pin To Net: NetName=GND Pin=BNC?-2
Added Pin To Net: NetName=GND Pin=C103-2
Added Pin To Net: NetName=GND Pin=C104-2
Added Pin To Net: NetName=GND Pin=C105-2
Added Pin To Net: NetName=GND Pin=C106-2
Added Pin To Net: NetName=GND Pin=C107-1
Added Pin To Net: NetName=GND Pin=C108-1
Added Pin To Net: NetName=GND Pin=C109-1
Added Pin To Net: NetName=GND Pin=C110-1
Added Pin To Net: NetName=GND Pin=C114-2
Added Pin To Net: NetName=GND Pin=C115-2
Added Pin To Net: NetName=GND Pin=C116-2
Added Pin To Net: NetName=GND Pin=C118-2
Added Pin To Net: NetName=GND Pin=C119-1
Added Pin To Net: NetName=GND Pin=C120-1
Added Pin To Net: NetName=GND Pin=C121-2
Added Pin To Net: NetName=GND Pin=C122-1
Added Pin To Net: NetName=GND Pin=C123-1
Added Pin To Net: NetName=GND Pin=C124-1
Added Pin To Net: NetName=GND Pin=C204-2
Added Pin To Net: NetName=GND Pin=Header4-1
Added Pin To Net: NetName=GND Pin=Header4-3
Added Pin To Net: NetName=GND Pin=Header4-7
Added Pin To Net: NetName=GND Pin=Header4-13
Added Pin To Net: NetName=GND Pin=Header4-23
Added Pin To Net: NetName=GND Pin=Header4-37
Added Pin To Net: NetName=GND Pin=Header4-47
Added Pin To Net: NetName=GND Pin=Header5-1
Added Pin To Net: NetName=GND Pin=Header5-3
Added Pin To Net: NetName=GND Pin=Header5-5
Added Pin To Net: NetName=GND Pin=Header5-7
Added Pin To Net: NetName=GND Pin=Header5-9
Added Pin To Net: NetName=GND Pin=Header5-11
Added Pin To Net: NetName=GND Pin=Header5-13
Added Pin To Net: NetName=GND Pin=Header5-15
Added Pin To Net: NetName=GND Pin=Header5-17
Added Pin To Net: NetName=GND Pin=Header5-19
Added Pin To Net: NetName=GND Pin=Header5-21
Added Pin To Net: NetName=GND Pin=Header5-23
Added Pin To Net: NetName=GND Pin=Header5-25
Added Pin To Net: NetName=GND Pin=Header5-27
Added Pin To Net: NetName=GND Pin=Header5-29
Added Pin To Net: NetName=GND Pin=Header6-12
Added Pin To Net: NetName=GND Pin=Header6-13
Added Pin To Net: NetName=GND Pin=Header6-24
Added Pin To Net: NetName=GND Pin=Header6-25
Added Pin To Net: NetName=GND Pin=Header6-36
Added Pin To Net: NetName=GND Pin=Header6-37
Added Pin To Net: NetName=GND Pin=Header6-48
Added Pin To Net: NetName=GND Pin=LDO_1-4
Added Pin To Net: NetName=GND Pin=LDO_1-5
Added Pin To Net: NetName=GND Pin=LDO_1-9
Added Pin To Net: NetName=GND Pin=LDO_2-4
Added Pin To Net: NetName=GND Pin=LDO_2-5
Added Pin To Net: NetName=GND Pin=LDO_2-9
Added Pin To Net: NetName=GND Pin=LDO_3-4
Added Pin To Net: NetName=GND Pin=LDO_3-5
Added Pin To Net: NetName=GND Pin=LDO_3-9
Added Pin To Net: NetName=GND Pin=LDO_4-4
Added Pin To Net: NetName=GND Pin=LDO_4-5
Added Pin To Net: NetName=GND Pin=LDO_4-9
Added Pin To Net: NetName=GND Pin=LED1-1
Added Pin To Net: NetName=GND Pin=LED2-1
Added Pin To Net: NetName=GND Pin=LED3-1
Added Pin To Net: NetName=GND Pin=LED4-1
Added Pin To Net: NetName=GND Pin=LED5-1
Added Pin To Net: NetName=GND Pin=LED6-1
Added Pin To Net: NetName=GND Pin=LED7-1
Added Pin To Net: NetName=GND Pin=LED8-1
Added Pin To Net: NetName=GND Pin=R93-2
Added Pin To Net: NetName=GND Pin=R94-2
Added Pin To Net: NetName=GND Pin=R95-2
Added Pin To Net: NetName=GND Pin=R96-2
Added Pin To Net: NetName=GND Pin=R98-1
Added Pin To Net: NetName=GND Pin=R100-1
Added Pin To Net: NetName=GND Pin=R102-1
Added Pin To Net: NetName=GND Pin=R104-1
Added Pin To Net: NetName=GND Pin=R106-2
Added Pin To Net: NetName=GND Pin=R109-2
Added Pin To Net: NetName=GND Pin=Socket1-11
Added Pin To Net: NetName=GND Pin=Socket1-13
Added Pin To Net: NetName=GND Pin=Socket1-15
Added Pin To Net: NetName=GND Pin=Socket1-17
Added Pin To Net: NetName=GND Pin=Socket1-19
Added Pin To Net: NetName=GND Pin=Socket2-13
Added Pin To Net: NetName=GND Pin=Socket2-15
Added Pin To Net: NetName=GND Pin=Socket2-17
Added Pin To Net: NetName=GND Pin=Socket2-19
Added Pin To Net: NetName=GND Pin=Socket2-21
Added Pin To Net: NetName=GND Pin=Socket3-11
Added Pin To Net: NetName=GND Pin=Socket3-13
Added Pin To Net: NetName=GND Pin=Socket3-15
Added Pin To Net: NetName=GND Pin=Socket3-17
Added Pin To Net: NetName=GND Pin=Socket3-19
Added Pin To Net: NetName=GND Pin=Socket4-9
Added Pin To Net: NetName=GND Pin=Socket4-10
Added Pin To Net: NetName=GND Pin=Socket4-11
Added Pin To Net: NetName=GND Pin=Socket4-12
Added Pin To Net: NetName=GND Pin=Socket4-13
Added Pin To Net: NetName=GND Pin=Socket4-14
Added Pin To Net: NetName=GND Pin=Socket4-15
Added Pin To Net: NetName=GND Pin=Socket4-16
Added Pin To Net: NetName=GND Pin=Socket4-17
Added Pin To Net: NetName=GND Pin=Socket4-18
Added Pin To Net: NetName=GND Pin=Socket5-9
Added Pin To Net: NetName=GND Pin=Socket5-10
Added Pin To Net: NetName=GND Pin=Socket5-11
Added Pin To Net: NetName=GND Pin=Socket5-12
Added Pin To Net: NetName=GND Pin=Socket5-13
Added Pin To Net: NetName=GND Pin=Socket5-14
Added Pin To Net: NetName=GND Pin=Socket5-15
Added Pin To Net: NetName=GND Pin=Socket5-16
Added Pin To Net: NetName=GND Pin=Socket5-17
Added Pin To Net: NetName=GND Pin=Socket5-18
Added Pin To Net: NetName=GND Pin=Socket6-11
Added Pin To Net: NetName=GND Pin=Socket6-13
Added Pin To Net: NetName=GND Pin=Socket6-15
Added Pin To Net: NetName=GND Pin=Socket6-17
Added Pin To Net: NetName=GND Pin=Socket6-19
Added Pin To Net: NetName=GND Pin=Socket7-12
Added Pin To Net: NetName=GND Pin=Socket7-14
Added Pin To Net: NetName=GND Pin=Socket7-16
Added Pin To Net: NetName=GND Pin=Socket7-18
Added Pin To Net: NetName=GND Pin=Socket7-20
Added Pin To Net: NetName=GND Pin=Socket7-22
Added Pin To Net: NetName=GND Pin=Socket8-11
Added Pin To Net: NetName=GND Pin=Socket8-13
Added Pin To Net: NetName=GND Pin=Socket8-15
Added Pin To Net: NetName=GND Pin=Socket8-17
Added Pin To Net: NetName=GND Pin=Socket8-19
Added Pin To Net: NetName=GND Pin=SWPS_1-8
Added Pin To Net: NetName=GND Pin=SWPS_1-9
Added Pin To Net: NetName=GND Pin=SWPS_1-10
Added Pin To Net: NetName=GND Pin=SWPS_1-17
Added Pin To Net: NetName=GND Pin=SWPS_1-18
Added Pin To Net: NetName=GND Pin=SWPS_1-19
Added Pin To Net: NetName=GND Pin=SWPS_1-33
Added Net: Name=GND
Added Pin To Net: NetName=H_ADC_CLK Pin=Header6-39
Added Pin To Net: NetName=H_ADC_CLK Pin=Socket7-29
Added Net: Name=H_ADC_CLK
Added Pin To Net: NetName=H_ADC_D0 Pin=Header6-38
Added Pin To Net: NetName=H_ADC_D0 Pin=Socket7-27
Added Net: Name=H_ADC_D0
Added Pin To Net: NetName=H_ADC_D1 Pin=Header6-35
Added Pin To Net: NetName=H_ADC_D1 Pin=Socket7-25
Added Net: Name=H_ADC_D1
Added Pin To Net: NetName=H_ADC_D2 Pin=Header6-34
Added Pin To Net: NetName=H_ADC_D2 Pin=Socket7-23
Added Net: Name=H_ADC_D2
Added Pin To Net: NetName=H_ADC_D3 Pin=Header6-33
Added Pin To Net: NetName=H_ADC_D3 Pin=Socket7-21
Added Net: Name=H_ADC_D3
Added Pin To Net: NetName=H_ADC_D4 Pin=Header6-32
Added Pin To Net: NetName=H_ADC_D4 Pin=Socket7-19
Added Net: Name=H_ADC_D4
Added Pin To Net: NetName=H_ADC_D5 Pin=Header6-31
Added Pin To Net: NetName=H_ADC_D5 Pin=Socket7-17
Added Net: Name=H_ADC_D5
Added Pin To Net: NetName=H_ADC_D6 Pin=Header6-30
Added Pin To Net: NetName=H_ADC_D6 Pin=Socket7-15
Added Net: Name=H_ADC_D6
Added Pin To Net: NetName=H_ADC_D7 Pin=Header6-29
Added Pin To Net: NetName=H_ADC_D7 Pin=Socket7-13
Added Net: Name=H_ADC_D7
Added Pin To Net: NetName=H_ADC_D8 Pin=Header6-28
Added Pin To Net: NetName=H_ADC_D8 Pin=Socket7-11
Added Net: Name=H_ADC_D8
Added Pin To Net: NetName=H_ADC_D9 Pin=Header6-27
Added Pin To Net: NetName=H_ADC_D9 Pin=Socket7-9
Added Net: Name=H_ADC_D9
Added Pin To Net: NetName=H_ADC_D10 Pin=Header6-26
Added Pin To Net: NetName=H_ADC_D10 Pin=Socket7-7
Added Net: Name=H_ADC_D10
Added Pin To Net: NetName=H_ADC_OR Pin=Header6-3
Added Pin To Net: NetName=H_ADC_OR Pin=Socket7-3
Added Net: Name=H_ADC_OR
Added Pin To Net: NetName=H_DAC_CLOCK Pin=Header4-32
Added Pin To Net: NetName=H_DAC_CLOCK Pin=Socket2-2
Added Net: Name=H_DAC_CLOCK
Added Pin To Net: NetName=H_DAC_DB0 Pin=Header4-22
Added Pin To Net: NetName=H_DAC_DB0 Pin=Socket2-30
Added Net: Name=H_DAC_DB0
Added Pin To Net: NetName=H_DAC_DB1 Pin=Header4-21
Added Pin To Net: NetName=H_DAC_DB1 Pin=Socket2-28
Added Net: Name=H_DAC_DB1
Added Pin To Net: NetName=H_DAC_DB2 Pin=Header4-20
Added Pin To Net: NetName=H_DAC_DB2 Pin=Socket2-26
Added Net: Name=H_DAC_DB2
Added Pin To Net: NetName=H_DAC_DB3 Pin=Header4-19
Added Pin To Net: NetName=H_DAC_DB3 Pin=Socket2-24
Added Net: Name=H_DAC_DB3
Added Pin To Net: NetName=H_DAC_DB4 Pin=Header4-18
Added Pin To Net: NetName=H_DAC_DB4 Pin=Socket2-22
Added Net: Name=H_DAC_DB4
Added Pin To Net: NetName=H_DAC_DB5 Pin=Header4-17
Added Pin To Net: NetName=H_DAC_DB5 Pin=Socket2-20
Added Net: Name=H_DAC_DB5
Added Pin To Net: NetName=H_DAC_DB6 Pin=Header4-16
Added Pin To Net: NetName=H_DAC_DB6 Pin=Socket2-18
Added Net: Name=H_DAC_DB6
Added Pin To Net: NetName=H_DAC_DB7 Pin=Header4-15
Added Pin To Net: NetName=H_DAC_DB7 Pin=Socket2-16
Added Net: Name=H_DAC_DB7
Added Pin To Net: NetName=H_DAC_DB8 Pin=Header4-14
Added Pin To Net: NetName=H_DAC_DB8 Pin=Socket2-14
Added Net: Name=H_DAC_DB8
Added Pin To Net: NetName=H_DAC_DB9 Pin=Header4-12
Added Pin To Net: NetName=H_DAC_DB9 Pin=Socket2-12
Added Net: Name=H_DAC_DB9
Added Pin To Net: NetName=H_DAC_DB10 Pin=Header4-11
Added Pin To Net: NetName=H_DAC_DB10 Pin=Socket2-10
Added Net: Name=H_DAC_DB10
Added Pin To Net: NetName=H_DAC_DB11 Pin=Header4-10
Added Pin To Net: NetName=H_DAC_DB11 Pin=Socket2-8
Added Net: Name=H_DAC_DB11
Added Pin To Net: NetName=H_DAC_DB12 Pin=Header4-9
Added Pin To Net: NetName=H_DAC_DB12 Pin=Socket2-6
Added Net: Name=H_DAC_DB12
Added Pin To Net: NetName=H_DAC_DB13 Pin=Header4-8
Added Pin To Net: NetName=H_DAC_DB13 Pin=Socket2-4
Added Net: Name=H_DAC_DB13
Added Pin To Net: NetName=LDO_IN Pin=C107-2
Added Pin To Net: NetName=LDO_IN Pin=C108-2
Added Pin To Net: NetName=LDO_IN Pin=C109-2
Added Pin To Net: NetName=LDO_IN Pin=C110-2
Added Pin To Net: NetName=LDO_IN Pin=C111-2
Added Pin To Net: NetName=LDO_IN Pin=C112-2
Added Pin To Net: NetName=LDO_IN Pin=FB2-1
Added Pin To Net: NetName=LDO_IN Pin=LDO_1-6
Added Pin To Net: NetName=LDO_IN Pin=LDO_1-7
Added Pin To Net: NetName=LDO_IN Pin=LDO_1-8
Added Pin To Net: NetName=LDO_IN Pin=LDO_2-6
Added Pin To Net: NetName=LDO_IN Pin=LDO_2-7
Added Pin To Net: NetName=LDO_IN Pin=LDO_2-8
Added Pin To Net: NetName=LDO_IN Pin=LDO_3-6
Added Pin To Net: NetName=LDO_IN Pin=LDO_3-7
Added Pin To Net: NetName=LDO_IN Pin=LDO_3-8
Added Pin To Net: NetName=LDO_IN Pin=LDO_4-6
Added Pin To Net: NetName=LDO_IN Pin=LDO_4-7
Added Pin To Net: NetName=LDO_IN Pin=LDO_4-8
Added Net: Name=LDO_IN
Added Pin To Net: NetName=NetC103_1 Pin=C103-1
Added Pin To Net: NetName=NetC103_1 Pin=LED9-2
Added Pin To Net: NetName=NetC103_1 Pin=R89-1
Added Pin To Net: NetName=NetC103_1 Pin=Socket1-1
Added Pin To Net: NetName=NetC103_1 Pin=Socket1-2
Added Pin To Net: NetName=NetC103_1 Pin=Socket1-3
Added Pin To Net: NetName=NetC103_1 Pin=Socket1-4
Added Pin To Net: NetName=NetC103_1 Pin=Socket1-5
Added Pin To Net: NetName=NetC103_1 Pin=Socket1-6
Added Pin To Net: NetName=NetC103_1 Pin=Socket2-7
Added Pin To Net: NetName=NetC103_1 Pin=Socket2-9
Added Pin To Net: NetName=NetC103_1 Pin=Socket2-11
Added Pin To Net: NetName=NetC103_1 Pin=Socket2-23
Added Pin To Net: NetName=NetC103_1 Pin=Socket2-25
Added Pin To Net: NetName=NetC103_1 Pin=Socket2-27
Added Pin To Net: NetName=NetC103_1 Pin=Socket3-1
Added Pin To Net: NetName=NetC103_1 Pin=Socket3-3
Added Pin To Net: NetName=NetC103_1 Pin=Socket3-5
Added Pin To Net: NetName=NetC103_1 Pin=Socket4-1
Added Pin To Net: NetName=NetC103_1 Pin=Socket4-2
Added Pin To Net: NetName=NetC103_1 Pin=Socket4-3
Added Pin To Net: NetName=NetC103_1 Pin=Socket4-4
Added Pin To Net: NetName=NetC103_1 Pin=Socket4-5
Added Pin To Net: NetName=NetC103_1 Pin=Socket4-6
Added Pin To Net: NetName=NetC103_1 Pin=Socket5-1
Added Pin To Net: NetName=NetC103_1 Pin=Socket5-2
Added Pin To Net: NetName=NetC103_1 Pin=Socket5-3
Added Pin To Net: NetName=NetC103_1 Pin=Socket5-4
Added Pin To Net: NetName=NetC103_1 Pin=Socket5-5
Added Pin To Net: NetName=NetC103_1 Pin=Socket5-6
Added Pin To Net: NetName=NetC103_1 Pin=Socket6-1
Added Pin To Net: NetName=NetC103_1 Pin=Socket6-2
Added Pin To Net: NetName=NetC103_1 Pin=Socket6-3
Added Pin To Net: NetName=NetC103_1 Pin=Socket6-4
Added Pin To Net: NetName=NetC103_1 Pin=Socket6-5
Added Pin To Net: NetName=NetC103_1 Pin=Socket6-6
Added Pin To Net: NetName=NetC103_1 Pin=Socket7-4
Added Pin To Net: NetName=NetC103_1 Pin=Socket7-6
Added Pin To Net: NetName=NetC103_1 Pin=Socket7-8
Added Pin To Net: NetName=NetC103_1 Pin=Socket7-26
Added Pin To Net: NetName=NetC103_1 Pin=Socket7-28
Added Pin To Net: NetName=NetC103_1 Pin=Socket7-30
Added Pin To Net: NetName=NetC103_1 Pin=Socket8-1
Added Pin To Net: NetName=NetC103_1 Pin=Socket8-3
Added Pin To Net: NetName=NetC103_1 Pin=Socket8-5
Added Net: Name=NetC103_1
Added Pin To Net: NetName=NetC104_1 Pin=C104-1
Added Pin To Net: NetName=NetC104_1 Pin=LED10-2
Added Pin To Net: NetName=NetC104_1 Pin=R90-1
Added Pin To Net: NetName=NetC104_1 Pin=Socket6-25
Added Pin To Net: NetName=NetC104_1 Pin=Socket6-27
Added Pin To Net: NetName=NetC104_1 Pin=Socket6-29
Added Pin To Net: NetName=NetC104_1 Pin=Socket8-25
Added Pin To Net: NetName=NetC104_1 Pin=Socket8-27
Added Pin To Net: NetName=NetC104_1 Pin=Socket8-29
Added Net: Name=NetC104_1
Added Pin To Net: NetName=NetC105_1 Pin=C105-1
Added Pin To Net: NetName=NetC105_1 Pin=LED11-2
Added Pin To Net: NetName=NetC105_1 Pin=R91-1
Added Pin To Net: NetName=NetC105_1 Pin=Socket1-25
Added Pin To Net: NetName=NetC105_1 Pin=Socket1-27
Added Pin To Net: NetName=NetC105_1 Pin=Socket1-29
Added Pin To Net: NetName=NetC105_1 Pin=Socket3-25
Added Pin To Net: NetName=NetC105_1 Pin=Socket3-27
Added Pin To Net: NetName=NetC105_1 Pin=Socket3-29
Added Net: Name=NetC105_1
Added Pin To Net: NetName=NetC106_1 Pin=C106-1
Added Pin To Net: NetName=NetC106_1 Pin=LED12-2
Added Pin To Net: NetName=NetC106_1 Pin=R92-1
Added Pin To Net: NetName=NetC106_1 Pin=Socket4-21
Added Pin To Net: NetName=NetC106_1 Pin=Socket4-22
Added Pin To Net: NetName=NetC106_1 Pin=Socket4-23
Added Pin To Net: NetName=NetC106_1 Pin=Socket4-24
Added Pin To Net: NetName=NetC106_1 Pin=Socket4-25
Added Pin To Net: NetName=NetC106_1 Pin=Socket4-26
Added Pin To Net: NetName=NetC106_1 Pin=Socket4-27
Added Pin To Net: NetName=NetC106_1 Pin=Socket4-28
Added Pin To Net: NetName=NetC106_1 Pin=Socket4-29
Added Pin To Net: NetName=NetC106_1 Pin=Socket4-30
Added Pin To Net: NetName=NetC106_1 Pin=Socket5-21
Added Pin To Net: NetName=NetC106_1 Pin=Socket5-22
Added Pin To Net: NetName=NetC106_1 Pin=Socket5-23
Added Pin To Net: NetName=NetC106_1 Pin=Socket5-24
Added Pin To Net: NetName=NetC106_1 Pin=Socket5-25
Added Pin To Net: NetName=NetC106_1 Pin=Socket5-26
Added Pin To Net: NetName=NetC106_1 Pin=Socket5-27
Added Pin To Net: NetName=NetC106_1 Pin=Socket5-28
Added Pin To Net: NetName=NetC106_1 Pin=Socket5-29
Added Pin To Net: NetName=NetC106_1 Pin=Socket5-30
Added Net: Name=NetC106_1
Added Pin To Net: NetName=NetC111_1 Pin=C111-1
Added Pin To Net: NetName=NetC111_1 Pin=C112-1
Added Pin To Net: NetName=NetC111_1 Pin=C113-1
Added Net: Name=NetC111_1
Added Pin To Net: NetName=NetC119_2 Pin=C119-2
Added Pin To Net: NetName=NetC119_2 Pin=R108-1
Added Net: Name=NetC119_2
Added Pin To Net: NetName=NetC120_2 Pin=C120-2
Added Pin To Net: NetName=NetC120_2 Pin=SWPS_1-29
Added Net: Name=NetC120_2
Added Pin To Net: NetName=NetC124_2 Pin=C124-2
Added Pin To Net: NetName=NetC124_2 Pin=C204-1
Added Pin To Net: NetName=NetC124_2 Pin=FB1-2
Added Pin To Net: NetName=NetC124_2 Pin=Power Switch-2
Added Net: Name=NetC124_2
Added Pin To Net: NetName=NetL23_2 Pin=L23-2
Added Pin To Net: NetName=NetL23_2 Pin=SWPS_1-12
Added Pin To Net: NetName=NetL23_2 Pin=SWPS_1-13
Added Pin To Net: NetName=NetL23_2 Pin=SWPS_1-14
Added Pin To Net: NetName=NetL23_2 Pin=SWPS_1-15
Added Pin To Net: NetName=NetL23_2 Pin=SWPS_1-16
Added Net: Name=NetL23_2
Added Pin To Net: NetName=NetLDO_1_1 Pin=LDO_1-1
Added Pin To Net: NetName=NetLDO_1_1 Pin=LDO_1-2
Added Pin To Net: NetName=NetLDO_1_1 Pin=R89-2
Added Pin To Net: NetName=NetLDO_1_1 Pin=R97-2
Added Net: Name=NetLDO_1_1
Added Pin To Net: NetName=NetLDO_1_3 Pin=LDO_1-3
Added Pin To Net: NetName=NetLDO_1_3 Pin=R97-1
Added Pin To Net: NetName=NetLDO_1_3 Pin=R98-2
Added Net: Name=NetLDO_1_3
Added Pin To Net: NetName=NetLDO_2_1 Pin=LDO_2-1
Added Pin To Net: NetName=NetLDO_2_1 Pin=LDO_2-2
Added Pin To Net: NetName=NetLDO_2_1 Pin=R90-2
Added Pin To Net: NetName=NetLDO_2_1 Pin=R99-2
Added Net: Name=NetLDO_2_1
Added Pin To Net: NetName=NetLDO_2_3 Pin=LDO_2-3
Added Pin To Net: NetName=NetLDO_2_3 Pin=R99-1
Added Pin To Net: NetName=NetLDO_2_3 Pin=R100-2
Added Net: Name=NetLDO_2_3
Added Pin To Net: NetName=NetLDO_3_1 Pin=LDO_3-1
Added Pin To Net: NetName=NetLDO_3_1 Pin=LDO_3-2
Added Pin To Net: NetName=NetLDO_3_1 Pin=R91-2
Added Pin To Net: NetName=NetLDO_3_1 Pin=R101-2
Added Net: Name=NetLDO_3_1
Added Pin To Net: NetName=NetLDO_3_3 Pin=LDO_3-3
Added Pin To Net: NetName=NetLDO_3_3 Pin=R101-1
Added Pin To Net: NetName=NetLDO_3_3 Pin=R102-2
Added Net: Name=NetLDO_3_3
Added Pin To Net: NetName=NetLDO_4_1 Pin=LDO_4-1
Added Pin To Net: NetName=NetLDO_4_1 Pin=LDO_4-2
Added Pin To Net: NetName=NetLDO_4_1 Pin=R92-2
Added Pin To Net: NetName=NetLDO_4_1 Pin=R103-2
Added Net: Name=NetLDO_4_1
Added Pin To Net: NetName=NetLDO_4_3 Pin=LDO_4-3
Added Pin To Net: NetName=NetLDO_4_3 Pin=R103-1
Added Pin To Net: NetName=NetLDO_4_3 Pin=R104-2
Added Net: Name=NetLDO_4_3
Added Pin To Net: NetName=NetLED1_2 Pin=LED1-2
Added Pin To Net: NetName=NetLED1_2 Pin=R80-2
Added Net: Name=NetLED1_2
Added Pin To Net: NetName=NetLED2_2 Pin=LED2-2
Added Pin To Net: NetName=NetLED2_2 Pin=R81-2
Added Net: Name=NetLED2_2
Added Pin To Net: NetName=NetLED3_2 Pin=LED3-2
Added Pin To Net: NetName=NetLED3_2 Pin=R82-2
Added Net: Name=NetLED3_2
Added Pin To Net: NetName=NetLED4_2 Pin=LED4-2
Added Pin To Net: NetName=NetLED4_2 Pin=R83-2
Added Net: Name=NetLED4_2
Added Pin To Net: NetName=NetLED5_2 Pin=LED5-2
Added Pin To Net: NetName=NetLED5_2 Pin=R84-2
Added Net: Name=NetLED5_2
Added Pin To Net: NetName=NetLED6_2 Pin=LED6-2
Added Pin To Net: NetName=NetLED6_2 Pin=R85-2
Added Net: Name=NetLED6_2
Added Pin To Net: NetName=NetLED7_2 Pin=LED7-2
Added Pin To Net: NetName=NetLED7_2 Pin=R86-2
Added Net: Name=NetLED7_2
Added Pin To Net: NetName=NetLED8_2 Pin=LED8-2
Added Pin To Net: NetName=NetLED8_2 Pin=R87-2
Added Net: Name=NetLED8_2
Added Pin To Net: NetName=NetLED9_1 Pin=LED9-1
Added Pin To Net: NetName=NetLED9_1 Pin=R93-1
Added Net: Name=NetLED9_1
Added Pin To Net: NetName=NetLED10_1 Pin=LED10-1
Added Pin To Net: NetName=NetLED10_1 Pin=R94-1
Added Net: Name=NetLED10_1
Added Pin To Net: NetName=NetLED11_1 Pin=LED11-1
Added Pin To Net: NetName=NetLED11_1 Pin=R95-1
Added Net: Name=NetLED11_1
Added Pin To Net: NetName=NetLED12_1 Pin=LED12-1
Added Pin To Net: NetName=NetLED12_1 Pin=R96-1
Added Net: Name=NetLED12_1
Added Pin To Net: NetName=NetR79_2 Pin=R79-2
Added Pin To Net: NetName=NetR79_2 Pin=Socket3-14
Added Net: Name=NetR79_2
Added Pin To Net: NetName=NetR88_2 Pin=R88-2
Added Pin To Net: NetName=NetR88_2 Pin=Socket8-14
Added Net: Name=NetR88_2
Added Pin To Net: NetName=NetR107_1 Pin=R107-1
Added Pin To Net: NetName=NetR107_1 Pin=SWPS_1-31
Added Net: Name=NetR107_1
Added Pin To Net: NetName=NetR108_2 Pin=R108-2
Added Pin To Net: NetName=NetR108_2 Pin=SWPS_1-30
Added Net: Name=NetR108_2
Added Pin To Net: NetName=NetR109_1 Pin=R109-1
Added Pin To Net: NetName=NetR109_1 Pin=SWPS_1-26
Added Net: Name=NetR109_1
Added Pin To Net: NetName=RX_ATT_LE Pin=Header6-46
Added Pin To Net: NetName=RX_ATT_LE Pin=Socket8-26
Added Net: Name=RX_ATT_LE
Added Pin To Net: NetName=RX_ATT_SCLK Pin=Header6-44
Added Pin To Net: NetName=RX_ATT_SCLK Pin=Socket8-18
Added Net: Name=RX_ATT_SCLK
Added Pin To Net: NetName=RX_ATT_SI Pin=Header6-45
Added Pin To Net: NetName=RX_ATT_SI Pin=Socket8-22
Added Net: Name=RX_ATT_SI
Added Pin To Net: NetName=RX_SYTH_AUX_REF_CLK Pin=Header6-4
Added Pin To Net: NetName=RX_SYTH_AUX_REF_CLK Pin=Socket6-10
Added Net: Name=RX_SYTH_AUX_REF_CLK
Added Pin To Net: NetName=RX_SYTH_DATA Pin=Header6-7
Added Pin To Net: NetName=RX_SYTH_DATA Pin=Socket6-22
Added Net: Name=RX_SYTH_DATA
Added Pin To Net: NetName=RX_SYTH_LE Pin=Header6-8
Added Pin To Net: NetName=RX_SYTH_LE Pin=Socket6-26
Added Net: Name=RX_SYTH_LE
Added Pin To Net: NetName=RX_SYTH_MUX Pin=Header6-5
Added Pin To Net: NetName=RX_SYTH_MUX Pin=Socket6-14
Added Net: Name=RX_SYTH_MUX
Added Pin To Net: NetName=RX_SYTH_SCLK Pin=Header6-6
Added Pin To Net: NetName=RX_SYTH_SCLK Pin=Socket6-18
Added Net: Name=RX_SYTH_SCLK
Added Pin To Net: NetName=RXDETECTOR Pin=C102-1
Added Pin To Net: NetName=RXDETECTOR Pin=Header4-27
Added Pin To Net: NetName=RXDETECTOR Pin=R88-1
Added Net: Name=RXDETECTOR
Added Pin To Net: NetName=SPREADSPECTRUM Pin=SWPS_1-2
Added Pin To Net: NetName=SPREADSPECTRUM Pin=SWPS_1-28
Added Net: Name=SPREADSPECTRUM
Added Pin To Net: NetName=TP_1 Pin=BNC?-1
Added Pin To Net: NetName=TP_1 Pin=Header4-42
Added Pin To Net: NetName=TP_1 Pin=Header5-2
Added Pin To Net: NetName=TP_1 Pin=R80-1
Added Net: Name=TP_1
Added Pin To Net: NetName=TP_2 Pin=Header4-41
Added Pin To Net: NetName=TP_2 Pin=Header5-6
Added Pin To Net: NetName=TP_2 Pin=R81-1
Added Net: Name=TP_2
Added Pin To Net: NetName=TP_3 Pin=Header4-40
Added Pin To Net: NetName=TP_3 Pin=Header5-10
Added Pin To Net: NetName=TP_3 Pin=R82-1
Added Net: Name=TP_3
Added Pin To Net: NetName=TP_4 Pin=Header4-39
Added Pin To Net: NetName=TP_4 Pin=Header5-14
Added Pin To Net: NetName=TP_4 Pin=R83-1
Added Net: Name=TP_4
Added Pin To Net: NetName=TP_5 Pin=Header5-18
Added Pin To Net: NetName=TP_5 Pin=Header6-15
Added Pin To Net: NetName=TP_5 Pin=R84-1
Added Net: Name=TP_5
Added Pin To Net: NetName=TP_6 Pin=Header5-22
Added Pin To Net: NetName=TP_6 Pin=Header6-16
Added Pin To Net: NetName=TP_6 Pin=R85-1
Added Net: Name=TP_6
Added Pin To Net: NetName=TP_7 Pin=Header5-26
Added Pin To Net: NetName=TP_7 Pin=Header6-17
Added Pin To Net: NetName=TP_7 Pin=R86-1
Added Net: Name=TP_7
Added Pin To Net: NetName=TP_8 Pin=Header5-30
Added Pin To Net: NetName=TP_8 Pin=Header6-18
Added Pin To Net: NetName=TP_8 Pin=R87-1
Added Net: Name=TP_8
Added Pin To Net: NetName=TX_ATT_LE Pin=Header4-46
Added Pin To Net: NetName=TX_ATT_LE Pin=Socket3-26
Added Net: Name=TX_ATT_LE
Added Pin To Net: NetName=TX_ATT_SCLK Pin=Header4-44
Added Pin To Net: NetName=TX_ATT_SCLK Pin=Socket3-18
Added Net: Name=TX_ATT_SCLK
Added Pin To Net: NetName=TX_ATT_SI Pin=Header4-45
Added Pin To Net: NetName=TX_ATT_SI Pin=Socket3-22
Added Net: Name=TX_ATT_SI
Added Pin To Net: NetName=TX_SYTH_AUX_REF_CLK Pin=Header4-29
Added Pin To Net: NetName=TX_SYTH_AUX_REF_CLK Pin=Socket1-10
Added Net: Name=TX_SYTH_AUX_REF_CLK
Added Pin To Net: NetName=TX_SYTH_DATA Pin=Header4-2
Added Pin To Net: NetName=TX_SYTH_DATA Pin=Socket1-22
Added Net: Name=TX_SYTH_DATA
Added Pin To Net: NetName=TX_SYTH_LE Pin=Header4-4
Added Pin To Net: NetName=TX_SYTH_LE Pin=Socket1-26
Added Net: Name=TX_SYTH_LE
Added Pin To Net: NetName=TX_SYTH_MUX Pin=Header4-28
Added Pin To Net: NetName=TX_SYTH_MUX Pin=Socket1-14
Added Net: Name=TX_SYTH_MUX
Added Pin To Net: NetName=TX_SYTH_SCLK Pin=Header4-26
Added Pin To Net: NetName=TX_SYTH_SCLK Pin=Socket1-18
Added Net: Name=TX_SYTH_SCLK
Added Pin To Net: NetName=TXDETECTOR Pin=C101-1
Added Pin To Net: NetName=TXDETECTOR Pin=Header4-31
Added Pin To Net: NetName=TXDETECTOR Pin=R79-1
Added Net: Name=TXDETECTOR
Added Pin To Net: NetName=VOUT_6V Pin=C113-2
Added Pin To Net: NetName=VOUT_6V Pin=C114-1
Added Pin To Net: NetName=VOUT_6V Pin=C116-1
Added Pin To Net: NetName=VOUT_6V Pin=C117-2
Added Pin To Net: NetName=VOUT_6V Pin=C118-1
Added Pin To Net: NetName=VOUT_6V Pin=FB2-2
Added Pin To Net: NetName=VOUT_6V Pin=L23-1
Added Pin To Net: NetName=VOUT_6V Pin=R105-2
Added Pin To Net: NetName=VOUT_6V Pin=R107-2
Added Pin To Net: NetName=VOUT_6V Pin=SWPS_1-1
Added Net: Name=VOUT_6V
Added Class: Name=MotherBoard_Interconnect
Added Class: Name=MotherBoard_PowerSupply
Added Class: Name=ADC_DataBus
Added Class: Name=DAC_DataBus
Added Room: Name=MotherBoard_Interconnect
Added Room: Name=MotherBoard_PowerSupply
