Removed Pin From Net: NetName=DC_IN Pin=Conn_1-1
Added Component: Designator=C101(0805 SMD Passive)
Added Component: Designator=C102(0805 SMD Passive)
Added Component: Designator=C103(ELKO_CAP)
Added Component: Designator=C104(ELKO_CAP)
Added Component: Designator=C105(ELKO_CAP)
Added Component: Designator=C106(ELKO_CAP)
Added Component: Designator=C107(0805 SMD Passive)
Added Component: Designator=C108(0805 SMD Passive)
Added Component: Designator=C109(0805 SMD Passive)
Added Component: Designator=C110(0805 SMD Passive)
Added Component: Designator=C111(ELKO_CAP)
Added Component: Designator=C112(0805 SMD Passive)
Added Component: Designator=C113(0805 SMD Passive)
Added Component: Designator=C114(0805 SMD Passive)
Added Component: Designator=C115(0805 SMD Passive)
Added Component: Designator=C116(0805 SMD Passive)
Added Component: Designator=C117(0805 SMD Passive)
Added Component: Designator=C118(0805 SMD Passive)
Added Component: Designator=C119(ELKO_CAP)
Added Component: Designator=C120(0805 SMD Passive)
Added Component: Designator=C121(0805 SMD Passive)
Added Component: Designator=C122(0805 SMD Passive)
Added Component: Designator=C123(0805 SMD Passive)
Added Component: Designator=C124(0805 SMD Passive)
Added Component: Designator=C125(ELKO_CAP)
Added Component: Designator=Conn_2(DC_Connector)
Added Component: Designator=L23(THD_INDUCTOR)
Added Component: Designator=LDO_1(LT1965)
Added Component: Designator=LDO_2(LT1965)
Added Component: Designator=LDO_3(LT1965)
Added Component: Designator=LDO_4(LT1965)
Added Component: Designator=LED1(0805 SMD Passive)
Added Component: Designator=LED2(0805 SMD Passive)
Added Component: Designator=LED3(0805 SMD Passive)
Added Component: Designator=LED4(0805 SMD Passive)
Added Component: Designator=LED5(0805 SMD Passive)
Added Component: Designator=LED6(0805 SMD Passive)
Added Component: Designator=LED7(0805 SMD Passive)
Added Component: Designator=LED8(0805 SMD Passive)
Added Component: Designator=LED9(0805 SMD Passive)
Added Component: Designator=LED10(0805 SMD Passive)
Added Component: Designator=LED11(0805 SMD Passive)
Added Component: Designator=LED12(0805 SMD Passive)
Added Component: Designator=LED13(0805 SMD Passive)
Added Component: Designator=NS_1(NetSplit_2)
Added Component: Designator=R79(0805 SMD Passive)
Added Component: Designator=R80(0805 SMD Passive)
Added Component: Designator=R81(0805 SMD Passive)
Added Component: Designator=R82(0805 SMD Passive)
Added Component: Designator=R83(0805 SMD Passive)
Added Component: Designator=R84(0805 SMD Passive)
Added Component: Designator=R85(0805 SMD Passive)
Added Component: Designator=R86(0805 SMD Passive)
Added Component: Designator=R87(0805 SMD Passive)
Added Component: Designator=R88(0805 SMD Passive)
Added Component: Designator=R89(0805 SMD Passive)
Added Component: Designator=R90(0805 SMD Passive)
Added Component: Designator=R91(0805 SMD Passive)
Added Component: Designator=R92(0805 SMD Passive)
Added Component: Designator=R93(0805 SMD Passive)
Added Component: Designator=R94(0805 SMD Passive)
Added Component: Designator=R95(0805 SMD Passive)
Added Component: Designator=R96(0805 SMD Passive)
Added Component: Designator=R97(0805 SMD Passive)
Added Component: Designator=R98(0805 SMD Passive)
Added Component: Designator=R99(0805 SMD Passive)
Added Component: Designator=R100(0805 SMD Passive)
Added Component: Designator=R101(0805 SMD Passive)
Added Component: Designator=R103(0805 SMD Passive)
Added Component: Designator=R104(0805 SMD Passive)
Added Component: Designator=R105(0805 SMD Passive)
Added Component: Designator=R106(0805 SMD Passive)
Added Component: Designator=R107(0805 SMD Passive)
Added Component: Designator=R108(0805 SMD Passive)
Added Component: Designator=R109(0805 SMD Passive)
Added Component: Designator=R110(0805 SMD Passive)
Added Component: Designator=R111(0805 SMD Passive)
Added Component: Designator=R112(0805 SMD Passive)
Added Component: Designator=SWPS_1(LT8646S)
Added Pin To Net: NetName=TXDETECTOR Pin=C101-1
Added Pin To Net: NetName=RXDETECTOR Pin=C102-1
Added Pin To Net: NetName=NetC103_1 Pin=C103-1
Added Pin To Net: NetName=GND Pin=C103-2
Added Pin To Net: NetName=NetC104_1 Pin=C104-1
Added Pin To Net: NetName=GND Pin=C104-2
Added Pin To Net: NetName=NetC105_1 Pin=C105-1
Added Pin To Net: NetName=GND Pin=C105-2
Added Pin To Net: NetName=NetC106_1 Pin=C106-1
Added Pin To Net: NetName=GND Pin=C106-2
Added Pin To Net: NetName=GND Pin=C107-1
Added Pin To Net: NetName=LDO_IN Pin=C107-2
Added Pin To Net: NetName=GND Pin=C108-1
Added Pin To Net: NetName=LDO_IN Pin=C108-2
Added Pin To Net: NetName=GND Pin=C109-1
Added Pin To Net: NetName=LDO_IN Pin=C109-2
Added Pin To Net: NetName=GND Pin=C110-1
Added Pin To Net: NetName=LDO_IN Pin=C110-2
Added Pin To Net: NetName=NetC111_1 Pin=C111-1
Added Pin To Net: NetName=GND Pin=C111-2
Added Pin To Net: NetName=GND Pin=C112-1
Added Pin To Net: NetName=NetC111_1 Pin=C112-2
Added Pin To Net: NetName=GND Pin=C113-1
Added Pin To Net: NetName=NetC113_2 Pin=C113-2
Added Pin To Net: NetName=19V_IN Pin=C114-1
Added Pin To Net: NetName=GND Pin=C114-2
Added Pin To Net: NetName=VOUT_6V Pin=C115-1
Added Pin To Net: NetName=GND Pin=C115-2
Added Pin To Net: NetName=FB Pin=C116-1
Added Pin To Net: NetName=VOUT_6V Pin=C116-2
Added Pin To Net: NetName=VOUT_6V Pin=C117-1
Added Pin To Net: NetName=GND Pin=C117-2
Added Pin To Net: NetName=GND Pin=C118-1
Added Pin To Net: NetName=NetC118_2 Pin=C118-2
Added Pin To Net: NetName=VOUT_6V Pin=C119-1
Added Pin To Net: NetName=GND Pin=C119-2
Added Pin To Net: NetName=GND Pin=C120-1
Added Pin To Net: NetName=NetC120_2 Pin=C120-2
Added Pin To Net: NetName=19V Pin=C121-1
Added Pin To Net: NetName=GND Pin=C121-2
Added Pin To Net: NetName=GND Pin=C122-1
Added Pin To Net: NetName=19V Pin=C122-2
Added Pin To Net: NetName=GND Pin=C123-1
Added Pin To Net: NetName=19V Pin=C123-2
Added Pin To Net: NetName=GND Pin=C124-1
Added Pin To Net: NetName=NetC124_2 Pin=C124-2
Added Pin To Net: NetName=NetC124_2 Pin=C125-1
Added Pin To Net: NetName=GND Pin=C125-2
Added Pin To Net: NetName=FPGA_POWER Pin=Conn_1-1
Added Pin To Net: NetName=DC_IN Pin=Conn_1-1
Added Pin To Net: NetName=GND Pin=Conn_1-2
Added Pin To Net: NetName=VOUT_6V Pin=L23-1
Added Pin To Net: NetName=VOUT_SW Pin=L23-2
Added Pin To Net: NetName=NetLDO_1_1 Pin=LDO_1-1
Added Pin To Net: NetName=NetLDO_1_1 Pin=LDO_1-2
Added Pin To Net: NetName=NetC103_1 Pin=LDO_1-3
Added Pin To Net: NetName=GND Pin=LDO_1-4
Added Pin To Net: NetName=GND Pin=LDO_1-5
Added Pin To Net: NetName=PG Pin=LDO_1-6
Added Pin To Net: NetName=LDO_IN Pin=LDO_1-7
Added Pin To Net: NetName=LDO_IN Pin=LDO_1-8
Added Pin To Net: NetName=GND Pin=LDO_1-9
Added Pin To Net: NetName=NetLDO_2_1 Pin=LDO_2-1
Added Pin To Net: NetName=NetLDO_2_1 Pin=LDO_2-2
Added Pin To Net: NetName=NetLDO_2_3 Pin=LDO_2-3
Added Pin To Net: NetName=GND Pin=LDO_2-4
Added Pin To Net: NetName=GND Pin=LDO_2-5
Added Pin To Net: NetName=PG Pin=LDO_2-6
Added Pin To Net: NetName=LDO_IN Pin=LDO_2-7
Added Pin To Net: NetName=LDO_IN Pin=LDO_2-8
Added Pin To Net: NetName=GND Pin=LDO_2-9
Added Pin To Net: NetName=NetLDO_3_1 Pin=LDO_3-1
Added Pin To Net: NetName=NetLDO_3_1 Pin=LDO_3-2
Added Pin To Net: NetName=NetLDO_3_3 Pin=LDO_3-3
Added Pin To Net: NetName=GND Pin=LDO_3-4
Added Pin To Net: NetName=GND Pin=LDO_3-5
Added Pin To Net: NetName=PG Pin=LDO_3-6
Added Pin To Net: NetName=LDO_IN Pin=LDO_3-7
Added Pin To Net: NetName=LDO_IN Pin=LDO_3-8
Added Pin To Net: NetName=GND Pin=LDO_3-9
Added Pin To Net: NetName=NetLDO_4_1 Pin=LDO_4-1
Added Pin To Net: NetName=NetLDO_4_1 Pin=LDO_4-2
Added Pin To Net: NetName=NetLDO_4_3 Pin=LDO_4-3
Added Pin To Net: NetName=GND Pin=LDO_4-4
Added Pin To Net: NetName=GND Pin=LDO_4-5
Added Pin To Net: NetName=PG Pin=LDO_4-6
Added Pin To Net: NetName=LDO_IN Pin=LDO_4-7
Added Pin To Net: NetName=LDO_IN Pin=LDO_4-8
Added Pin To Net: NetName=GND Pin=LDO_4-9
Added Pin To Net: NetName=GND Pin=LED1-1
Added Pin To Net: NetName=NetLED1_2 Pin=LED1-2
Added Pin To Net: NetName=GND Pin=LED2-1
Added Pin To Net: NetName=NetLED2_2 Pin=LED2-2
Added Pin To Net: NetName=GND Pin=LED3-1
Added Pin To Net: NetName=NetLED3_2 Pin=LED3-2
Added Pin To Net: NetName=GND Pin=LED4-1
Added Pin To Net: NetName=NetLED4_2 Pin=LED4-2
Added Pin To Net: NetName=GND Pin=LED5-1
Added Pin To Net: NetName=NetLED5_2 Pin=LED5-2
Added Pin To Net: NetName=GND Pin=LED6-1
Added Pin To Net: NetName=NetLED6_2 Pin=LED6-2
Added Pin To Net: NetName=GND Pin=LED7-1
Added Pin To Net: NetName=NetLED7_2 Pin=LED7-2
Added Pin To Net: NetName=GND Pin=LED8-1
Added Pin To Net: NetName=NetLED8_2 Pin=LED8-2
Added Pin To Net: NetName=NetLED9_1 Pin=LED9-1
Added Pin To Net: NetName=NetC103_1 Pin=LED9-2
Added Pin To Net: NetName=NetLED10_1 Pin=LED10-1
Added Pin To Net: NetName=NetC104_1 Pin=LED10-2
Added Pin To Net: NetName=NetLED11_1 Pin=LED11-1
Added Pin To Net: NetName=NetC105_1 Pin=LED11-2
Added Pin To Net: NetName=NetLED12_1 Pin=LED12-1
Added Pin To Net: NetName=NetC106_1 Pin=LED12-2
Added Pin To Net: NetName=NetLED13_1 Pin=LED13-1
Added Pin To Net: NetName=FPGA_IN Pin=LED13-2
Added Pin To Net: NetName=FPGA_IN Pin=NS_1-0
Added Pin To Net: NetName=LDO_IN Pin=NS_1-0
Added Pin To Net: NetName=NetC111_1 Pin=NS_1-0
Added Pin To Net: NetName=TXDETECTOR Pin=R79-1
Added Pin To Net: NetName=NetR79_2 Pin=R79-2
Added Pin To Net: NetName=TP_1 Pin=R80-1
Added Pin To Net: NetName=NetLED1_2 Pin=R80-2
Added Pin To Net: NetName=TP_2 Pin=R81-1
Added Pin To Net: NetName=NetLED2_2 Pin=R81-2
Added Pin To Net: NetName=TP_3 Pin=R82-1
Added Pin To Net: NetName=NetLED3_2 Pin=R82-2
Added Pin To Net: NetName=TP_4 Pin=R83-1
Added Pin To Net: NetName=NetLED4_2 Pin=R83-2
Added Pin To Net: NetName=TP_5 Pin=R84-1
Added Pin To Net: NetName=NetLED5_2 Pin=R84-2
Added Pin To Net: NetName=TP_6 Pin=R85-1
Added Pin To Net: NetName=NetLED6_2 Pin=R85-2
Added Pin To Net: NetName=TP_7 Pin=R86-1
Added Pin To Net: NetName=NetLED7_2 Pin=R86-2
Added Pin To Net: NetName=TP_8 Pin=R87-1
Added Pin To Net: NetName=NetLED8_2 Pin=R87-2
Added Pin To Net: NetName=RXDETECTOR Pin=R88-1
Added Pin To Net: NetName=NetR88_2 Pin=R88-2
Added Pin To Net: NetName=NetC103_1 Pin=R89-1
Added Pin To Net: NetName=NetLDO_1_1 Pin=R89-2
Added Pin To Net: NetName=NetC104_1 Pin=R90-1
Added Pin To Net: NetName=NetLDO_2_1 Pin=R90-2
Added Pin To Net: NetName=NetC105_1 Pin=R91-1
Added Pin To Net: NetName=NetLDO_3_1 Pin=R91-2
Added Pin To Net: NetName=NetC106_1 Pin=R92-1
Added Pin To Net: NetName=NetLDO_4_1 Pin=R92-2
Added Pin To Net: NetName=NetLED9_1 Pin=R93-1
Added Pin To Net: NetName=GND Pin=R93-2
Added Pin To Net: NetName=NetLED10_1 Pin=R94-1
Added Pin To Net: NetName=GND Pin=R94-2
Added Pin To Net: NetName=NetLED11_1 Pin=R95-1
Added Pin To Net: NetName=GND Pin=R95-2
Added Pin To Net: NetName=NetLED12_1 Pin=R96-1
Added Pin To Net: NetName=GND Pin=R96-2
Added Pin To Net: NetName=NetLDO_2_3 Pin=R97-1
Added Pin To Net: NetName=NetLDO_2_1 Pin=R97-2
Added Pin To Net: NetName=GND Pin=R98-1
Added Pin To Net: NetName=NetLDO_2_3 Pin=R98-2
Added Pin To Net: NetName=NetLDO_3_3 Pin=R99-1
Added Pin To Net: NetName=NetLDO_3_1 Pin=R99-2
Added Pin To Net: NetName=GND Pin=R100-1
Added Pin To Net: NetName=NetLDO_3_3 Pin=R100-2
Added Pin To Net: NetName=NetLDO_4_3 Pin=R101-1
Added Pin To Net: NetName=NetLDO_4_1 Pin=R101-2
Added Pin To Net: NetName=FPGA_POWER Pin=R103-1
Added Pin To Net: NetName=FPGA_IN Pin=R103-2
Added Pin To Net: NetName=NetLED13_1 Pin=R104-1
Added Pin To Net: NetName=GND Pin=R104-2
Added Pin To Net: NetName=PG Pin=R105-1
Added Pin To Net: NetName=VOUT_6V Pin=R105-2
Added Pin To Net: NetName=FB Pin=R106-1
Added Pin To Net: NetName=VOUT_6V Pin=R106-2
Added Pin To Net: NetName=NetC113_2 Pin=R107-1
Added Pin To Net: NetName=VOUT_6V Pin=R107-2
Added Pin To Net: NetName=FB Pin=R108-1
Added Pin To Net: NetName=GND Pin=R108-2
Added Pin To Net: NetName=NetC118_2 Pin=R109-1
Added Pin To Net: NetName=NetR109_2 Pin=R109-2
Added Pin To Net: NetName=NetR110_1 Pin=R110-1
Added Pin To Net: NetName=GND Pin=R110-2
Added Pin To Net: NetName=DC_IN Pin=R111-1
Added Pin To Net: NetName=NetPower Switch1_1 Pin=R111-2
Added Pin To Net: NetName=19V Pin=R112-1
Added Pin To Net: NetName=NetR112_2 Pin=R112-2
Added Pin To Net: NetName=VOUT_6V Pin=SWPS_1-1
Added Pin To Net: NetName=SPREADSPECTRUM Pin=SWPS_1-2
Added Pin To Net: NetName=19V_IN Pin=SWPS_1-4
Added Pin To Net: NetName=19V_IN Pin=SWPS_1-5
Added Pin To Net: NetName=19V_IN Pin=SWPS_1-6
Added Pin To Net: NetName=GND Pin=SWPS_1-8
Added Pin To Net: NetName=GND Pin=SWPS_1-9
Added Pin To Net: NetName=GND Pin=SWPS_1-10
Added Pin To Net: NetName=VOUT_SW Pin=SWPS_1-12
Added Pin To Net: NetName=VOUT_SW Pin=SWPS_1-13
Added Pin To Net: NetName=VOUT_SW Pin=SWPS_1-14
Added Pin To Net: NetName=VOUT_SW Pin=SWPS_1-15
Added Pin To Net: NetName=VOUT_SW Pin=SWPS_1-16
Added Pin To Net: NetName=GND Pin=SWPS_1-17
Added Pin To Net: NetName=GND Pin=SWPS_1-18
Added Pin To Net: NetName=GND Pin=SWPS_1-19
Added Pin To Net: NetName=19V Pin=SWPS_1-21
Added Pin To Net: NetName=19V Pin=SWPS_1-22
Added Pin To Net: NetName=19V Pin=SWPS_1-23
Added Pin To Net: NetName=NetR112_2 Pin=SWPS_1-25
Added Pin To Net: NetName=NetR110_1 Pin=SWPS_1-26
Added Pin To Net: NetName=SPREADSPECTRUM Pin=SWPS_1-28
Added Pin To Net: NetName=NetC120_2 Pin=SWPS_1-29
Added Pin To Net: NetName=NetR109_2 Pin=SWPS_1-30
Added Pin To Net: NetName=PG Pin=SWPS_1-31
Added Pin To Net: NetName=FB Pin=SWPS_1-32
Added Pin To Net: NetName=GND Pin=SWPS_1-33
Added Member To Class: ClassName=MotherBoard_Interconnect Member=Component C101 Cap1
Added Member To Class: ClassName=MotherBoard_Interconnect Member=Component C102 Cap1
Added Member To Class: ClassName=MotherBoard_PowerSupply Member=Component C103 Cap2
Added Member To Class: ClassName=MotherBoard_PowerSupply Member=Component C104 Cap2
Added Member To Class: ClassName=MotherBoard_PowerSupply Member=Component C105 Cap2
Added Member To Class: ClassName=MotherBoard_PowerSupply Member=Component C106 Cap2
Added Member To Class: ClassName=MotherBoard_PowerSupply Member=Component C107 Cap1
Added Member To Class: ClassName=MotherBoard_PowerSupply Member=Component C108 Cap1
Added Member To Class: ClassName=MotherBoard_PowerSupply Member=Component C109 Cap1
Added Member To Class: ClassName=MotherBoard_PowerSupply Member=Component C110 Cap1
Added Member To Class: ClassName=MotherBoard_PowerSupply Member=Component C111 Cap2
Added Member To Class: ClassName=MotherBoard_PowerSupply Member=Component C112 Cap1
Added Member To Class: ClassName=MotherBoard_PowerSupply Member=Component C113 Cap1
Added Member To Class: ClassName=MotherBoard_PowerSupply Member=Component C114 Cap1
Added Member To Class: ClassName=MotherBoard_PowerSupply Member=Component C115 Cap1
Added Member To Class: ClassName=MotherBoard_PowerSupply Member=Component C116 Cap1
Added Member To Class: ClassName=MotherBoard_PowerSupply Member=Component C117 Cap1
Added Member To Class: ClassName=MotherBoard_PowerSupply Member=Component C118 Cap1
Added Member To Class: ClassName=MotherBoard_PowerSupply Member=Component C119 Cap2
Added Member To Class: ClassName=MotherBoard_PowerSupply Member=Component C120 Cap1
Added Member To Class: ClassName=MotherBoard_PowerSupply Member=Component C121 Cap1
Added Member To Class: ClassName=MotherBoard_PowerSupply Member=Component C122 Cap1
Added Member To Class: ClassName=MotherBoard_PowerSupply Member=Component C123 Cap1
Added Member To Class: ClassName=MotherBoard_PowerSupply Member=Component C124 Cap1
Added Member To Class: ClassName=MotherBoard_PowerSupply Member=Component C125 Cap2
Added Member To Class: ClassName=MotherBoard_PowerSupply Member=Component Conn_2 DC_Connector
Added Member To Class: ClassName=MotherBoard_PowerSupply Member=Component L23 Inductor
Added Member To Class: ClassName=MotherBoard_PowerSupply Member=Component LDO_1 LTI1965
Added Member To Class: ClassName=MotherBoard_PowerSupply Member=Component LDO_2 LTI1965
Added Member To Class: ClassName=MotherBoard_PowerSupply Member=Component LDO_3 LTI1965
Added Member To Class: ClassName=MotherBoard_PowerSupply Member=Component LDO_4 LTI1965
Added Member To Class: ClassName=MotherBoard_Interconnect Member=Component LED1 LED_Green
Added Member To Class: ClassName=MotherBoard_Interconnect Member=Component LED2 LED_Green
Added Member To Class: ClassName=MotherBoard_Interconnect Member=Component LED3 LED_Green
Added Member To Class: ClassName=MotherBoard_Interconnect Member=Component LED4 LED_Green
Added Member To Class: ClassName=MotherBoard_Interconnect Member=Component LED5 LED_Green
Added Member To Class: ClassName=MotherBoard_Interconnect Member=Component LED6 LED_Green
Added Member To Class: ClassName=MotherBoard_Interconnect Member=Component LED7 LED_Green
Added Member To Class: ClassName=MotherBoard_Interconnect Member=Component LED8 LED_Green
Added Member To Class: ClassName=MotherBoard_PowerSupply Member=Component LED9 LED_Green
Added Member To Class: ClassName=MotherBoard_PowerSupply Member=Component LED10 LED_Green
Added Member To Class: ClassName=MotherBoard_PowerSupply Member=Component LED11 LED_Green
Added Member To Class: ClassName=MotherBoard_PowerSupply Member=Component LED12 LED_Green
Added Member To Class: ClassName=MotherBoard_PowerSupply Member=Component LED13 LED_Green
Added Member To Class: ClassName=MotherBoard_PowerSupply Member=Component NS_1 NetSplit
Added Member To Class: ClassName=MotherBoard_Interconnect Member=Component R79 Resistor
Added Member To Class: ClassName=MotherBoard_Interconnect Member=Component R80 Resistor
Added Member To Class: ClassName=MotherBoard_Interconnect Member=Component R81 Resistor
Added Member To Class: ClassName=MotherBoard_Interconnect Member=Component R82 Resistor
Added Member To Class: ClassName=MotherBoard_Interconnect Member=Component R83 Resistor
Added Member To Class: ClassName=MotherBoard_Interconnect Member=Component R84 Resistor
Added Member To Class: ClassName=MotherBoard_Interconnect Member=Component R85 Resistor
Added Member To Class: ClassName=MotherBoard_Interconnect Member=Component R86 Resistor
Added Member To Class: ClassName=MotherBoard_Interconnect Member=Component R87 Resistor
Added Member To Class: ClassName=MotherBoard_Interconnect Member=Component R88 Resistor
Added Member To Class: ClassName=MotherBoard_PowerSupply Member=Component R89 Resistor
Added Member To Class: ClassName=MotherBoard_PowerSupply Member=Component R90 Resistor
Added Member To Class: ClassName=MotherBoard_PowerSupply Member=Component R91 Resistor
Added Member To Class: ClassName=MotherBoard_PowerSupply Member=Component R92 Resistor
Added Member To Class: ClassName=MotherBoard_PowerSupply Member=Component R93 Resistor
Added Member To Class: ClassName=MotherBoard_PowerSupply Member=Component R94 Resistor
Added Member To Class: ClassName=MotherBoard_PowerSupply Member=Component R95 Resistor
Added Member To Class: ClassName=MotherBoard_PowerSupply Member=Component R96 Resistor
Added Member To Class: ClassName=MotherBoard_PowerSupply Member=Component R97 Resistor
Added Member To Class: ClassName=MotherBoard_PowerSupply Member=Component R98 Resistor
Added Member To Class: ClassName=MotherBoard_PowerSupply Member=Component R99 Resistor
Added Member To Class: ClassName=MotherBoard_PowerSupply Member=Component R100 Resistor
Added Member To Class: ClassName=MotherBoard_PowerSupply Member=Component R101 Resistor
Added Member To Class: ClassName=MotherBoard_PowerSupply Member=Component R103 Resistor
Added Member To Class: ClassName=MotherBoard_PowerSupply Member=Component R104 Resistor
Added Member To Class: ClassName=MotherBoard_PowerSupply Member=Component R105 Resistor
Added Member To Class: ClassName=MotherBoard_PowerSupply Member=Component R106 Resistor
Added Member To Class: ClassName=MotherBoard_PowerSupply Member=Component R107 Resistor
Added Member To Class: ClassName=MotherBoard_PowerSupply Member=Component R108 Resistor
Added Member To Class: ClassName=MotherBoard_PowerSupply Member=Component R109 Resistor
Added Member To Class: ClassName=MotherBoard_PowerSupply Member=Component R110 Resistor
Added Member To Class: ClassName=MotherBoard_PowerSupply Member=Component R111 Resistor
Added Member To Class: ClassName=MotherBoard_PowerSupply Member=Component R112 Resistor
Added Member To Class: ClassName=MotherBoard_PowerSupply Member=Component SWPS_1 LT8646S
