Added Component: Designator=Header4(Header2)
Added Component: Designator=Header6(Header2)
Added Pin To Net: NetName=GND Pin=Header4-1
Added Pin To Net: NetName=TX_SYTH_DATA Pin=Header4-2
Added Pin To Net: NetName=GND Pin=Header4-3
Added Pin To Net: NetName=TX_SYTH_LE Pin=Header4-4
Added Pin To Net: NetName=DAC_SLEEP Pin=Header4-5
Added Pin To Net: NetName=DAC_MODE Pin=Header4-6
Added Pin To Net: NetName=GND Pin=Header4-7
Added Pin To Net: NetName=H_DAC_DB13 Pin=Header4-8
Added Pin To Net: NetName=H_DAC_DB12 Pin=Header4-9
Added Pin To Net: NetName=H_DAC_DB11 Pin=Header4-10
Added Pin To Net: NetName=H_DAC_DB10 Pin=Header4-11
Added Pin To Net: NetName=H_DAC_DB9 Pin=Header4-12
Added Pin To Net: NetName=GND Pin=Header4-13
Added Pin To Net: NetName=H_DAC_DB8 Pin=Header4-14
Added Pin To Net: NetName=H_DAC_DB7 Pin=Header4-15
Added Pin To Net: NetName=H_DAC_DB6 Pin=Header4-16
Added Pin To Net: NetName=H_DAC_DB5 Pin=Header4-17
Added Pin To Net: NetName=H_DAC_DB4 Pin=Header4-18
Added Pin To Net: NetName=H_DAC_DB3 Pin=Header4-19
Added Pin To Net: NetName=H_DAC_DB2 Pin=Header4-20
Added Pin To Net: NetName=H_DAC_DB1 Pin=Header4-21
Added Pin To Net: NetName=H_DAC_DB0 Pin=Header4-22
Added Pin To Net: NetName=GND Pin=Header4-23
Added Pin To Net: NetName=TX_SYTH_SCLK Pin=Header4-26
Added Pin To Net: NetName=RXDETECTOR Pin=Header4-27
Added Pin To Net: NetName=TX_SYTH_MUX Pin=Header4-28
Added Pin To Net: NetName=TX_SYTH_AUX_REF_CLK Pin=Header4-29
Added Pin To Net: NetName=TXDETECTOR Pin=Header4-31
Added Pin To Net: NetName=H_DAC_CLOCK Pin=Header4-32
Added Pin To Net: NetName=NetHeader4_34 Pin=Header4-34
Added Pin To Net: NetName=GND Pin=Header4-37
Added Pin To Net: NetName=TP_4 Pin=Header4-39
Added Pin To Net: NetName=TP_3 Pin=Header4-40
Added Pin To Net: NetName=TP_2 Pin=Header4-41
Added Pin To Net: NetName=TP_1 Pin=Header4-42
Added Pin To Net: NetName=TX_ATT_SCLK Pin=Header4-44
Added Pin To Net: NetName=TX_ATT_SI Pin=Header4-45
Added Pin To Net: NetName=TX_ATT_LE Pin=Header4-46
Added Pin To Net: NetName=GND Pin=Header4-47
Added Pin To Net: NetName=ADC_POWERDOWN Pin=Header6-2
Added Pin To Net: NetName=H_ADC_OR Pin=Header6-3
Added Pin To Net: NetName=RX_SYTH_AUX_REF_CLK Pin=Header6-4
Added Pin To Net: NetName=RX_SYTH_MUX Pin=Header6-5
Added Pin To Net: NetName=RX_SYTH_SCLK Pin=Header6-6
Added Pin To Net: NetName=RX_SYTH_DATA Pin=Header6-7
Added Pin To Net: NetName=RX_SYTH_LE Pin=Header6-8
Added Pin To Net: NetName=GND Pin=Header6-12
Added Pin To Net: NetName=GND Pin=Header6-13
Added Pin To Net: NetName=TP_5 Pin=Header6-15
Added Pin To Net: NetName=TP_6 Pin=Header6-16
Added Pin To Net: NetName=TP_7 Pin=Header6-17
Added Pin To Net: NetName=TP_8 Pin=Header6-18
Added Pin To Net: NetName=GND Pin=Header6-24
Added Pin To Net: NetName=GND Pin=Header6-25
Added Pin To Net: NetName=H_ADC_D10 Pin=Header6-26
Added Pin To Net: NetName=H_ADC_D9 Pin=Header6-27
Added Pin To Net: NetName=H_ADC_D8 Pin=Header6-28
Added Pin To Net: NetName=H_ADC_D7 Pin=Header6-29
Added Pin To Net: NetName=H_ADC_D6 Pin=Header6-30
Added Pin To Net: NetName=H_ADC_D5 Pin=Header6-31
Added Pin To Net: NetName=H_ADC_D4 Pin=Header6-32
Added Pin To Net: NetName=H_ADC_D3 Pin=Header6-33
Added Pin To Net: NetName=H_ADC_D2 Pin=Header6-34
Added Pin To Net: NetName=H_ADC_D1 Pin=Header6-35
Added Pin To Net: NetName=GND Pin=Header6-36
Added Pin To Net: NetName=GND Pin=Header6-37
Added Pin To Net: NetName=H_ADC_D0 Pin=Header6-38
Added Pin To Net: NetName=H_ADC_CLK Pin=Header6-39
Added Pin To Net: NetName=RX_ATT_SCLK Pin=Header6-44
Added Pin To Net: NetName=RX_ATT_SI Pin=Header6-45
Added Pin To Net: NetName=RX_ATT_LE Pin=Header6-46
Added Pin To Net: NetName=GND Pin=Header6-48
Added Member To Class: ClassName=MotherBoard_Interconnect Member=Component Header4 Header2
Added Member To Class: ClassName=MotherBoard_Interconnect Member=Component Header6 Header2
