Removed Pin From Net: NetName=TXDETECTOR Pin=C101-1
Removed Pin From Net: NetName=TXDETECTOR Pin=R79-1
Removed Pin From Net: NetName=NetR79_2 Pin=R79-2
Removed Pin From Net: NetName=NetR88_2 Pin=R88-2
Removed Pin From Net: NetName=NetC103_1 Pin=Socket1-2
Removed Pin From Net: NetName=NetC103_1 Pin=Socket1-3
Removed Pin From Net: NetName=NetC103_1 Pin=Socket1-4
Removed Pin From Net: NetName=NetC103_1 Pin=Socket1-5
Removed Pin From Net: NetName=NetC103_1 Pin=Socket1-6
Removed Pin From Net: NetName=TX_SYTH_AUX_REF_CLK Pin=Socket1-10
Removed Pin From Net: NetName=GND Pin=Socket1-11
Removed Pin From Net: NetName=GND Pin=Socket1-13
Removed Pin From Net: NetName=TX_SYTH_MUX Pin=Socket1-14
Removed Pin From Net: NetName=GND Pin=Socket1-15
Removed Pin From Net: NetName=GND Pin=Socket1-17
Removed Pin From Net: NetName=TX_SYTH_SCLK Pin=Socket1-18
Removed Pin From Net: NetName=GND Pin=Socket1-19
Removed Pin From Net: NetName=TX_SYTH_DATA Pin=Socket1-22
Removed Pin From Net: NetName=NetC105_1 Pin=Socket1-25
Removed Pin From Net: NetName=TX_SYTH_LE Pin=Socket1-26
Removed Pin From Net: NetName=NetC105_1 Pin=Socket1-27
Removed Pin From Net: NetName=NetC105_1 Pin=Socket1-29
Removed Pin From Net: NetName=NetC103_1 Pin=Socket3-5
Removed Pin From Net: NetName=GND Pin=Socket3-11
Removed Pin From Net: NetName=GND Pin=Socket3-13
Removed Pin From Net: NetName=NetR79_2 Pin=Socket3-14
Removed Pin From Net: NetName=GND Pin=Socket3-15
Removed Pin From Net: NetName=GND Pin=Socket3-17
Removed Pin From Net: NetName=TX_ATT_SCLK Pin=Socket3-18
Removed Pin From Net: NetName=GND Pin=Socket3-19
Removed Pin From Net: NetName=TX_ATT_SI Pin=Socket3-22
Removed Pin From Net: NetName=NetC105_1 Pin=Socket3-25
Removed Pin From Net: NetName=TX_ATT_LE Pin=Socket3-26
Removed Pin From Net: NetName=NetC105_1 Pin=Socket3-27
Removed Pin From Net: NetName=NetC105_1 Pin=Socket3-29
Removed Pin From Net: NetName=NetC103_1 Pin=Socket4-2
Removed Pin From Net: NetName=NetC103_1 Pin=Socket4-3
Removed Pin From Net: NetName=NetC103_1 Pin=Socket4-4
Removed Pin From Net: NetName=NetC103_1 Pin=Socket4-5
Removed Pin From Net: NetName=NetC103_1 Pin=Socket4-6
Removed Pin From Net: NetName=GND Pin=Socket4-10
Removed Pin From Net: NetName=GND Pin=Socket4-11
Removed Pin From Net: NetName=GND Pin=Socket4-12
Removed Pin From Net: NetName=GND Pin=Socket4-13
Removed Pin From Net: NetName=GND Pin=Socket4-14
Removed Pin From Net: NetName=GND Pin=Socket4-15
Removed Pin From Net: NetName=GND Pin=Socket4-16
Removed Pin From Net: NetName=GND Pin=Socket4-17
Removed Pin From Net: NetName=GND Pin=Socket4-18
Removed Pin From Net: NetName=AMP_5V Pin=Socket4-21
Removed Pin From Net: NetName=AMP_5V Pin=Socket4-22
Removed Pin From Net: NetName=AMP_5V Pin=Socket4-23
Removed Pin From Net: NetName=AMP_5V Pin=Socket4-24
Removed Pin From Net: NetName=AMP_5V Pin=Socket4-25
Removed Pin From Net: NetName=AMP_5V Pin=Socket4-26
Removed Pin From Net: NetName=AMP_5V Pin=Socket4-27
Removed Pin From Net: NetName=AMP_5V Pin=Socket4-28
Removed Pin From Net: NetName=AMP_5V Pin=Socket4-29
Removed Pin From Net: NetName=AMP_5V Pin=Socket4-30
Removed Pin From Net: NetName=NetC103_1 Pin=Socket5-2
Removed Pin From Net: NetName=NetC103_1 Pin=Socket5-3
Removed Pin From Net: NetName=NetC103_1 Pin=Socket5-4
Removed Pin From Net: NetName=NetC103_1 Pin=Socket5-5
Removed Pin From Net: NetName=NetC103_1 Pin=Socket5-6
Removed Pin From Net: NetName=GND Pin=Socket5-9
Removed Pin From Net: NetName=GND Pin=Socket5-10
Removed Pin From Net: NetName=GND Pin=Socket5-11
Removed Pin From Net: NetName=GND Pin=Socket5-12
Removed Pin From Net: NetName=GND Pin=Socket5-13
Removed Pin From Net: NetName=GND Pin=Socket5-14
Removed Pin From Net: NetName=GND Pin=Socket5-15
Removed Pin From Net: NetName=GND Pin=Socket5-16
Removed Pin From Net: NetName=GND Pin=Socket5-17
Removed Pin From Net: NetName=GND Pin=Socket5-18
Removed Pin From Net: NetName=AMP_5V Pin=Socket5-21
Removed Pin From Net: NetName=AMP_5V Pin=Socket5-22
Removed Pin From Net: NetName=AMP_5V Pin=Socket5-23
Removed Pin From Net: NetName=AMP_5V Pin=Socket5-24
Removed Pin From Net: NetName=AMP_5V Pin=Socket5-25
Removed Pin From Net: NetName=AMP_5V Pin=Socket5-26
Removed Pin From Net: NetName=AMP_5V Pin=Socket5-27
Removed Pin From Net: NetName=AMP_5V Pin=Socket5-28
Removed Pin From Net: NetName=AMP_5V Pin=Socket5-29
Removed Pin From Net: NetName=AMP_5V Pin=Socket5-30
Removed Pin From Net: NetName=NetC103_1 Pin=Socket6-2
Removed Pin From Net: NetName=NetC103_1 Pin=Socket6-4
Removed Pin From Net: NetName=NetC103_1 Pin=Socket6-5
Removed Pin From Net: NetName=NetC103_1 Pin=Socket6-6
Removed Pin From Net: NetName=RX_SYTH_AUX_REF_CLK Pin=Socket6-10
Removed Pin From Net: NetName=GND Pin=Socket6-11
Removed Pin From Net: NetName=GND Pin=Socket6-13
Removed Pin From Net: NetName=RX_SYTH_MUX Pin=Socket6-14
Removed Pin From Net: NetName=GND Pin=Socket6-15
Removed Pin From Net: NetName=GND Pin=Socket6-17
Removed Pin From Net: NetName=RX_SYTH_SCLK Pin=Socket6-18
Removed Pin From Net: NetName=GND Pin=Socket6-19
Removed Pin From Net: NetName=RX_SYTH_DATA Pin=Socket6-22
Removed Pin From Net: NetName=NetC104_1 Pin=Socket6-25
Removed Pin From Net: NetName=RX_SYTH_LE Pin=Socket6-26
Removed Pin From Net: NetName=NetC104_1 Pin=Socket6-27
Removed Pin From Net: NetName=NetC104_1 Pin=Socket6-29
Removed Pin From Net: NetName=NetC103_1 Pin=Socket8-5
Removed Pin From Net: NetName=GND Pin=Socket8-11
Removed Pin From Net: NetName=GND Pin=Socket8-13
Removed Pin From Net: NetName=NetR88_2 Pin=Socket8-14
Removed Pin From Net: NetName=GND Pin=Socket8-15
Removed Pin From Net: NetName=GND Pin=Socket8-17
Removed Pin From Net: NetName=RX_ATT_SCLK Pin=Socket8-18
Removed Pin From Net: NetName=GND Pin=Socket8-19
Removed Pin From Net: NetName=RX_ATT_SI Pin=Socket8-22
Removed Pin From Net: NetName=NetC104_1 Pin=Socket8-25
Removed Pin From Net: NetName=RX_ATT_LE Pin=Socket8-26
Removed Pin From Net: NetName=NetC104_1 Pin=Socket8-27
Removed Pin From Net: NetName=NetC104_1 Pin=Socket8-29
Removed Member From Class: ClassName=MotherBoard_Interconnect Member=C101
Removed Member From Class: ClassName=MotherBoard_Interconnect Member=R79
Change Component DesignItemId : Designator=Socket1 Old DesignItemId=Socket1 New DesignItemId=Socket3
Change Component DesignItemId : Designator=Socket3 Old DesignItemId=Socket1 New DesignItemId=Socket3
Change Component DesignItemId : Designator=Socket4 Old DesignItemId=Socket1 New DesignItemId=Socket3
Change Component DesignItemId : Designator=Socket5 Old DesignItemId=Socket1 New DesignItemId=Socket3
Change Component DesignItemId : Designator=Socket6 Old DesignItemId=Socket1 New DesignItemId=Socket3
Change Component DesignItemId : Designator=Socket8 Old DesignItemId=Socket1 New DesignItemId=Socket3
Change Component Footprint: Designator=Socket1 Old Footprint=Socket1_L New Footprint=Socket3_L
Change Component Footprint: Designator=Socket3 Old Footprint=Socket1_L New Footprint=Socket3_L
Change Component Footprint: Designator=Socket4 Old Footprint=Socket1_L New Footprint=Socket3_L
Change Component Footprint: Designator=Socket8 Old Footprint=Socket1_R New Footprint=Socket3_L
Change Component Footprint: Designator=Socket5 Old Footprint=Socket1_R New Footprint=Socket3_R
Change Component Footprint: Designator=Socket6 Old Footprint=Socket1_R New Footprint=Socket3_R
Change Component Comment : Designator=Socket1 Old Comment=Socket1 New Comment=Socket3
Change Component Comment : Designator=Socket3 Old Comment=Socket1 New Comment=Socket3
Change Component Comment : Designator=Socket4 Old Comment=Socket1 New Comment=Socket3
Change Component Comment : Designator=Socket5 Old Comment=Socket1 New Comment=Socket3
Change Component Comment : Designator=Socket6 Old Comment=Socket1 New Comment=Socket3
Change Component Comment : Designator=Socket8 Old Comment=Socket1 New Comment=Socket3
Added Component: Designator=C102(0805 SMD Passive)
Added Component: Designator=Header7(Header4)
Added Component: Designator=R88(0805 SMD Passive)
Added Pin To Net: NetName=TXDETECTOR Pin=C102-1
Added Pin To Net: NetName=GND Pin=Header7-1
Added Pin To Net: NetName=GND Pin=Header7-3
Added Pin To Net: NetName=GND Pin=Header7-5
Added Pin To Net: NetName=TXDETECTOR Pin=R88-1
Added Pin To Net: NetName=NetR79_2 Pin=R88-2
Added Pin To Net: NetName=NetR88_2 Pin=R88-2
Added Pin To Net: NetName=TX_SYTH_AUX_REF_CLK Pin=Socket1-2
Added Pin To Net: NetName=GND Pin=Socket1-3
Added Pin To Net: NetName=TX_SYTH_MUX Pin=Socket1-4
Added Pin To Net: NetName=GND Pin=Socket1-5
Added Pin To Net: NetName=TX_SYTH_SCLK Pin=Socket1-6
Added Pin To Net: NetName=NetC105_1 Pin=Socket1-7
Added Pin To Net: NetName=TX_SYTH_DATA Pin=Socket1-8
Added Pin To Net: NetName=NetC105_1 Pin=Socket1-9
Added Pin To Net: NetName=TX_SYTH_LE Pin=Socket1-10
Added Pin To Net: NetName=NetC104_1 Pin=Socket3-2
Added Pin To Net: NetName=NetC104_1 Pin=Socket3-4
Added Pin To Net: NetName=GND Pin=Socket3-5
Added Pin To Net: NetName=TX_ATT_SCLK Pin=Socket3-6
Added Pin To Net: NetName=GND Pin=Socket3-7
Added Pin To Net: NetName=TX_ATT_SI Pin=Socket3-8
Added Pin To Net: NetName=NetR88_2 Pin=Socket3-9
Added Pin To Net: NetName=TX_ATT_LE Pin=Socket3-10
Added Pin To Net: NetName=GND Pin=Socket4-5
Added Pin To Net: NetName=AMP_5V Pin=Socket4-6
Added Pin To Net: NetName=GND Pin=Socket4-7
Added Pin To Net: NetName=AMP_5V Pin=Socket4-8
Added Pin To Net: NetName=AMP_5V Pin=Socket4-10
Added Pin To Net: NetName=RX_SYTH_AUX_REF_CLK Pin=Socket5-2
Added Pin To Net: NetName=GND Pin=Socket5-3
Added Pin To Net: NetName=RX_SYTH_MUX Pin=Socket5-4
Added Pin To Net: NetName=GND Pin=Socket5-5
Added Pin To Net: NetName=RX_SYTH_SCLK Pin=Socket5-6
Added Pin To Net: NetName=NetC104_1 Pin=Socket5-7
Added Pin To Net: NetName=RX_SYTH_DATA Pin=Socket5-8
Added Pin To Net: NetName=NetC104_1 Pin=Socket5-9
Added Pin To Net: NetName=RX_SYTH_LE Pin=Socket5-10
Added Pin To Net: NetName=NetC104_1 Pin=Socket6-2
Added Pin To Net: NetName=NetC104_1 Pin=Socket6-4
Added Pin To Net: NetName=GND Pin=Socket6-5
Added Pin To Net: NetName=RX_ATT_SCLK Pin=Socket6-6
Added Pin To Net: NetName=GND Pin=Socket6-7
Added Pin To Net: NetName=RX_ATT_SI Pin=Socket6-8
Added Pin To Net: NetName=NetR79_2 Pin=Socket6-9
Added Pin To Net: NetName=RX_ATT_LE Pin=Socket6-10
Added Pin To Net: NetName=GND Pin=Socket8-5
Added Pin To Net: NetName=AMP_5V Pin=Socket8-6
Added Pin To Net: NetName=GND Pin=Socket8-7
Added Pin To Net: NetName=AMP_5V Pin=Socket8-8
Added Pin To Net: NetName=GND Pin=Socket8-9
Added Pin To Net: NetName=AMP_5V Pin=Socket8-10
Change Net Name : Old Net Name=NetR79_2 New Net Name=NetR88_2
Change Net Name : Old Net Name=RX_SYTH_AUX_REF_CLK New Net Name=RX_AUX_REF_CLK
Change Net Name : Old Net Name=TX_SYTH_AUX_REF_CLK New Net Name=TX_AUX_REF_CLK
Added Pin To Net: NetName=FWP_DETECTOR Pin=Header7-4
Added Pin To Net: NetName=FWP_DETECTOR Pin=Socket4-2
Added Net: Name=FWP_DETECTOR
Added Pin To Net: NetName=INPUTDETECTOR Pin=Header7-2
Added Pin To Net: NetName=INPUTDETECTOR Pin=Socket8-2
Added Net: Name=INPUTDETECTOR
Added Pin To Net: NetName=PAM_BIAS Pin=Header4-43
Added Pin To Net: NetName=PAM_BIAS Pin=Socket4-3
Added Net: Name=PAM_BIAS
Added Pin To Net: NetName=RWP_DETECTOR Pin=Header7-6
Added Pin To Net: NetName=RWP_DETECTOR Pin=Socket4-4
Added Net: Name=RWP_DETECTOR
Added Member To Class: ClassName=MotherBoard_Interconnect Member=Component Header7 Header4
