Removed Pin From Net: NetName=TP_8 Pin=Header6-1
Removed Pin From Net: NetName=GND Pin=Header6-2
Removed Pin From Net: NetName=GND Pin=Header6-4
Removed Pin From Net: NetName=TP_7 Pin=Header6-5
Removed Pin From Net: NetName=GND Pin=Header6-6
Removed Pin From Net: NetName=GND Pin=Header6-8
Removed Pin From Net: NetName=TP_6 Pin=Header6-9
Removed Pin From Net: NetName=GND Pin=Header6-10
Removed Pin From Net: NetName=GND Pin=Header6-12
Removed Pin From Net: NetName=TP_5 Pin=Header6-13
Removed Pin From Net: NetName=GND Pin=Header6-14
Removed Pin From Net: NetName=GND Pin=Header6-16
Removed Pin From Net: NetName=TP_4 Pin=Header6-17
Removed Pin From Net: NetName=GND Pin=Header6-18
Removed Pin From Net: NetName=GND Pin=Header6-20
Removed Pin From Net: NetName=TP_3 Pin=Header6-21
Removed Pin From Net: NetName=GND Pin=Header6-22
Removed Pin From Net: NetName=GND Pin=Header6-24
Removed Pin From Net: NetName=TP_2 Pin=Header6-25
Removed Pin From Net: NetName=GND Pin=Header6-26
Removed Pin From Net: NetName=GND Pin=Header6-28
Removed Pin From Net: NetName=TP_1 Pin=Header6-29
Removed Pin From Net: NetName=GND Pin=Header6-30
Added Pin To Net: NetName=GND Pin=Header6-1
Added Pin To Net: NetName=TP_8 Pin=Header6-2
Added Pin To Net: NetName=GND Pin=Header6-3
Added Pin To Net: NetName=GND Pin=Header6-5
Added Pin To Net: NetName=TP_7 Pin=Header6-6
Added Pin To Net: NetName=GND Pin=Header6-7
Added Pin To Net: NetName=GND Pin=Header6-9
Added Pin To Net: NetName=TP_6 Pin=Header6-10
Added Pin To Net: NetName=GND Pin=Header6-11
Added Pin To Net: NetName=GND Pin=Header6-13
Added Pin To Net: NetName=TP_5 Pin=Header6-14
Added Pin To Net: NetName=GND Pin=Header6-15
Added Pin To Net: NetName=GND Pin=Header6-17
Added Pin To Net: NetName=TP_4 Pin=Header6-18
Added Pin To Net: NetName=GND Pin=Header6-19
Added Pin To Net: NetName=GND Pin=Header6-21
Added Pin To Net: NetName=TP_3 Pin=Header6-22
Added Pin To Net: NetName=GND Pin=Header6-23
Added Pin To Net: NetName=GND Pin=Header6-25
Added Pin To Net: NetName=TP_2 Pin=Header6-26
Added Pin To Net: NetName=GND Pin=Header6-27
Added Pin To Net: NetName=GND Pin=Header6-29
Added Pin To Net: NetName=TP_1 Pin=Header6-30
Added Room: Name=MotherBoard_Interconnect
Added Room: Name=MotherBoard_PowerSupply
