Replace Part B1 Balun1 in D:\DIY\HW\ADC_Filter.SchDoc with Balun1 from RadioProjectSchLib.SchLib
Replace Part C17 Cap1 in D:\DIY\HW\ADC_Filter.SchDoc with Cap1 from RadioProjectSchLib.SchLib
Replace Part C18 Cap1 in D:\DIY\HW\ADC_Filter.SchDoc with Cap1 from RadioProjectSchLib.SchLib
Replace Part C19 Cap1 in D:\DIY\HW\ADC_Filter.SchDoc with Cap1 from RadioProjectSchLib.SchLib
Replace Part C20 Cap1 in D:\DIY\HW\ADC_Filter.SchDoc with Cap1 from RadioProjectSchLib.SchLib
Replace Part C21 Cap1 in D:\DIY\HW\ADC_Filter.SchDoc with Cap1 from RadioProjectSchLib.SchLib
Replace Part C22 Cap1 in D:\DIY\HW\ADC_Filter.SchDoc with Cap1 from RadioProjectSchLib.SchLib
Replace Part C23 Cap1 in D:\DIY\HW\ADC_Filter.SchDoc with Cap1 from RadioProjectSchLib.SchLib
Replace Part C24 Cap1 in D:\DIY\HW\ADC_Filter.SchDoc with Cap1 from RadioProjectSchLib.SchLib
Replace Part C25 Cap1 in D:\DIY\HW\ADC_Filter.SchDoc with Cap1 from RadioProjectSchLib.SchLib
Replace Part C26 Cap1 in D:\DIY\HW\ADC_Filter.SchDoc with Cap1 from RadioProjectSchLib.SchLib
Replace Part C27 Cap1 in D:\DIY\HW\ADC_Filter.SchDoc with Cap1 from RadioProjectSchLib.SchLib
Replace Part C28 Cap1 in D:\DIY\HW\ADC_Filter.SchDoc with Cap1 from RadioProjectSchLib.SchLib
Replace Part C29 Cap1 in D:\DIY\HW\ADC_Filter.SchDoc with Cap1 from RadioProjectSchLib.SchLib
Replace Part C30 Cap1 in D:\DIY\HW\ADC_Filter.SchDoc with Cap1 from RadioProjectSchLib.SchLib
Replace Part C31 Cap1 in D:\DIY\HW\ADC_Filter.SchDoc with Cap1 from RadioProjectSchLib.SchLib
Replace Part L1 Ind1 in D:\DIY\HW\ADC_Filter.SchDoc with Ind1 from RadioProjectSchLib.SchLib
Replace Part L2 Ind1 in D:\DIY\HW\ADC_Filter.SchDoc with Ind1 from RadioProjectSchLib.SchLib
Replace Part L3 Ind1 in D:\DIY\HW\ADC_Filter.SchDoc with Ind1 from RadioProjectSchLib.SchLib
Replace Part L4 Ind1 in D:\DIY\HW\ADC_Filter.SchDoc with Ind1 from RadioProjectSchLib.SchLib
Replace Part L5 Ind1 in D:\DIY\HW\ADC_Filter.SchDoc with Ind1 from RadioProjectSchLib.SchLib
Replace Part L6 Ind1 in D:\DIY\HW\ADC_Filter.SchDoc with Ind1 from RadioProjectSchLib.SchLib
Replace Part L7 Ind1 in D:\DIY\HW\ADC_Filter.SchDoc with Ind1 from RadioProjectSchLib.SchLib
Replace Part L8 Ind1 in D:\DIY\HW\ADC_Filter.SchDoc with Ind1 from RadioProjectSchLib.SchLib
Replace Part L9 Ind1 in D:\DIY\HW\ADC_Filter.SchDoc with Ind1 from RadioProjectSchLib.SchLib
Replace Part L10 Ind1 in D:\DIY\HW\ADC_Filter.SchDoc with Ind1 from RadioProjectSchLib.SchLib
Replace Part R19 Res1 in D:\DIY\HW\ADC_Filter.SchDoc with Res1 from RadioProjectSchLib.SchLib
Replace Part R20 Res1 in D:\DIY\HW\ADC_Filter.SchDoc with Res1 from RadioProjectSchLib.SchLib
Replace Part R21 Res1 in D:\DIY\HW\ADC_Filter.SchDoc with Res1 from RadioProjectSchLib.SchLib
Replace Part R22 Res1 in D:\DIY\HW\ADC_Filter.SchDoc with Res1 from RadioProjectSchLib.SchLib
Replace Part R23 Res1 in D:\DIY\HW\ADC_Filter.SchDoc with Res1 from RadioProjectSchLib.SchLib
Replace Part R24 Res1 in D:\DIY\HW\ADC_Filter.SchDoc with Res1 from RadioProjectSchLib.SchLib
Replace Part SMA_1 SMA1 in D:\DIY\HW\ADC_Filter.SchDoc with SMA1 from RadioProjectSchLib.SchLib
Replace Part SMA_2 SMA1 in D:\DIY\HW\ADC_Filter.SchDoc with SMA1 from RadioProjectSchLib.SchLib
