Replace Part ADC_? AD9215 in D:\DIY\HW\ADC_board.SchDoc with AD9215 from RadioProjectSchLib.SchLib
Replace Part B? Balun1 in D:\DIY\HW\ADC_board.SchDoc with Balun1 from RadioProjectSchLib.SchLib
Replace Part B? Balun1 in D:\DIY\HW\ADC_board.SchDoc with Balun1 from RadioProjectSchLib.SchLib
Replace Part C? Cap1 in D:\DIY\HW\ADC_board.SchDoc with Cap1 from RadioProjectSchLib.SchLib
Replace Part C? Cap1 in D:\DIY\HW\ADC_board.SchDoc with Cap1 from RadioProjectSchLib.SchLib
Replace Part C? Cap1 in D:\DIY\HW\ADC_board.SchDoc with Cap1 from RadioProjectSchLib.SchLib
Replace Part C? Cap1 in D:\DIY\HW\ADC_board.SchDoc with Cap1 from RadioProjectSchLib.SchLib
Replace Part C? Cap1 in D:\DIY\HW\ADC_board.SchDoc with Cap1 from RadioProjectSchLib.SchLib
Replace Part C? Cap1 in D:\DIY\HW\ADC_board.SchDoc with Cap1 from RadioProjectSchLib.SchLib
Replace Part C? Cap1 in D:\DIY\HW\ADC_board.SchDoc with Cap1 from RadioProjectSchLib.SchLib
Replace Part C? Cap1 in D:\DIY\HW\ADC_board.SchDoc with Cap1 from RadioProjectSchLib.SchLib
Replace Part C? Cap1 in D:\DIY\HW\ADC_board.SchDoc with Cap1 from RadioProjectSchLib.SchLib
Replace Part C? Cap1 in D:\DIY\HW\ADC_board.SchDoc with Cap1 from RadioProjectSchLib.SchLib
Replace Part C? Cap1 in D:\DIY\HW\ADC_board.SchDoc with Cap1 from RadioProjectSchLib.SchLib
Replace Part C? Cap1 in D:\DIY\HW\ADC_board.SchDoc with Cap1 from RadioProjectSchLib.SchLib
Replace Part C? Cap1 in D:\DIY\HW\ADC_board.SchDoc with Cap1 from RadioProjectSchLib.SchLib
Replace Part C? Cap1 in D:\DIY\HW\ADC_board.SchDoc with Cap1 from RadioProjectSchLib.SchLib
Replace Part C? Cap1 in D:\DIY\HW\ADC_board.SchDoc with Cap1 from RadioProjectSchLib.SchLib
Replace Part C? Cap1 in D:\DIY\HW\ADC_board.SchDoc with Cap1 from RadioProjectSchLib.SchLib
Replace Part C? Cap1 in D:\DIY\HW\ADC_board.SchDoc with Cap1 from RadioProjectSchLib.SchLib
Replace Part C? Cap1 in D:\DIY\HW\ADC_board.SchDoc with Cap1 from RadioProjectSchLib.SchLib
Replace Part C? Cap1 in D:\DIY\HW\ADC_board.SchDoc with Cap1 from RadioProjectSchLib.SchLib
Replace Part C? Cap1 in D:\DIY\HW\ADC_board.SchDoc with Cap1 from RadioProjectSchLib.SchLib
Replace Part C? Cap1 in D:\DIY\HW\ADC_board.SchDoc with Cap1 from RadioProjectSchLib.SchLib
Replace Part C? Cap1 in D:\DIY\HW\ADC_board.SchDoc with Cap1 from RadioProjectSchLib.SchLib
Replace Part C? Cap1 in D:\DIY\HW\ADC_board.SchDoc with Cap1 from RadioProjectSchLib.SchLib
Replace Part C? Cap1 in D:\DIY\HW\ADC_board.SchDoc with Cap1 from RadioProjectSchLib.SchLib
Replace Part C? Cap1 in D:\DIY\HW\ADC_board.SchDoc with Cap1 from RadioProjectSchLib.SchLib
Replace Part C? Cap1 in D:\DIY\HW\ADC_board.SchDoc with Cap1 from RadioProjectSchLib.SchLib
Replace Part C? Cap1 in D:\DIY\HW\ADC_board.SchDoc with Cap1 from RadioProjectSchLib.SchLib
Replace Part C? Cap1 in D:\DIY\HW\ADC_board.SchDoc with Cap1 from RadioProjectSchLib.SchLib
Replace Part C? Cap1 in D:\DIY\HW\ADC_board.SchDoc with Cap1 from RadioProjectSchLib.SchLib
Replace Part Header? Header1 in D:\DIY\HW\ADC_board.SchDoc with Header1 from RadioProjectSchLib.SchLib
Replace Part L? Ind1 in D:\DIY\HW\ADC_board.SchDoc with Ind1 from RadioProjectSchLib.SchLib
Replace Part L? Ind1 in D:\DIY\HW\ADC_board.SchDoc with Ind1 from RadioProjectSchLib.SchLib
Replace Part L? Ind1 in D:\DIY\HW\ADC_board.SchDoc with Ind1 from RadioProjectSchLib.SchLib
Replace Part L? Ind1 in D:\DIY\HW\ADC_board.SchDoc with Ind1 from RadioProjectSchLib.SchLib
Replace Part L? Ind1 in D:\DIY\HW\ADC_board.SchDoc with Ind1 from RadioProjectSchLib.SchLib
Replace Part L? Ind1 in D:\DIY\HW\ADC_board.SchDoc with Ind1 from RadioProjectSchLib.SchLib
Replace Part R? Res1 in D:\DIY\HW\ADC_board.SchDoc with Res1 from RadioProjectSchLib.SchLib
Replace Part R? Res1 in D:\DIY\HW\ADC_board.SchDoc with Res1 from RadioProjectSchLib.SchLib
Replace Part R? Res1 in D:\DIY\HW\ADC_board.SchDoc with Res1 from RadioProjectSchLib.SchLib
Replace Part R? Res1 in D:\DIY\HW\ADC_board.SchDoc with Res1 from RadioProjectSchLib.SchLib
Replace Part R? Res1 in D:\DIY\HW\ADC_board.SchDoc with Res1 from RadioProjectSchLib.SchLib
Replace Part R? Res1 in D:\DIY\HW\ADC_board.SchDoc with Res1 from RadioProjectSchLib.SchLib
Replace Part R? Res1 in D:\DIY\HW\ADC_board.SchDoc with Res1 from RadioProjectSchLib.SchLib
Replace Part R? Res1 in D:\DIY\HW\ADC_board.SchDoc with Res1 from RadioProjectSchLib.SchLib
Replace Part R? Res1 in D:\DIY\HW\ADC_board.SchDoc with Res1 from RadioProjectSchLib.SchLib
Replace Part R? Res1 in D:\DIY\HW\ADC_board.SchDoc with Res1 from RadioProjectSchLib.SchLib
Replace Part R? Res1 in D:\DIY\HW\ADC_board.SchDoc with Res1 from RadioProjectSchLib.SchLib
Replace Part R? Res1 in D:\DIY\HW\ADC_board.SchDoc with Res1 from RadioProjectSchLib.SchLib
Replace Part R? Res1 in D:\DIY\HW\ADC_board.SchDoc with Res1 from RadioProjectSchLib.SchLib
Replace Part R? Res1 in D:\DIY\HW\ADC_board.SchDoc with Res1 from RadioProjectSchLib.SchLib
Replace Part R? Res1 in D:\DIY\HW\ADC_board.SchDoc with Res1 from RadioProjectSchLib.SchLib
Replace Part R? Res1 in D:\DIY\HW\ADC_board.SchDoc with Res1 from RadioProjectSchLib.SchLib
Replace Part R? Res1 in D:\DIY\HW\ADC_board.SchDoc with Res1 from RadioProjectSchLib.SchLib
Replace Part R? Res1 in D:\DIY\HW\ADC_board.SchDoc with Res1 from RadioProjectSchLib.SchLib
Replace Part R? Res1 in D:\DIY\HW\ADC_board.SchDoc with Res1 from RadioProjectSchLib.SchLib
Replace Part R? Res1 in D:\DIY\HW\ADC_board.SchDoc with Res1 from RadioProjectSchLib.SchLib
Replace Part R? Res1 in D:\DIY\HW\ADC_board.SchDoc with Res1 from RadioProjectSchLib.SchLib
Replace Part R? VarRes1 in D:\DIY\HW\ADC_board.SchDoc with VarRes1 from RadioProjectSchLib.SchLib
Replace Part R? Res1 in D:\DIY\HW\ADC_board.SchDoc with Res1 from RadioProjectSchLib.SchLib
Replace Part SMA? SMA1 in D:\DIY\HW\ADC_board.SchDoc with SMA1 from RadioProjectSchLib.SchLib
Replace Part SMA? SMA1 in D:\DIY\HW\ADC_board.SchDoc with SMA1 from RadioProjectSchLib.SchLib
