Replace Part ADC_1 AD9215 in D:\DIY\HW\ADC_board.SchDoc with AD9215 from RadioProjectSchLib.SchLib
Replace Part C1 Cap1 in D:\DIY\HW\ADC_board.SchDoc with Cap1 from RadioProjectSchLib.SchLib
Replace Part C2 Cap1 in D:\DIY\HW\ADC_board.SchDoc with Cap1 from RadioProjectSchLib.SchLib
Replace Part C3 Cap2 in D:\DIY\HW\ADC_board.SchDoc with Cap2 from RadioProjectSchLib.SchLib
Replace Part C4 Cap1 in D:\DIY\HW\ADC_board.SchDoc with Cap1 from RadioProjectSchLib.SchLib
Replace Part C5 Cap1 in D:\DIY\HW\ADC_board.SchDoc with Cap1 from RadioProjectSchLib.SchLib
Replace Part C6 Cap1 in D:\DIY\HW\ADC_board.SchDoc with Cap1 from RadioProjectSchLib.SchLib
Replace Part C7 Cap1 in D:\DIY\HW\ADC_board.SchDoc with Cap1 from RadioProjectSchLib.SchLib
Replace Part C8 Cap1 in D:\DIY\HW\ADC_board.SchDoc with Cap1 from RadioProjectSchLib.SchLib
Replace Part C9 Cap1 in D:\DIY\HW\ADC_board.SchDoc with Cap1 from RadioProjectSchLib.SchLib
Replace Part C10 Cap1 in D:\DIY\HW\ADC_board.SchDoc with Cap1 from RadioProjectSchLib.SchLib
Replace Part C11 Cap1 in D:\DIY\HW\ADC_board.SchDoc with Cap1 from RadioProjectSchLib.SchLib
Replace Part C12 Cap1 in D:\DIY\HW\ADC_board.SchDoc with Cap1 from RadioProjectSchLib.SchLib
Replace Part C13 Cap1 in D:\DIY\HW\ADC_board.SchDoc with Cap1 from RadioProjectSchLib.SchLib
Replace Part C14 Cap1 in D:\DIY\HW\ADC_board.SchDoc with Cap1 from RadioProjectSchLib.SchLib
Replace Part C15 Cap1 in D:\DIY\HW\ADC_board.SchDoc with Cap1 from RadioProjectSchLib.SchLib
Replace Part C16 Cap1 in D:\DIY\HW\ADC_board.SchDoc with Cap1 from RadioProjectSchLib.SchLib
Replace Part Header1 Header1 in D:\DIY\HW\ADC_board.SchDoc with Header1 from RadioProjectSchLib.SchLib
Replace Part R1 Res1 in D:\DIY\HW\ADC_board.SchDoc with Res1 from RadioProjectSchLib.SchLib
Replace Part R2 VarRes1 in D:\DIY\HW\ADC_board.SchDoc with VarRes1 from RadioProjectSchLib.SchLib
Replace Part R3 Res1 in D:\DIY\HW\ADC_board.SchDoc with Res1 from RadioProjectSchLib.SchLib
Replace Part R4 Res1 in D:\DIY\HW\ADC_board.SchDoc with Res1 from RadioProjectSchLib.SchLib
Replace Part R5 Res1 in D:\DIY\HW\ADC_board.SchDoc with Res1 from RadioProjectSchLib.SchLib
Replace Part R6 Res1 in D:\DIY\HW\ADC_board.SchDoc with Res1 from RadioProjectSchLib.SchLib
Replace Part R7 Res1 in D:\DIY\HW\ADC_board.SchDoc with Res1 from RadioProjectSchLib.SchLib
Replace Part R8 Res1 in D:\DIY\HW\ADC_board.SchDoc with Res1 from RadioProjectSchLib.SchLib
Replace Part R9 Res1 in D:\DIY\HW\ADC_board.SchDoc with Res1 from RadioProjectSchLib.SchLib
Replace Part R10 Res1 in D:\DIY\HW\ADC_board.SchDoc with Res1 from RadioProjectSchLib.SchLib
Replace Part R11 Res1 in D:\DIY\HW\ADC_board.SchDoc with Res1 from RadioProjectSchLib.SchLib
Replace Part R12 Res1 in D:\DIY\HW\ADC_board.SchDoc with Res1 from RadioProjectSchLib.SchLib
Replace Part R13 Res1 in D:\DIY\HW\ADC_board.SchDoc with Res1 from RadioProjectSchLib.SchLib
Replace Part R14 Res1 in D:\DIY\HW\ADC_board.SchDoc with Res1 from RadioProjectSchLib.SchLib
Replace Part R15 Res1 in D:\DIY\HW\ADC_board.SchDoc with Res1 from RadioProjectSchLib.SchLib
Replace Part R16 Res1 in D:\DIY\HW\ADC_board.SchDoc with Res1 from RadioProjectSchLib.SchLib
Replace Part R17 Res1 in D:\DIY\HW\ADC_board.SchDoc with Res1 from RadioProjectSchLib.SchLib
Replace Part R18 Res1 in D:\DIY\HW\ADC_board.SchDoc with Res1 from RadioProjectSchLib.SchLib
