Replace Part C32 Cap1 in D:\DIY\HW\DAC_board.SchDoc with Cap1 from RadioProjectSchLib.SchLib
Replace Part C33 Cap1 in D:\DIY\HW\DAC_board.SchDoc with Cap1 from RadioProjectSchLib.SchLib
Replace Part C34 Cap1 in D:\DIY\HW\DAC_board.SchDoc with Cap1 from RadioProjectSchLib.SchLib
Replace Part C35 Cap1 in D:\DIY\HW\DAC_board.SchDoc with Cap1 from RadioProjectSchLib.SchLib
Replace Part C36 Cap1 in D:\DIY\HW\DAC_board.SchDoc with Cap1 from RadioProjectSchLib.SchLib
Replace Part C37 Cap1 in D:\DIY\HW\DAC_board.SchDoc with Cap1 from RadioProjectSchLib.SchLib
Replace Part C38 Cap1 in D:\DIY\HW\DAC_board.SchDoc with Cap1 from RadioProjectSchLib.SchLib
Replace Part C39 Cap1 in D:\DIY\HW\DAC_board.SchDoc with Cap1 from RadioProjectSchLib.SchLib
Replace Part C40 Cap1 in D:\DIY\HW\DAC_board.SchDoc with Cap1 from RadioProjectSchLib.SchLib
Replace Part C41 Cap1 in D:\DIY\HW\DAC_board.SchDoc with Cap1 from RadioProjectSchLib.SchLib
Replace Part C42 Cap1 in D:\DIY\HW\DAC_board.SchDoc with Cap1 from RadioProjectSchLib.SchLib
Replace Part C43 Cap1 in D:\DIY\HW\DAC_board.SchDoc with Cap1 from RadioProjectSchLib.SchLib
Replace Part C44 Cap1 in D:\DIY\HW\DAC_board.SchDoc with Cap1 from RadioProjectSchLib.SchLib
Replace Part DAC_1 AD9744 in D:\DIY\HW\DAC_board.SchDoc with AD9744 from RadioProjectSchLib.SchLib
Replace Part Header2 Header1 in D:\DIY\HW\DAC_board.SchDoc with Header1 from RadioProjectSchLib.SchLib
Replace Part R25 Res1 in D:\DIY\HW\DAC_board.SchDoc with Res1 from RadioProjectSchLib.SchLib
Replace Part R26 Res1 in D:\DIY\HW\DAC_board.SchDoc with Res1 from RadioProjectSchLib.SchLib
Replace Part R27 Res1 in D:\DIY\HW\DAC_board.SchDoc with Res1 from RadioProjectSchLib.SchLib
Replace Part R28 Res1 in D:\DIY\HW\DAC_board.SchDoc with Res1 from RadioProjectSchLib.SchLib
Replace Part R29 Res1 in D:\DIY\HW\DAC_board.SchDoc with Res1 from RadioProjectSchLib.SchLib
Replace Part R30 Res1 in D:\DIY\HW\DAC_board.SchDoc with Res1 from RadioProjectSchLib.SchLib
Replace Part R31 Res1 in D:\DIY\HW\DAC_board.SchDoc with Res1 from RadioProjectSchLib.SchLib
Replace Part R32 Res1 in D:\DIY\HW\DAC_board.SchDoc with Res1 from RadioProjectSchLib.SchLib
Replace Part R33 Res1 in D:\DIY\HW\DAC_board.SchDoc with Res1 from RadioProjectSchLib.SchLib
Replace Part R34 Res1 in D:\DIY\HW\DAC_board.SchDoc with Res1 from RadioProjectSchLib.SchLib
Replace Part R35 Res1 in D:\DIY\HW\DAC_board.SchDoc with Res1 from RadioProjectSchLib.SchLib
Replace Part R36 Res1 in D:\DIY\HW\DAC_board.SchDoc with Res1 from RadioProjectSchLib.SchLib
Replace Part R37 Res1 in D:\DIY\HW\DAC_board.SchDoc with Res1 from RadioProjectSchLib.SchLib
Replace Part R38 Res1 in D:\DIY\HW\DAC_board.SchDoc with Res1 from RadioProjectSchLib.SchLib
Replace Part R39 Res1 in D:\DIY\HW\DAC_board.SchDoc with Res1 from RadioProjectSchLib.SchLib
Replace Part R40 Res1 in D:\DIY\HW\DAC_board.SchDoc with Res1 from RadioProjectSchLib.SchLib
Replace Part R41 Res1 in D:\DIY\HW\DAC_board.SchDoc with Res1 from RadioProjectSchLib.SchLib
Replace Part R42 Res1 in D:\DIY\HW\DAC_board.SchDoc with Res1 from RadioProjectSchLib.SchLib
Replace Part R43 Res1 in D:\DIY\HW\DAC_board.SchDoc with Res1 from RadioProjectSchLib.SchLib
Replace Part VREF_1 ADR3412 in D:\DIY\HW\DAC_board.SchDoc with ADR3412 from RadioProjectSchLib.SchLib
