Replace Part B2 Balun1 in D:\DIY\HW\DAC_Filter.SchDoc with Balun1 from RadioProjectSchLib.SchLib
Replace Part C45 Cap1 in D:\DIY\HW\DAC_Filter.SchDoc with Cap1 from RadioProjectSchLib.SchLib
Replace Part C46 Cap1 in D:\DIY\HW\DAC_Filter.SchDoc with Cap1 from RadioProjectSchLib.SchLib
Replace Part C47 Cap1 in D:\DIY\HW\DAC_Filter.SchDoc with Cap1 from RadioProjectSchLib.SchLib
Replace Part C48 Cap1 in D:\DIY\HW\DAC_Filter.SchDoc with Cap1 from RadioProjectSchLib.SchLib
Replace Part C49 Cap1 in D:\DIY\HW\DAC_Filter.SchDoc with Cap1 from RadioProjectSchLib.SchLib
Replace Part C50 Cap1 in D:\DIY\HW\DAC_Filter.SchDoc with Cap1 from RadioProjectSchLib.SchLib
Replace Part C51 Cap1 in D:\DIY\HW\DAC_Filter.SchDoc with Cap1 from RadioProjectSchLib.SchLib
Replace Part C52 Cap1 in D:\DIY\HW\DAC_Filter.SchDoc with Cap1 from RadioProjectSchLib.SchLib
Replace Part C53 Cap1 in D:\DIY\HW\DAC_Filter.SchDoc with Cap1 from RadioProjectSchLib.SchLib
Replace Part C54 Cap1 in D:\DIY\HW\DAC_Filter.SchDoc with Cap1 from RadioProjectSchLib.SchLib
Replace Part C55 Cap1 in D:\DIY\HW\DAC_Filter.SchDoc with Cap1 from RadioProjectSchLib.SchLib
Replace Part C56 Cap1 in D:\DIY\HW\DAC_Filter.SchDoc with Cap1 from RadioProjectSchLib.SchLib
Replace Part C57 Cap1 in D:\DIY\HW\DAC_Filter.SchDoc with Cap1 from RadioProjectSchLib.SchLib
Replace Part L11 Ind1 in D:\DIY\HW\DAC_Filter.SchDoc with Ind1 from RadioProjectSchLib.SchLib
Replace Part L12 Ind1 in D:\DIY\HW\DAC_Filter.SchDoc with Ind1 from RadioProjectSchLib.SchLib
Replace Part L13 Ind1 in D:\DIY\HW\DAC_Filter.SchDoc with Ind1 from RadioProjectSchLib.SchLib
Replace Part L14 Ind1 in D:\DIY\HW\DAC_Filter.SchDoc with Ind1 from RadioProjectSchLib.SchLib
Replace Part L15 Ind1 in D:\DIY\HW\DAC_Filter.SchDoc with Ind1 from RadioProjectSchLib.SchLib
Replace Part L16 Ind1 in D:\DIY\HW\DAC_Filter.SchDoc with Ind1 from RadioProjectSchLib.SchLib
Replace Part L17 Ind1 in D:\DIY\HW\DAC_Filter.SchDoc with Ind1 from RadioProjectSchLib.SchLib
Replace Part L18 Ind1 in D:\DIY\HW\DAC_Filter.SchDoc with Ind1 from RadioProjectSchLib.SchLib
Replace Part L19 Ind1 in D:\DIY\HW\DAC_Filter.SchDoc with Ind1 from RadioProjectSchLib.SchLib
Replace Part L20 Ind1 in D:\DIY\HW\DAC_Filter.SchDoc with Ind1 from RadioProjectSchLib.SchLib
Replace Part R44 Res1 in D:\DIY\HW\DAC_Filter.SchDoc with Res1 from RadioProjectSchLib.SchLib
Replace Part R45 Res1 in D:\DIY\HW\DAC_Filter.SchDoc with Res1 from RadioProjectSchLib.SchLib
Replace Part R46 Res1 in D:\DIY\HW\DAC_Filter.SchDoc with Res1 from RadioProjectSchLib.SchLib
Replace Part R47 Res1 in D:\DIY\HW\DAC_Filter.SchDoc with Res1 from RadioProjectSchLib.SchLib
Replace Part R48 Res1 in D:\DIY\HW\DAC_Filter.SchDoc with Res1 from RadioProjectSchLib.SchLib
Replace Part R49 Res1 in D:\DIY\HW\DAC_Filter.SchDoc with Res1 from RadioProjectSchLib.SchLib
Replace Part R50 Res1 in D:\DIY\HW\DAC_Filter.SchDoc with Res1 from RadioProjectSchLib.SchLib
Replace Part SMA_3 SMA1 in D:\DIY\HW\DAC_Filter.SchDoc with SMA1 from RadioProjectSchLib.SchLib
Replace Part SMA_4 SMA1 in D:\DIY\HW\DAC_Filter.SchDoc with SMA1 from RadioProjectSchLib.SchLib
