Replace Part AMP_1 AD8131 in D:\DIY\HW\DownConverter.SchDoc with AD8131 from RadioProjectSchLib.SchLib
Replace Part AMP_2 HMC789ST89E in D:\DIY\HW\DownConverter.SchDoc with HMC789ST89E from RadioProjectSchLib.SchLib
Replace Part B3 Balun1 in D:\DIY\HW\DownConverter.SchDoc with Balun1 from RadioProjectSchLib.SchLib
Replace Part C58 Cap1 in D:\DIY\HW\DownConverter.SchDoc with Cap1 from RadioProjectSchLib.SchLib
Replace Part C59 Cap1 in D:\DIY\HW\DownConverter.SchDoc with Cap1 from RadioProjectSchLib.SchLib
Replace Part C60 Cap1 in D:\DIY\HW\DownConverter.SchDoc with Cap1 from RadioProjectSchLib.SchLib
Replace Part C61 Cap1 in D:\DIY\HW\DownConverter.SchDoc with Cap1 from RadioProjectSchLib.SchLib
Replace Part C62 Cap1 in D:\DIY\HW\DownConverter.SchDoc with Cap1 from RadioProjectSchLib.SchLib
Replace Part C63 Cap1 in D:\DIY\HW\DownConverter.SchDoc with Cap1 from RadioProjectSchLib.SchLib
Replace Part C64 Cap1 in D:\DIY\HW\DownConverter.SchDoc with Cap1 from RadioProjectSchLib.SchLib
Replace Part C65 Cap1 in D:\DIY\HW\DownConverter.SchDoc with Cap1 from RadioProjectSchLib.SchLib
Replace Part C66 Cap1 in D:\DIY\HW\DownConverter.SchDoc with Cap1 from RadioProjectSchLib.SchLib
Replace Part C67 Cap1 in D:\DIY\HW\DownConverter.SchDoc with Cap1 from RadioProjectSchLib.SchLib
Replace Part C68 Cap1 in D:\DIY\HW\DownConverter.SchDoc with Cap1 from RadioProjectSchLib.SchLib
Replace Part C69 Cap1 in D:\DIY\HW\DownConverter.SchDoc with Cap1 from RadioProjectSchLib.SchLib
Replace Part C70 Cap1 in D:\DIY\HW\DownConverter.SchDoc with Cap1 from RadioProjectSchLib.SchLib
Replace Part C71 Cap1 in D:\DIY\HW\DownConverter.SchDoc with Cap1 from RadioProjectSchLib.SchLib
Replace Part C72 Cap1 in D:\DIY\HW\DownConverter.SchDoc with Cap1 from RadioProjectSchLib.SchLib
Replace Part C73 Cap1 in D:\DIY\HW\DownConverter.SchDoc with Cap1 from RadioProjectSchLib.SchLib
Replace Part C74 Cap1 in D:\DIY\HW\DownConverter.SchDoc with Cap1 from RadioProjectSchLib.SchLib
Replace Part C75 Cap1 in D:\DIY\HW\DownConverter.SchDoc with Cap1 from RadioProjectSchLib.SchLib
Replace Part C76 Cap1 in D:\DIY\HW\DownConverter.SchDoc with Cap1 from RadioProjectSchLib.SchLib
Replace Part C77 Cap1 in D:\DIY\HW\DownConverter.SchDoc with Cap1 from RadioProjectSchLib.SchLib
Replace Part C78 Cap1 in D:\DIY\HW\DownConverter.SchDoc with Cap1 from RadioProjectSchLib.SchLib
Replace Part C79 Cap1 in D:\DIY\HW\DownConverter.SchDoc with Cap1 from RadioProjectSchLib.SchLib
Replace Part C80 Cap1 in D:\DIY\HW\DownConverter.SchDoc with Cap1 from RadioProjectSchLib.SchLib
Replace Part C81 Cap1 in D:\DIY\HW\DownConverter.SchDoc with Cap1 from RadioProjectSchLib.SchLib
Replace Part C82 Cap1 in D:\DIY\HW\DownConverter.SchDoc with Cap1 from RadioProjectSchLib.SchLib
Replace Part C83 Cap1 in D:\DIY\HW\DownConverter.SchDoc with Cap1 from RadioProjectSchLib.SchLib
Replace Part C84 Cap1 in D:\DIY\HW\DownConverter.SchDoc with Cap1 from RadioProjectSchLib.SchLib
Replace Part C85 Cap1 in D:\DIY\HW\DownConverter.SchDoc with Cap1 from RadioProjectSchLib.SchLib
Replace Part C86 Cap1 in D:\DIY\HW\DownConverter.SchDoc with Cap1 from RadioProjectSchLib.SchLib
Replace Part C87 Cap1 in D:\DIY\HW\DownConverter.SchDoc with Cap1 from RadioProjectSchLib.SchLib
Replace Part C88 Cap1 in D:\DIY\HW\DownConverter.SchDoc with Cap1 from RadioProjectSchLib.SchLib
Replace Part C89 Cap1 in D:\DIY\HW\DownConverter.SchDoc with Cap1 from RadioProjectSchLib.SchLib
Replace Part C90 Cap1 in D:\DIY\HW\DownConverter.SchDoc with Cap1 from RadioProjectSchLib.SchLib
Replace Part C91 Cap1 in D:\DIY\HW\DownConverter.SchDoc with Cap1 from RadioProjectSchLib.SchLib
Replace Part C92 Cap1 in D:\DIY\HW\DownConverter.SchDoc with Cap1 from RadioProjectSchLib.SchLib
Replace Part C93 Cap1 in D:\DIY\HW\DownConverter.SchDoc with Cap1 from RadioProjectSchLib.SchLib
Replace Part C94 Cap1 in D:\DIY\HW\DownConverter.SchDoc with Cap1 from RadioProjectSchLib.SchLib
Replace Part C95 Cap1 in D:\DIY\HW\DownConverter.SchDoc with Cap1 from RadioProjectSchLib.SchLib
Replace Part C96 Cap1 in D:\DIY\HW\DownConverter.SchDoc with Cap1 from RadioProjectSchLib.SchLib
Replace Part C97 Cap1 in D:\DIY\HW\DownConverter.SchDoc with Cap1 from RadioProjectSchLib.SchLib
Replace Part C98 Cap1 in D:\DIY\HW\DownConverter.SchDoc with Cap1 from RadioProjectSchLib.SchLib
Replace Part C99 Cap1 in D:\DIY\HW\DownConverter.SchDoc with Cap1 from RadioProjectSchLib.SchLib
Replace Part C100 Cap1 in D:\DIY\HW\DownConverter.SchDoc with Cap1 from RadioProjectSchLib.SchLib
Replace Part DET_1 LT5538 in D:\DIY\HW\DownConverter.SchDoc with LT5538 from RadioProjectSchLib.SchLib
Replace Part DIG_ATT_1 HMC8073 in D:\DIY\HW\DownConverter.SchDoc with HMC8073 from RadioProjectSchLib.SchLib
Replace Part Header3 Header1 in D:\DIY\HW\DownConverter.SchDoc with Header1 from RadioProjectSchLib.SchLib
Replace Part L21 Ind1 in D:\DIY\HW\DownConverter.SchDoc with Ind1 from RadioProjectSchLib.SchLib
Replace Part L22 Ind1 in D:\DIY\HW\DownConverter.SchDoc with Ind1 from RadioProjectSchLib.SchLib
Replace Part MIX_1 ADL5365 in D:\DIY\HW\DownConverter.SchDoc with ADL5365 from RadioProjectSchLib.SchLib
Replace Part R51 Res1 in D:\DIY\HW\DownConverter.SchDoc with Res1 from RadioProjectSchLib.SchLib
Replace Part R52 Res1 in D:\DIY\HW\DownConverter.SchDoc with Res1 from RadioProjectSchLib.SchLib
Replace Part R53 Res1 in D:\DIY\HW\DownConverter.SchDoc with Res1 from RadioProjectSchLib.SchLib
Replace Part R54 Res1 in D:\DIY\HW\DownConverter.SchDoc with Res1 from RadioProjectSchLib.SchLib
Replace Part R55 Res1 in D:\DIY\HW\DownConverter.SchDoc with Res1 from RadioProjectSchLib.SchLib
Replace Part R56 Res1 in D:\DIY\HW\DownConverter.SchDoc with Res1 from RadioProjectSchLib.SchLib
Replace Part R57 Res1 in D:\DIY\HW\DownConverter.SchDoc with Res1 from RadioProjectSchLib.SchLib
Replace Part R58 Res1 in D:\DIY\HW\DownConverter.SchDoc with Res1 from RadioProjectSchLib.SchLib
Replace Part R59 Res1 in D:\DIY\HW\DownConverter.SchDoc with Res1 from RadioProjectSchLib.SchLib
Replace Part R60 Res1 in D:\DIY\HW\DownConverter.SchDoc with Res1 from RadioProjectSchLib.SchLib
Replace Part R61 Res1 in D:\DIY\HW\DownConverter.SchDoc with Res1 from RadioProjectSchLib.SchLib
Replace Part R62 Res1 in D:\DIY\HW\DownConverter.SchDoc with Res1 from RadioProjectSchLib.SchLib
Replace Part R63 Res1 in D:\DIY\HW\DownConverter.SchDoc with Res1 from RadioProjectSchLib.SchLib
Replace Part R64 Res1 in D:\DIY\HW\DownConverter.SchDoc with Res1 from RadioProjectSchLib.SchLib
Replace Part R65 Res1 in D:\DIY\HW\DownConverter.SchDoc with Res1 from RadioProjectSchLib.SchLib
Replace Part R66 Res1 in D:\DIY\HW\DownConverter.SchDoc with Res1 from RadioProjectSchLib.SchLib
Replace Part R67 Res1 in D:\DIY\HW\DownConverter.SchDoc with Res1 from RadioProjectSchLib.SchLib
Replace Part R68 Res1 in D:\DIY\HW\DownConverter.SchDoc with Res1 from RadioProjectSchLib.SchLib
Replace Part R69 Res1 in D:\DIY\HW\DownConverter.SchDoc with Res1 from RadioProjectSchLib.SchLib
Replace Part R70 Res1 in D:\DIY\HW\DownConverter.SchDoc with Res1 from RadioProjectSchLib.SchLib
Replace Part R71 Res1 in D:\DIY\HW\DownConverter.SchDoc with Res1 from RadioProjectSchLib.SchLib
Replace Part R72 Res1 in D:\DIY\HW\DownConverter.SchDoc with Res1 from RadioProjectSchLib.SchLib
Replace Part R73 Res1 in D:\DIY\HW\DownConverter.SchDoc with Res1 from RadioProjectSchLib.SchLib
Replace Part R74 Res1 in D:\DIY\HW\DownConverter.SchDoc with Res1 from RadioProjectSchLib.SchLib
Replace Part R75 Res1 in D:\DIY\HW\DownConverter.SchDoc with Res1 from RadioProjectSchLib.SchLib
Replace Part R76 Res1 in D:\DIY\HW\DownConverter.SchDoc with Res1 from RadioProjectSchLib.SchLib
Replace Part R77 Res1 in D:\DIY\HW\DownConverter.SchDoc with Res1 from RadioProjectSchLib.SchLib
Replace Part R78 Res1 in D:\DIY\HW\DownConverter.SchDoc with Res1 from RadioProjectSchLib.SchLib
Replace Part SMA_5 SMA1 in D:\DIY\HW\DownConverter.SchDoc with SMA1 from RadioProjectSchLib.SchLib
Replace Part SMA_6 SMA1 in D:\DIY\HW\DownConverter.SchDoc with SMA1 from RadioProjectSchLib.SchLib
Replace Part SMA_7 SMA1 in D:\DIY\HW\DownConverter.SchDoc with SMA1 from RadioProjectSchLib.SchLib
