Replace Part C103 Cap2 in D:\DIY\HW\MotherBoard_PowerSupply.SchDoc with Cap2 from RadioProjectSchLib.SchLib
Replace Part C104 Cap2 in D:\DIY\HW\MotherBoard_PowerSupply.SchDoc with Cap2 from RadioProjectSchLib.SchLib
Replace Part C105 Cap2 in D:\DIY\HW\MotherBoard_PowerSupply.SchDoc with Cap2 from RadioProjectSchLib.SchLib
Replace Part C106 Cap2 in D:\DIY\HW\MotherBoard_PowerSupply.SchDoc with Cap2 from RadioProjectSchLib.SchLib
Replace Part C107 Cap1 in D:\DIY\HW\MotherBoard_PowerSupply.SchDoc with Cap1 from RadioProjectSchLib.SchLib
Replace Part C108 Cap1 in D:\DIY\HW\MotherBoard_PowerSupply.SchDoc with Cap1 from RadioProjectSchLib.SchLib
Replace Part C109 Cap1 in D:\DIY\HW\MotherBoard_PowerSupply.SchDoc with Cap1 from RadioProjectSchLib.SchLib
Replace Part C110 Cap1 in D:\DIY\HW\MotherBoard_PowerSupply.SchDoc with Cap1 from RadioProjectSchLib.SchLib
Replace Part C111 Cap1 in D:\DIY\HW\MotherBoard_PowerSupply.SchDoc with Cap1 from RadioProjectSchLib.SchLib
Replace Part C112 Cap1 in D:\DIY\HW\MotherBoard_PowerSupply.SchDoc with Cap1 from RadioProjectSchLib.SchLib
Replace Part C113 Cap1 in D:\DIY\HW\MotherBoard_PowerSupply.SchDoc with Cap1 from RadioProjectSchLib.SchLib
Replace Part C114 Cap1 in D:\DIY\HW\MotherBoard_PowerSupply.SchDoc with Cap1 from RadioProjectSchLib.SchLib
Replace Part C115 Cap1 in D:\DIY\HW\MotherBoard_PowerSupply.SchDoc with Cap1 from RadioProjectSchLib.SchLib
Replace Part C116 Cap1 in D:\DIY\HW\MotherBoard_PowerSupply.SchDoc with Cap1 from RadioProjectSchLib.SchLib
Replace Part C117 Cap1 in D:\DIY\HW\MotherBoard_PowerSupply.SchDoc with Cap1 from RadioProjectSchLib.SchLib
Replace Part C118 Cap2 in D:\DIY\HW\MotherBoard_PowerSupply.SchDoc with Cap2 from RadioProjectSchLib.SchLib
Replace Part C119 Cap1 in D:\DIY\HW\MotherBoard_PowerSupply.SchDoc with Cap1 from RadioProjectSchLib.SchLib
Replace Part C120 Cap1 in D:\DIY\HW\MotherBoard_PowerSupply.SchDoc with Cap1 from RadioProjectSchLib.SchLib
Replace Part C121 Cap1 in D:\DIY\HW\MotherBoard_PowerSupply.SchDoc with Cap1 from RadioProjectSchLib.SchLib
Replace Part C122 Cap1 in D:\DIY\HW\MotherBoard_PowerSupply.SchDoc with Cap1 from RadioProjectSchLib.SchLib
Replace Part C123 Cap1 in D:\DIY\HW\MotherBoard_PowerSupply.SchDoc with Cap1 from RadioProjectSchLib.SchLib
Replace Part C124 Cap1 in D:\DIY\HW\MotherBoard_PowerSupply.SchDoc with Cap1 from RadioProjectSchLib.SchLib
Replace Part C204 Cap2 in D:\DIY\HW\MotherBoard_PowerSupply.SchDoc with Cap2 from RadioProjectSchLib.SchLib
Replace Part Conn_1 DC_Connector in D:\DIY\HW\MotherBoard_PowerSupply.SchDoc with DC_Connector from RadioProjectSchLib.SchLib
Replace Part Conn_2 DC_Connector in D:\DIY\HW\MotherBoard_PowerSupply.SchDoc with DC_Connector from RadioProjectSchLib.SchLib
Replace Part Conn_3 DC_Connector_M in D:\DIY\HW\MotherBoard_PowerSupply.SchDoc with DC_Connector_M from RadioProjectSchLib.SchLib
Replace Part Conn_4 DC_Connector_M in D:\DIY\HW\MotherBoard_PowerSupply.SchDoc with DC_Connector_M from RadioProjectSchLib.SchLib
Replace Part Conn_5 DC_Connector_M in D:\DIY\HW\MotherBoard_PowerSupply.SchDoc with DC_Connector_M from RadioProjectSchLib.SchLib
Replace Part FB1 FerritBead in D:\DIY\HW\MotherBoard_PowerSupply.SchDoc with FerritBead from RadioProjectSchLib.SchLib
Replace Part FB2 FerritBead in D:\DIY\HW\MotherBoard_PowerSupply.SchDoc with FerritBead from RadioProjectSchLib.SchLib
Replace Part L23 Ind1 in D:\DIY\HW\MotherBoard_PowerSupply.SchDoc with Ind1 from RadioProjectSchLib.SchLib
Replace Part LDO_1 LTI1965 in D:\DIY\HW\MotherBoard_PowerSupply.SchDoc with LTI1965 from RadioProjectSchLib.SchLib
Replace Part LDO_2 LTI1965 in D:\DIY\HW\MotherBoard_PowerSupply.SchDoc with LTI1965 from RadioProjectSchLib.SchLib
Replace Part LDO_3 LTI1965 in D:\DIY\HW\MotherBoard_PowerSupply.SchDoc with LTI1965 from RadioProjectSchLib.SchLib
Replace Part LDO_4 LTI1965 in D:\DIY\HW\MotherBoard_PowerSupply.SchDoc with LTI1965 from RadioProjectSchLib.SchLib
Replace Part LED9 LED_Green in D:\DIY\HW\MotherBoard_PowerSupply.SchDoc with LED_Green from RadioProjectSchLib.SchLib
Replace Part LED10 LED_Green in D:\DIY\HW\MotherBoard_PowerSupply.SchDoc with LED_Green from RadioProjectSchLib.SchLib
Replace Part LED11 LED_Green in D:\DIY\HW\MotherBoard_PowerSupply.SchDoc with LED_Green from RadioProjectSchLib.SchLib
Replace Part LED12 LED_Green in D:\DIY\HW\MotherBoard_PowerSupply.SchDoc with LED_Green from RadioProjectSchLib.SchLib
Replace Part Power Switch Switch in D:\DIY\HW\MotherBoard_PowerSupply.SchDoc with Switch from RadioProjectSchLib.SchLib
Replace Part R89 Res1 in D:\DIY\HW\MotherBoard_PowerSupply.SchDoc with Res1 from RadioProjectSchLib.SchLib
Replace Part R90 Res1 in D:\DIY\HW\MotherBoard_PowerSupply.SchDoc with Res1 from RadioProjectSchLib.SchLib
Replace Part R91 Res1 in D:\DIY\HW\MotherBoard_PowerSupply.SchDoc with Res1 from RadioProjectSchLib.SchLib
Replace Part R92 Res1 in D:\DIY\HW\MotherBoard_PowerSupply.SchDoc with Res1 from RadioProjectSchLib.SchLib
Replace Part R93 Res1 in D:\DIY\HW\MotherBoard_PowerSupply.SchDoc with Res1 from RadioProjectSchLib.SchLib
Replace Part R94 Res1 in D:\DIY\HW\MotherBoard_PowerSupply.SchDoc with Res1 from RadioProjectSchLib.SchLib
Replace Part R95 Res1 in D:\DIY\HW\MotherBoard_PowerSupply.SchDoc with Res1 from RadioProjectSchLib.SchLib
Replace Part R96 Res1 in D:\DIY\HW\MotherBoard_PowerSupply.SchDoc with Res1 from RadioProjectSchLib.SchLib
Replace Part R97 Res1 in D:\DIY\HW\MotherBoard_PowerSupply.SchDoc with Res1 from RadioProjectSchLib.SchLib
Replace Part R98 Res1 in D:\DIY\HW\MotherBoard_PowerSupply.SchDoc with Res1 from RadioProjectSchLib.SchLib
Replace Part R99 Res1 in D:\DIY\HW\MotherBoard_PowerSupply.SchDoc with Res1 from RadioProjectSchLib.SchLib
Replace Part R100 Res1 in D:\DIY\HW\MotherBoard_PowerSupply.SchDoc with Res1 from RadioProjectSchLib.SchLib
Replace Part R101 Res1 in D:\DIY\HW\MotherBoard_PowerSupply.SchDoc with Res1 from RadioProjectSchLib.SchLib
Replace Part R102 Res1 in D:\DIY\HW\MotherBoard_PowerSupply.SchDoc with Res1 from RadioProjectSchLib.SchLib
Replace Part R103 Res1 in D:\DIY\HW\MotherBoard_PowerSupply.SchDoc with Res1 from RadioProjectSchLib.SchLib
Replace Part R104 Res1 in D:\DIY\HW\MotherBoard_PowerSupply.SchDoc with Res1 from RadioProjectSchLib.SchLib
Replace Part R105 Res1 in D:\DIY\HW\MotherBoard_PowerSupply.SchDoc with Res1 from RadioProjectSchLib.SchLib
Replace Part R106 Res1 in D:\DIY\HW\MotherBoard_PowerSupply.SchDoc with Res1 from RadioProjectSchLib.SchLib
Replace Part R107 Res1 in D:\DIY\HW\MotherBoard_PowerSupply.SchDoc with Res1 from RadioProjectSchLib.SchLib
Replace Part R108 Res1 in D:\DIY\HW\MotherBoard_PowerSupply.SchDoc with Res1 from RadioProjectSchLib.SchLib
Replace Part R109 Res1 in D:\DIY\HW\MotherBoard_PowerSupply.SchDoc with Res1 from RadioProjectSchLib.SchLib
Replace Part SWPS_1 LT8646S in D:\DIY\HW\MotherBoard_PowerSupply.SchDoc with LT8646S from RadioProjectSchLib.SchLib
