Change Component Designator: Old Designator=C? New Designator=C101
Change Component Designator: Old Designator=C? New Designator=C102
Change Component Designator: Old Designator=Header? New Designator=Header4
Change Component Designator: Old Designator=Header? New Designator=Header5
Change Component Designator: Old Designator=Header? New Designator=Header6
Change Component Designator: Old Designator=Header? New Designator=Header7
Change Component Designator: Old Designator=LED? New Designator=LED1
Change Component Designator: Old Designator=LED? New Designator=LED2
Change Component Designator: Old Designator=LED? New Designator=LED3
Change Component Designator: Old Designator=LED? New Designator=LED4
Change Component Designator: Old Designator=LED? New Designator=LED5
Change Component Designator: Old Designator=LED? New Designator=LED6
Change Component Designator: Old Designator=LED? New Designator=LED7
Change Component Designator: Old Designator=LED? New Designator=LED8
Change Component Designator: Old Designator=R? New Designator=R79
Change Component Designator: Old Designator=R? New Designator=R80
Change Component Designator: Old Designator=R? New Designator=R81
Change Component Designator: Old Designator=R? New Designator=R82
Change Component Designator: Old Designator=R? New Designator=R83
Change Component Designator: Old Designator=R? New Designator=R84
Change Component Designator: Old Designator=R? New Designator=R85
Change Component Designator: Old Designator=R? New Designator=R86
Change Component Designator: Old Designator=R? New Designator=R87
Change Component Designator: Old Designator=R? New Designator=R88
Change Component Designator: Old Designator=SMA_? New Designator=SMA_8
Change Component Designator: Old Designator=Socket? New Designator=Socket1
Change Component Designator: Old Designator=Socket? New Designator=Socket2
Change Component Designator: Old Designator=Socket? New Designator=Socket3
Change Component Designator: Old Designator=Socket? New Designator=Socket4
Change Component Designator: Old Designator=Socket? New Designator=Socket5
Change Component Designator: Old Designator=Socket? New Designator=Socket6
Change Component Designator: Old Designator=Socket? New Designator=Socket7
Change Component Designator: Old Designator=Socket? New Designator=Socket8
