Change Component Designator: Old Designator=C115 New Designator=C114
Change Component Designator: Old Designator=C116 New Designator=C117
Change Component Designator: Old Designator=C117 New Designator=C116
Change Component Designator: Old Designator=C118 New Designator=C119
Change Component Designator: Old Designator=C119 New Designator=C118
Change Component Designator: Old Designator=C120 New Designator=C115
Change Component Designator: Old Designator=C204 New Designator=C125
Change Component Designator: Old Designator=FB1 New Designator=FB2
Change Component Designator: Old Designator=FB2 New Designator=FB1
Change Component Designator: Old Designator=LED12 New Designator=LED13
Change Component Designator: Old Designator=NS_? New Designator=NS_1
Change Component Designator: Old Designator=Power Switch New Designator=Power Switch1
Change Component Designator: Old Designator=R96 New Designator=R104
Change Component Designator: Old Designator=R99 New Designator=R97
Change Component Designator: Old Designator=R100 New Designator=R98
Change Component Designator: Old Designator=R101 New Designator=R99
Change Component Designator: Old Designator=R102 New Designator=R100
Change Component Designator: Old Designator=R103 New Designator=R101
Change Component Designator: Old Designator=R104 New Designator=R102
Change Component Designator: Old Designator=R105 New Designator=R106
Change Component Designator: Old Designator=R106 New Designator=R108
Change Component Designator: Old Designator=R107 New Designator=R105
Change Component Designator: Old Designator=R108 New Designator=R109
Change Component Designator: Old Designator=R109 New Designator=R110
Change Component Designator: Old Designator=R? New Designator=R103
Change Component Designator: Old Designator=R? New Designator=R107
Change Component Designator: Old Designator=R? New Designator=R111
Change Component Designator: Old Designator=R? New Designator=R112
