Change Component Designator: Old Designator=C? New Designator=C103
Change Component Designator: Old Designator=C? New Designator=C104
Change Component Designator: Old Designator=C? New Designator=C105
Change Component Designator: Old Designator=C? New Designator=C106
Change Component Designator: Old Designator=C? New Designator=C107
Change Component Designator: Old Designator=C? New Designator=C108
Change Component Designator: Old Designator=C? New Designator=C109
Change Component Designator: Old Designator=C? New Designator=C110
Change Component Designator: Old Designator=C? New Designator=C111
Change Component Designator: Old Designator=C? New Designator=C112
Change Component Designator: Old Designator=C? New Designator=C113
Change Component Designator: Old Designator=C? New Designator=C114
Change Component Designator: Old Designator=C? New Designator=C115
Change Component Designator: Old Designator=C? New Designator=C116
Change Component Designator: Old Designator=C? New Designator=C117
Change Component Designator: Old Designator=C? New Designator=C118
Change Component Designator: Old Designator=C? New Designator=C119
Change Component Designator: Old Designator=C? New Designator=C120
Change Component Designator: Old Designator=C? New Designator=C121
Change Component Designator: Old Designator=Conn_? New Designator=Conn_1
Change Component Designator: Old Designator=Conn_? New Designator=Conn_2
Change Component Designator: Old Designator=D_SUN_? New Designator=D_SUN_1
Change Component Designator: Old Designator=D_SUN_? New Designator=D_SUN_2
Change Component Designator: Old Designator=FB? New Designator=FB1
Change Component Designator: Old Designator=FB? New Designator=FB2
Change Component Designator: Old Designator=LDO_? New Designator=LDO_1
Change Component Designator: Old Designator=LDO_? New Designator=LDO_2
Change Component Designator: Old Designator=LDO_? New Designator=LDO_3
Change Component Designator: Old Designator=LDO_? New Designator=LDO_4
Change Component Designator: Old Designator=LED? New Designator=LED9
Change Component Designator: Old Designator=LED? New Designator=LED10
Change Component Designator: Old Designator=LED? New Designator=LED11
Change Component Designator: Old Designator=LED? New Designator=LED12
Change Component Designator: Old Designator=Power Switch? New Designator=Power Switch1
Change Component Designator: Old Designator=R? New Designator=R89
Change Component Designator: Old Designator=R? New Designator=R90
Change Component Designator: Old Designator=R? New Designator=R91
Change Component Designator: Old Designator=R? New Designator=R92
Change Component Designator: Old Designator=R? New Designator=R93
Change Component Designator: Old Designator=R? New Designator=R94
Change Component Designator: Old Designator=R? New Designator=R95
Change Component Designator: Old Designator=R? New Designator=R96
Change Component Designator: Old Designator=R? New Designator=R97
Change Component Designator: Old Designator=R? New Designator=R98
Change Component Designator: Old Designator=R? New Designator=R99
Change Component Designator: Old Designator=R? New Designator=R100
Change Component Designator: Old Designator=R? New Designator=R101
Change Component Designator: Old Designator=R? New Designator=R102
Change Component Designator: Old Designator=R? New Designator=R103
Change Component Designator: Old Designator=R? New Designator=R104
Change Component Designator: Old Designator=R? New Designator=R105
Change Component Designator: Old Designator=R? New Designator=R106
Change Component Designator: Old Designator=R? New Designator=R107
Change Component Designator: Old Designator=R? New Designator=R108
Change Component Designator: Old Designator=R? New Designator=R109
