Replace Part BNC? BNC1 in D:\DIY\HW\MotherBoard_Interconnect.SchDoc with BNC1 from RadioProjectSchLib.SchLib
Replace Part C101 Cap1 in D:\DIY\HW\MotherBoard_Interconnect.SchDoc with Cap1 from RadioProjectSchLib.SchLib
Replace Part C102 Cap1 in D:\DIY\HW\MotherBoard_Interconnect.SchDoc with Cap1 from RadioProjectSchLib.SchLib
Replace Part Header4 Header2 in D:\DIY\HW\MotherBoard_Interconnect.SchDoc with Header2 from RadioProjectSchLib.SchLib
Replace Part Header5 Header1 in D:\DIY\HW\MotherBoard_Interconnect.SchDoc with Header1 from RadioProjectSchLib.SchLib
Replace Part Header6 Header2 in D:\DIY\HW\MotherBoard_Interconnect.SchDoc with Header2 from RadioProjectSchLib.SchLib
Replace Part LED1 LED_Green in D:\DIY\HW\MotherBoard_Interconnect.SchDoc with LED_Green from RadioProjectSchLib.SchLib
Replace Part LED2 LED_Green in D:\DIY\HW\MotherBoard_Interconnect.SchDoc with LED_Green from RadioProjectSchLib.SchLib
Replace Part LED3 LED_Green in D:\DIY\HW\MotherBoard_Interconnect.SchDoc with LED_Green from RadioProjectSchLib.SchLib
Replace Part LED4 LED_Green in D:\DIY\HW\MotherBoard_Interconnect.SchDoc with LED_Green from RadioProjectSchLib.SchLib
Replace Part LED5 LED_Green in D:\DIY\HW\MotherBoard_Interconnect.SchDoc with LED_Green from RadioProjectSchLib.SchLib
Replace Part LED6 LED_Green in D:\DIY\HW\MotherBoard_Interconnect.SchDoc with LED_Green from RadioProjectSchLib.SchLib
Replace Part LED7 LED_Green in D:\DIY\HW\MotherBoard_Interconnect.SchDoc with LED_Green from RadioProjectSchLib.SchLib
Replace Part LED8 LED_Green in D:\DIY\HW\MotherBoard_Interconnect.SchDoc with LED_Green from RadioProjectSchLib.SchLib
Replace Part R79 Res1 in D:\DIY\HW\MotherBoard_Interconnect.SchDoc with Res1 from RadioProjectSchLib.SchLib
Replace Part R80 Res1 in D:\DIY\HW\MotherBoard_Interconnect.SchDoc with Res1 from RadioProjectSchLib.SchLib
Replace Part R81 Res1 in D:\DIY\HW\MotherBoard_Interconnect.SchDoc with Res1 from RadioProjectSchLib.SchLib
Replace Part R82 Res1 in D:\DIY\HW\MotherBoard_Interconnect.SchDoc with Res1 from RadioProjectSchLib.SchLib
Replace Part R83 Res1 in D:\DIY\HW\MotherBoard_Interconnect.SchDoc with Res1 from RadioProjectSchLib.SchLib
Replace Part R84 Res1 in D:\DIY\HW\MotherBoard_Interconnect.SchDoc with Res1 from RadioProjectSchLib.SchLib
Replace Part R85 Res1 in D:\DIY\HW\MotherBoard_Interconnect.SchDoc with Res1 from RadioProjectSchLib.SchLib
Replace Part R86 Res1 in D:\DIY\HW\MotherBoard_Interconnect.SchDoc with Res1 from RadioProjectSchLib.SchLib
Replace Part R87 Res1 in D:\DIY\HW\MotherBoard_Interconnect.SchDoc with Res1 from RadioProjectSchLib.SchLib
Replace Part R88 Res1 in D:\DIY\HW\MotherBoard_Interconnect.SchDoc with Res1 from RadioProjectSchLib.SchLib
Replace Part Socket1 Socket1 in D:\DIY\HW\MotherBoard_Interconnect.SchDoc with Socket1 from RadioProjectSchLib.SchLib
Replace Part Socket2 Socket1 in D:\DIY\HW\MotherBoard_Interconnect.SchDoc with Socket1 from RadioProjectSchLib.SchLib
Replace Part Socket3 Socket1 in D:\DIY\HW\MotherBoard_Interconnect.SchDoc with Socket1 from RadioProjectSchLib.SchLib
Replace Part Socket4 Socket1 in D:\DIY\HW\MotherBoard_Interconnect.SchDoc with Socket1 from RadioProjectSchLib.SchLib
Replace Part Socket5 Socket1 in D:\DIY\HW\MotherBoard_Interconnect.SchDoc with Socket1 from RadioProjectSchLib.SchLib
Replace Part Socket6 Socket1 in D:\DIY\HW\MotherBoard_Interconnect.SchDoc with Socket1 from RadioProjectSchLib.SchLib
Replace Part Socket7 Socket1 in D:\DIY\HW\MotherBoard_Interconnect.SchDoc with Socket1 from RadioProjectSchLib.SchLib
Replace Part Socket8 Socket1 in D:\DIY\HW\MotherBoard_Interconnect.SchDoc with Socket1 from RadioProjectSchLib.SchLib
