Change Component Designator: Old Designator=C102 New Designator=C?
Change Component Designator: Old Designator=C102 New Designator=C?
Change Component Designator: Old Designator=Header4 New Designator=Header?
Change Component Designator: Old Designator=Header5 New Designator=Header?
Change Component Designator: Old Designator=Header6 New Designator=Header?
Change Component Designator: Old Designator=Header7 New Designator=Header?
Change Component Designator: Old Designator=LED1 New Designator=LED?
Change Component Designator: Old Designator=LED2 New Designator=LED?
Change Component Designator: Old Designator=LED3 New Designator=LED?
Change Component Designator: Old Designator=LED4 New Designator=LED?
Change Component Designator: Old Designator=LED5 New Designator=LED?
Change Component Designator: Old Designator=LED6 New Designator=LED?
Change Component Designator: Old Designator=LED7 New Designator=LED?
Change Component Designator: Old Designator=LED8 New Designator=LED?
Change Component Designator: Old Designator=R80 New Designator=R?
Change Component Designator: Old Designator=R81 New Designator=R?
Change Component Designator: Old Designator=R82 New Designator=R?
Change Component Designator: Old Designator=R83 New Designator=R?
Change Component Designator: Old Designator=R84 New Designator=R?
Change Component Designator: Old Designator=R85 New Designator=R?
Change Component Designator: Old Designator=R86 New Designator=R?
Change Component Designator: Old Designator=R87 New Designator=R?
Change Component Designator: Old Designator=R88 New Designator=R?
Change Component Designator: Old Designator=R88 New Designator=R?
Change Component Designator: Old Designator=SMA_14 New Designator=SMA_?
Change Component Designator: Old Designator=Socket1 New Designator=Socket?
Change Component Designator: Old Designator=Socket2 New Designator=Socket?
Change Component Designator: Old Designator=Socket3 New Designator=Socket?
Change Component Designator: Old Designator=Socket4 New Designator=Socket?
Change Component Designator: Old Designator=Socket5 New Designator=Socket?
Change Component Designator: Old Designator=Socket6 New Designator=Socket?
Change Component Designator: Old Designator=Socket7 New Designator=Socket?
Change Component Designator: Old Designator=Socket8 New Designator=Socket?
