Change Component Designator: Old Designator=AMP_3 New Designator=AMP_?
Change Component Designator: Old Designator=B4 New Designator=B?
Change Component Designator: Old Designator=C125 New Designator=C?
Change Component Designator: Old Designator=C126 New Designator=C?
Change Component Designator: Old Designator=C127 New Designator=C?
Change Component Designator: Old Designator=C128 New Designator=C?
Change Component Designator: Old Designator=C129 New Designator=C?
Change Component Designator: Old Designator=C130 New Designator=C?
Change Component Designator: Old Designator=C131 New Designator=C?
Change Component Designator: Old Designator=C132 New Designator=C?
Change Component Designator: Old Designator=C133 New Designator=C?
Change Component Designator: Old Designator=C134 New Designator=C?
Change Component Designator: Old Designator=C135 New Designator=C?
Change Component Designator: Old Designator=C136 New Designator=C?
Change Component Designator: Old Designator=C137 New Designator=C?
Change Component Designator: Old Designator=C138 New Designator=C?
Change Component Designator: Old Designator=C139 New Designator=C?
Change Component Designator: Old Designator=C140 New Designator=C?
Change Component Designator: Old Designator=C141 New Designator=C?
Change Component Designator: Old Designator=C142 New Designator=C?
Change Component Designator: Old Designator=C143 New Designator=C?
Change Component Designator: Old Designator=C144 New Designator=C?
Change Component Designator: Old Designator=C145 New Designator=C?
Change Component Designator: Old Designator=C146 New Designator=C?
Change Component Designator: Old Designator=C147 New Designator=C?
Change Component Designator: Old Designator=C148 New Designator=C?
Change Component Designator: Old Designator=C149 New Designator=C?
Change Component Designator: Old Designator=C150 New Designator=C?
Change Component Designator: Old Designator=C151 New Designator=C?
Change Component Designator: Old Designator=C152 New Designator=C?
Change Component Designator: Old Designator=C153 New Designator=C?
Change Component Designator: Old Designator=C154 New Designator=C?
Change Component Designator: Old Designator=C155 New Designator=C?
Change Component Designator: Old Designator=C156 New Designator=C?
Change Component Designator: Old Designator=C157 New Designator=C?
Change Component Designator: Old Designator=C158 New Designator=C?
Change Component Designator: Old Designator=C159 New Designator=C?
Change Component Designator: Old Designator=C160 New Designator=C?
Change Component Designator: Old Designator=C161 New Designator=C?
Change Component Designator: Old Designator=C162 New Designator=C?
Change Component Designator: Old Designator=C163 New Designator=C?
Change Component Designator: Old Designator=C164 New Designator=C?
Change Component Designator: Old Designator=C165 New Designator=C?
Change Component Designator: Old Designator=C166 New Designator=C?
Change Component Designator: Old Designator=Header8 New Designator=Header?
Change Component Designator: Old Designator=L24 New Designator=L?
Change Component Designator: Old Designator=L25 New Designator=L?
Change Component Designator: Old Designator=L26 New Designator=L?
Change Component Designator: Old Designator=NS_1 New Designator=NS_?
Change Component Designator: Old Designator=OSC_1 New Designator=OSC_?
Change Component Designator: Old Designator=R110 New Designator=R?
Change Component Designator: Old Designator=R111 New Designator=R?
Change Component Designator: Old Designator=R112 New Designator=R?
Change Component Designator: Old Designator=R113 New Designator=R?
Change Component Designator: Old Designator=R114 New Designator=R?
Change Component Designator: Old Designator=R115 New Designator=R?
Change Component Designator: Old Designator=R116 New Designator=R?
Change Component Designator: Old Designator=R117 New Designator=R?
Change Component Designator: Old Designator=R118 New Designator=R?
Change Component Designator: Old Designator=R119 New Designator=R?
Change Component Designator: Old Designator=R120 New Designator=R?
Change Component Designator: Old Designator=R121 New Designator=R?
Change Component Designator: Old Designator=R122 New Designator=R?
Change Component Designator: Old Designator=R123 New Designator=R?
Change Component Designator: Old Designator=R124 New Designator=R?
Change Component Designator: Old Designator=R125 New Designator=R?
Change Component Designator: Old Designator=R126 New Designator=R?
Change Component Designator: Old Designator=R127 New Designator=R?
Change Component Designator: Old Designator=R128 New Designator=R?
Change Component Designator: Old Designator=R129 New Designator=R?
Change Component Designator: Old Designator=R130 New Designator=R?
Change Component Designator: Old Designator=R131 New Designator=R?
Change Component Designator: Old Designator=SMA_8 New Designator=SMA_?
Change Component Designator: Old Designator=SMA_9 New Designator=SMA_?
Change Component Designator: Old Designator=SMA_10 New Designator=SMA_?
Change Component Designator: Old Designator=SYTH_1 New Designator=SYTH_?
