Replace Part AMP_3 HMC789ST89E in D:\DIY\HW\Synthesizer.SchDoc with HMC789ST89E from RadioProjectSchLib.SchLib
Replace Part B4 Balun4 in D:\DIY\HW\Synthesizer.SchDoc with Balun4 from RadioProjectSchLib.SchLib
Replace Part C125 Cap1 in D:\DIY\HW\Synthesizer.SchDoc with Cap1 from RadioProjectSchLib.SchLib
Replace Part C126 Cap1 in D:\DIY\HW\Synthesizer.SchDoc with Cap1 from RadioProjectSchLib.SchLib
Replace Part C127 Cap1 in D:\DIY\HW\Synthesizer.SchDoc with Cap1 from RadioProjectSchLib.SchLib
Replace Part C128 Cap1 in D:\DIY\HW\Synthesizer.SchDoc with Cap1 from RadioProjectSchLib.SchLib
Replace Part C129 Cap1 in D:\DIY\HW\Synthesizer.SchDoc with Cap1 from RadioProjectSchLib.SchLib
Replace Part C130 Cap1 in D:\DIY\HW\Synthesizer.SchDoc with Cap1 from RadioProjectSchLib.SchLib
Replace Part C131 Cap1 in D:\DIY\HW\Synthesizer.SchDoc with Cap1 from RadioProjectSchLib.SchLib
Replace Part C132 Cap1 in D:\DIY\HW\Synthesizer.SchDoc with Cap1 from RadioProjectSchLib.SchLib
Replace Part C133 Cap1 in D:\DIY\HW\Synthesizer.SchDoc with Cap1 from RadioProjectSchLib.SchLib
Replace Part C134 Cap1 in D:\DIY\HW\Synthesizer.SchDoc with Cap1 from RadioProjectSchLib.SchLib
Replace Part C135 Cap1 in D:\DIY\HW\Synthesizer.SchDoc with Cap1 from RadioProjectSchLib.SchLib
Replace Part C136 Cap1 in D:\DIY\HW\Synthesizer.SchDoc with Cap1 from RadioProjectSchLib.SchLib
Replace Part C137 Cap1 in D:\DIY\HW\Synthesizer.SchDoc with Cap1 from RadioProjectSchLib.SchLib
Replace Part C138 Cap1 in D:\DIY\HW\Synthesizer.SchDoc with Cap1 from RadioProjectSchLib.SchLib
Replace Part C139 Cap1 in D:\DIY\HW\Synthesizer.SchDoc with Cap1 from RadioProjectSchLib.SchLib
Replace Part C140 Cap1 in D:\DIY\HW\Synthesizer.SchDoc with Cap1 from RadioProjectSchLib.SchLib
Replace Part C141 Cap1 in D:\DIY\HW\Synthesizer.SchDoc with Cap1 from RadioProjectSchLib.SchLib
Replace Part C142 Cap1 in D:\DIY\HW\Synthesizer.SchDoc with Cap1 from RadioProjectSchLib.SchLib
Replace Part C143 Cap1 in D:\DIY\HW\Synthesizer.SchDoc with Cap1 from RadioProjectSchLib.SchLib
Replace Part C144 Cap1 in D:\DIY\HW\Synthesizer.SchDoc with Cap1 from RadioProjectSchLib.SchLib
Replace Part C145 Cap1 in D:\DIY\HW\Synthesizer.SchDoc with Cap1 from RadioProjectSchLib.SchLib
Replace Part C146 Cap1 in D:\DIY\HW\Synthesizer.SchDoc with Cap1 from RadioProjectSchLib.SchLib
Replace Part C147 Cap1 in D:\DIY\HW\Synthesizer.SchDoc with Cap1 from RadioProjectSchLib.SchLib
Replace Part C148 Cap1 in D:\DIY\HW\Synthesizer.SchDoc with Cap1 from RadioProjectSchLib.SchLib
Replace Part C149 Cap1 in D:\DIY\HW\Synthesizer.SchDoc with Cap1 from RadioProjectSchLib.SchLib
Replace Part C150 Cap1 in D:\DIY\HW\Synthesizer.SchDoc with Cap1 from RadioProjectSchLib.SchLib
Replace Part C151 Cap1 in D:\DIY\HW\Synthesizer.SchDoc with Cap1 from RadioProjectSchLib.SchLib
Replace Part C152 Cap1 in D:\DIY\HW\Synthesizer.SchDoc with Cap1 from RadioProjectSchLib.SchLib
Replace Part C153 Cap1 in D:\DIY\HW\Synthesizer.SchDoc with Cap1 from RadioProjectSchLib.SchLib
Replace Part C154 Cap1 in D:\DIY\HW\Synthesizer.SchDoc with Cap1 from RadioProjectSchLib.SchLib
Replace Part C155 Cap1 in D:\DIY\HW\Synthesizer.SchDoc with Cap1 from RadioProjectSchLib.SchLib
Replace Part C156 Cap1 in D:\DIY\HW\Synthesizer.SchDoc with Cap1 from RadioProjectSchLib.SchLib
Replace Part C157 Cap1 in D:\DIY\HW\Synthesizer.SchDoc with Cap1 from RadioProjectSchLib.SchLib
Replace Part C158 Cap1 in D:\DIY\HW\Synthesizer.SchDoc with Cap1 from RadioProjectSchLib.SchLib
Replace Part C159 Cap1 in D:\DIY\HW\Synthesizer.SchDoc with Cap1 from RadioProjectSchLib.SchLib
Replace Part C160 Cap1 in D:\DIY\HW\Synthesizer.SchDoc with Cap1 from RadioProjectSchLib.SchLib
Replace Part C161 Cap1 in D:\DIY\HW\Synthesizer.SchDoc with Cap1 from RadioProjectSchLib.SchLib
Replace Part C162 Cap1 in D:\DIY\HW\Synthesizer.SchDoc with Cap1 from RadioProjectSchLib.SchLib
Replace Part C163 Cap1 in D:\DIY\HW\Synthesizer.SchDoc with Cap1 from RadioProjectSchLib.SchLib
Replace Part C164 Cap1 in D:\DIY\HW\Synthesizer.SchDoc with Cap1 from RadioProjectSchLib.SchLib
Replace Part C165 Cap1 in D:\DIY\HW\Synthesizer.SchDoc with Cap1 from RadioProjectSchLib.SchLib
Replace Part C166 Cap1 in D:\DIY\HW\Synthesizer.SchDoc with Cap1 from RadioProjectSchLib.SchLib
Replace Part Header7 Header1 in D:\DIY\HW\Synthesizer.SchDoc with Header1 from RadioProjectSchLib.SchLib
Replace Part L24 Ind1 in D:\DIY\HW\Synthesizer.SchDoc with Ind1 from RadioProjectSchLib.SchLib
Replace Part L25 Ind1 in D:\DIY\HW\Synthesizer.SchDoc with Ind1 from RadioProjectSchLib.SchLib
Replace Part L26 Ind1 in D:\DIY\HW\Synthesizer.SchDoc with Ind1 from RadioProjectSchLib.SchLib
Replace Part OSC_1 LTC6905 in D:\DIY\HW\Synthesizer.SchDoc with LTC6905 from RadioProjectSchLib.SchLib
Replace Part R110 Res1 in D:\DIY\HW\Synthesizer.SchDoc with Res1 from RadioProjectSchLib.SchLib
Replace Part R111 Res1 in D:\DIY\HW\Synthesizer.SchDoc with Res1 from RadioProjectSchLib.SchLib
Replace Part R112 Res1 in D:\DIY\HW\Synthesizer.SchDoc with Res1 from RadioProjectSchLib.SchLib
Replace Part R113 Res1 in D:\DIY\HW\Synthesizer.SchDoc with Res1 from RadioProjectSchLib.SchLib
Replace Part R114 Res1 in D:\DIY\HW\Synthesizer.SchDoc with Res1 from RadioProjectSchLib.SchLib
Replace Part R115 Res1 in D:\DIY\HW\Synthesizer.SchDoc with Res1 from RadioProjectSchLib.SchLib
Replace Part R116 Res1 in D:\DIY\HW\Synthesizer.SchDoc with Res1 from RadioProjectSchLib.SchLib
Replace Part R117 Res1 in D:\DIY\HW\Synthesizer.SchDoc with Res1 from RadioProjectSchLib.SchLib
Replace Part R118 Res1 in D:\DIY\HW\Synthesizer.SchDoc with Res1 from RadioProjectSchLib.SchLib
Replace Part R119 Res1 in D:\DIY\HW\Synthesizer.SchDoc with Res1 from RadioProjectSchLib.SchLib
Replace Part R120 Res1 in D:\DIY\HW\Synthesizer.SchDoc with Res1 from RadioProjectSchLib.SchLib
Replace Part R121 Res1 in D:\DIY\HW\Synthesizer.SchDoc with Res1 from RadioProjectSchLib.SchLib
Replace Part R122 Res1 in D:\DIY\HW\Synthesizer.SchDoc with Res1 from RadioProjectSchLib.SchLib
Replace Part R123 Res1 in D:\DIY\HW\Synthesizer.SchDoc with Res1 from RadioProjectSchLib.SchLib
Replace Part R124 Res1 in D:\DIY\HW\Synthesizer.SchDoc with Res1 from RadioProjectSchLib.SchLib
Replace Part R125 Res1 in D:\DIY\HW\Synthesizer.SchDoc with Res1 from RadioProjectSchLib.SchLib
Replace Part R126 Res1 in D:\DIY\HW\Synthesizer.SchDoc with Res1 from RadioProjectSchLib.SchLib
Replace Part R127 Res1 in D:\DIY\HW\Synthesizer.SchDoc with Res1 from RadioProjectSchLib.SchLib
Replace Part R128 Res1 in D:\DIY\HW\Synthesizer.SchDoc with Res1 from RadioProjectSchLib.SchLib
Replace Part R129 Res1 in D:\DIY\HW\Synthesizer.SchDoc with Res1 from RadioProjectSchLib.SchLib
Replace Part R130 Res1 in D:\DIY\HW\Synthesizer.SchDoc with Res1 from RadioProjectSchLib.SchLib
Replace Part R131 Res1 in D:\DIY\HW\Synthesizer.SchDoc with Res1 from RadioProjectSchLib.SchLib
Replace Part SMA_8 SMA1 in D:\DIY\HW\Synthesizer.SchDoc with SMA1 from RadioProjectSchLib.SchLib
Replace Part SMA_9 SMA1 in D:\DIY\HW\Synthesizer.SchDoc with SMA1 from RadioProjectSchLib.SchLib
Replace Part SMA_10 SMA1 in D:\DIY\HW\Synthesizer.SchDoc with SMA1 from RadioProjectSchLib.SchLib
Replace Part SYTH_1 ADF4355 in D:\DIY\HW\Synthesizer.SchDoc with ADF4355 from RadioProjectSchLib.SchLib
