Change Component Designator: Old Designator=C122 New Designator=C126
Change Component Designator: Old Designator=C123 New Designator=C127
Change Component Designator: Old Designator=C124 New Designator=C128
Change Component Designator: Old Designator=C125 New Designator=C129
Change Component Designator: Old Designator=C126 New Designator=C130
Change Component Designator: Old Designator=C127 New Designator=C131
Change Component Designator: Old Designator=C128 New Designator=C132
Change Component Designator: Old Designator=C129 New Designator=C133
Change Component Designator: Old Designator=C130 New Designator=C134
Change Component Designator: Old Designator=C132 New Designator=C137
Change Component Designator: Old Designator=C133 New Designator=C135
Change Component Designator: Old Designator=C134 New Designator=C136
Change Component Designator: Old Designator=C135 New Designator=C138
Change Component Designator: Old Designator=C135 New Designator=C139
Change Component Designator: Old Designator=C138 New Designator=C141
Change Component Designator: Old Designator=C139 New Designator=C142
Change Component Designator: Old Designator=C141 New Designator=C143
Change Component Designator: Old Designator=C142 New Designator=C144
Change Component Designator: Old Designator=C143 New Designator=C147
Change Component Designator: Old Designator=C144 New Designator=C145
Change Component Designator: Old Designator=C145 New Designator=C146
Change Component Designator: Old Designator=C146 New Designator=C148
Change Component Designator: Old Designator=C147 New Designator=C149
Change Component Designator: Old Designator=C148 New Designator=C150
Change Component Designator: Old Designator=C149 New Designator=C151
Change Component Designator: Old Designator=C150 New Designator=C152
Change Component Designator: Old Designator=C151 New Designator=C153
Change Component Designator: Old Designator=C152 New Designator=C154
Change Component Designator: Old Designator=C153 New Designator=C155
Change Component Designator: Old Designator=C154 New Designator=C156
Change Component Designator: Old Designator=C155 New Designator=C157
Change Component Designator: Old Designator=C156 New Designator=C158
Change Component Designator: Old Designator=C157 New Designator=C159
Change Component Designator: Old Designator=C158 New Designator=C160
Change Component Designator: Old Designator=C159 New Designator=C161
Change Component Designator: Old Designator=C160 New Designator=C162
Change Component Designator: Old Designator=C161 New Designator=C163
Change Component Designator: Old Designator=C162 New Designator=C164
Change Component Designator: Old Designator=C163 New Designator=C165
Change Component Designator: Old Designator=L23 New Designator=L24
Change Component Designator: Old Designator=L24 New Designator=L25
Change Component Designator: Old Designator=L25 New Designator=L26
Change Component Designator: Old Designator=NS_1 New Designator=NS_2
Change Component Designator: Old Designator=R110 New Designator=R113
Change Component Designator: Old Designator=R111 New Designator=R114
Change Component Designator: Old Designator=R112 New Designator=R115
Change Component Designator: Old Designator=R113 New Designator=R116
Change Component Designator: Old Designator=R114 New Designator=R117
Change Component Designator: Old Designator=R115 New Designator=R118
Change Component Designator: Old Designator=R116 New Designator=R119
Change Component Designator: Old Designator=R116 New Designator=R120
Change Component Designator: Old Designator=R117 New Designator=R121
Change Component Designator: Old Designator=R118 New Designator=R122
Change Component Designator: Old Designator=R119 New Designator=R123
Change Component Designator: Old Designator=R120 New Designator=R124
Change Component Designator: Old Designator=R121 New Designator=R125
Change Component Designator: Old Designator=R122 New Designator=R126
Change Component Designator: Old Designator=R123 New Designator=R127
Change Component Designator: Old Designator=R124 New Designator=R128
Change Component Designator: Old Designator=R125 New Designator=R129
Change Component Designator: Old Designator=R126 New Designator=R130
Change Component Designator: Old Designator=R127 New Designator=R131
Change Component Designator: Old Designator=R128 New Designator=R132
Change Component Designator: Old Designator=R129 New Designator=R133
Change Component Designator: Old Designator=R130 New Designator=R134
Change Component Designator: Old Designator=R131 New Designator=R135
Change Component Designator: Old Designator=SYTH_? New Designator=SYTH_1
