Change Component Designator: Old Designator=AMP_4 New Designator=AMP_?
Change Component Designator: Old Designator=B5 New Designator=B?
Change Component Designator: Old Designator=C167 New Designator=C?
Change Component Designator: Old Designator=C168 New Designator=C?
Change Component Designator: Old Designator=C169 New Designator=C?
Change Component Designator: Old Designator=C170 New Designator=C?
Change Component Designator: Old Designator=C171 New Designator=C?
Change Component Designator: Old Designator=C172 New Designator=C?
Change Component Designator: Old Designator=C173 New Designator=C?
Change Component Designator: Old Designator=C174 New Designator=C?
Change Component Designator: Old Designator=C175 New Designator=C?
Change Component Designator: Old Designator=C176 New Designator=C?
Change Component Designator: Old Designator=C177 New Designator=C?
Change Component Designator: Old Designator=C178 New Designator=C?
Change Component Designator: Old Designator=C179 New Designator=C?
Change Component Designator: Old Designator=C180 New Designator=C?
Change Component Designator: Old Designator=C181 New Designator=C?
Change Component Designator: Old Designator=C182 New Designator=C?
Change Component Designator: Old Designator=C183 New Designator=C?
Change Component Designator: Old Designator=C184 New Designator=C?
Change Component Designator: Old Designator=C185 New Designator=C?
Change Component Designator: Old Designator=C186 New Designator=C?
Change Component Designator: Old Designator=C187 New Designator=C?
Change Component Designator: Old Designator=C188 New Designator=C?
Change Component Designator: Old Designator=C189 New Designator=C?
Change Component Designator: Old Designator=C190 New Designator=C?
Change Component Designator: Old Designator=C191 New Designator=C?
Change Component Designator: Old Designator=C192 New Designator=C?
Change Component Designator: Old Designator=C193 New Designator=C?
Change Component Designator: Old Designator=C194 New Designator=C?
Change Component Designator: Old Designator=C195 New Designator=C?
Change Component Designator: Old Designator=C196 New Designator=C?
Change Component Designator: Old Designator=C197 New Designator=C?
Change Component Designator: Old Designator=C198 New Designator=C?
Change Component Designator: Old Designator=C199 New Designator=C?
Change Component Designator: Old Designator=C200 New Designator=C?
Change Component Designator: Old Designator=C201 New Designator=C?
Change Component Designator: Old Designator=C202 New Designator=C?
Change Component Designator: Old Designator=C203 New Designator=C?
Change Component Designator: Old Designator=DET_2 New Designator=DET_?
Change Component Designator: Old Designator=DIG_ATT_2 New Designator=DIG_ATT_?
Change Component Designator: Old Designator=Header9 New Designator=Header?
Change Component Designator: Old Designator=L27 New Designator=L?
Change Component Designator: Old Designator=L28 New Designator=L?
Change Component Designator: Old Designator=MIX_2 New Designator=MIX_?
Change Component Designator: Old Designator=R132 New Designator=R?
Change Component Designator: Old Designator=R133 New Designator=R?
Change Component Designator: Old Designator=R134 New Designator=R?
Change Component Designator: Old Designator=R135 New Designator=R?
Change Component Designator: Old Designator=R136 New Designator=R?
Change Component Designator: Old Designator=R137 New Designator=R?
Change Component Designator: Old Designator=R138 New Designator=R?
Change Component Designator: Old Designator=R139 New Designator=R?
Change Component Designator: Old Designator=R140 New Designator=R?
Change Component Designator: Old Designator=R141 New Designator=R?
Change Component Designator: Old Designator=R142 New Designator=R?
Change Component Designator: Old Designator=R143 New Designator=R?
Change Component Designator: Old Designator=R144 New Designator=R?
Change Component Designator: Old Designator=R145 New Designator=R?
Change Component Designator: Old Designator=R146 New Designator=R?
Change Component Designator: Old Designator=R147 New Designator=R?
Change Component Designator: Old Designator=R148 New Designator=R?
Change Component Designator: Old Designator=R149 New Designator=R?
Change Component Designator: Old Designator=R150 New Designator=R?
Change Component Designator: Old Designator=R151 New Designator=R?
Change Component Designator: Old Designator=SMA_11 New Designator=SMA_?
Change Component Designator: Old Designator=SMA_12 New Designator=SMA_?
Change Component Designator: Old Designator=SMA_13 New Designator=SMA_?
