Replace Part AMP_4 HMC789ST89E in D:\DIY\HW\UpConverter.SchDoc with HMC789ST89E from RadioProjectSchLib.SchLib
Replace Part B5 Balun1 in D:\DIY\HW\UpConverter.SchDoc with Balun1 from RadioProjectSchLib.SchLib
Replace Part C167 Cap1 in D:\DIY\HW\UpConverter.SchDoc with Cap1 from RadioProjectSchLib.SchLib
Replace Part C168 Cap1 in D:\DIY\HW\UpConverter.SchDoc with Cap1 from RadioProjectSchLib.SchLib
Replace Part C169 Cap1 in D:\DIY\HW\UpConverter.SchDoc with Cap1 from RadioProjectSchLib.SchLib
Replace Part C170 Cap1 in D:\DIY\HW\UpConverter.SchDoc with Cap1 from RadioProjectSchLib.SchLib
Replace Part C171 Cap1 in D:\DIY\HW\UpConverter.SchDoc with Cap1 from RadioProjectSchLib.SchLib
Replace Part C172 Cap1 in D:\DIY\HW\UpConverter.SchDoc with Cap1 from RadioProjectSchLib.SchLib
Replace Part C173 Cap1 in D:\DIY\HW\UpConverter.SchDoc with Cap1 from RadioProjectSchLib.SchLib
Replace Part C174 Cap1 in D:\DIY\HW\UpConverter.SchDoc with Cap1 from RadioProjectSchLib.SchLib
Replace Part C175 Cap1 in D:\DIY\HW\UpConverter.SchDoc with Cap1 from RadioProjectSchLib.SchLib
Replace Part C176 Cap1 in D:\DIY\HW\UpConverter.SchDoc with Cap1 from RadioProjectSchLib.SchLib
Replace Part C177 Cap1 in D:\DIY\HW\UpConverter.SchDoc with Cap1 from RadioProjectSchLib.SchLib
Replace Part C178 Cap1 in D:\DIY\HW\UpConverter.SchDoc with Cap1 from RadioProjectSchLib.SchLib
Replace Part C179 Cap1 in D:\DIY\HW\UpConverter.SchDoc with Cap1 from RadioProjectSchLib.SchLib
Replace Part C180 Cap1 in D:\DIY\HW\UpConverter.SchDoc with Cap1 from RadioProjectSchLib.SchLib
Replace Part C181 Cap1 in D:\DIY\HW\UpConverter.SchDoc with Cap1 from RadioProjectSchLib.SchLib
Replace Part C182 Cap1 in D:\DIY\HW\UpConverter.SchDoc with Cap1 from RadioProjectSchLib.SchLib
Replace Part C183 Cap1 in D:\DIY\HW\UpConverter.SchDoc with Cap1 from RadioProjectSchLib.SchLib
Replace Part C184 Cap1 in D:\DIY\HW\UpConverter.SchDoc with Cap1 from RadioProjectSchLib.SchLib
Replace Part C185 Cap1 in D:\DIY\HW\UpConverter.SchDoc with Cap1 from RadioProjectSchLib.SchLib
Replace Part C186 Cap1 in D:\DIY\HW\UpConverter.SchDoc with Cap1 from RadioProjectSchLib.SchLib
Replace Part C187 Cap1 in D:\DIY\HW\UpConverter.SchDoc with Cap1 from RadioProjectSchLib.SchLib
Replace Part C188 Cap1 in D:\DIY\HW\UpConverter.SchDoc with Cap1 from RadioProjectSchLib.SchLib
Replace Part C189 Cap1 in D:\DIY\HW\UpConverter.SchDoc with Cap1 from RadioProjectSchLib.SchLib
Replace Part C190 Cap1 in D:\DIY\HW\UpConverter.SchDoc with Cap1 from RadioProjectSchLib.SchLib
Replace Part C191 Cap1 in D:\DIY\HW\UpConverter.SchDoc with Cap1 from RadioProjectSchLib.SchLib
Replace Part C192 Cap1 in D:\DIY\HW\UpConverter.SchDoc with Cap1 from RadioProjectSchLib.SchLib
Replace Part C193 Cap1 in D:\DIY\HW\UpConverter.SchDoc with Cap1 from RadioProjectSchLib.SchLib
Replace Part C194 Cap1 in D:\DIY\HW\UpConverter.SchDoc with Cap1 from RadioProjectSchLib.SchLib
Replace Part C195 Cap1 in D:\DIY\HW\UpConverter.SchDoc with Cap1 from RadioProjectSchLib.SchLib
Replace Part C196 Cap1 in D:\DIY\HW\UpConverter.SchDoc with Cap1 from RadioProjectSchLib.SchLib
Replace Part C197 Cap1 in D:\DIY\HW\UpConverter.SchDoc with Cap1 from RadioProjectSchLib.SchLib
Replace Part C198 Cap1 in D:\DIY\HW\UpConverter.SchDoc with Cap1 from RadioProjectSchLib.SchLib
Replace Part C199 Cap1 in D:\DIY\HW\UpConverter.SchDoc with Cap1 from RadioProjectSchLib.SchLib
Replace Part C200 Cap1 in D:\DIY\HW\UpConverter.SchDoc with Cap1 from RadioProjectSchLib.SchLib
Replace Part C201 Cap1 in D:\DIY\HW\UpConverter.SchDoc with Cap1 from RadioProjectSchLib.SchLib
Replace Part C202 Cap1 in D:\DIY\HW\UpConverter.SchDoc with Cap1 from RadioProjectSchLib.SchLib
Replace Part C203 Cap1 in D:\DIY\HW\UpConverter.SchDoc with Cap1 from RadioProjectSchLib.SchLib
Replace Part DET_2 LT5538 in D:\DIY\HW\UpConverter.SchDoc with LT5538 from RadioProjectSchLib.SchLib
Replace Part DIG_ATT_2 HMC8073 in D:\DIY\HW\UpConverter.SchDoc with HMC8073 from RadioProjectSchLib.SchLib
Replace Part Header8 Header1 in D:\DIY\HW\UpConverter.SchDoc with Header1 from RadioProjectSchLib.SchLib
Replace Part L27 Ind1 in D:\DIY\HW\UpConverter.SchDoc with Ind1 from RadioProjectSchLib.SchLib
Replace Part L28 Ind1 in D:\DIY\HW\UpConverter.SchDoc with Ind1 from RadioProjectSchLib.SchLib
Replace Part MIX_2 ADL5365 in D:\DIY\HW\UpConverter.SchDoc with ADL5365 from RadioProjectSchLib.SchLib
Replace Part R132 Res1 in D:\DIY\HW\UpConverter.SchDoc with Res1 from RadioProjectSchLib.SchLib
Replace Part R133 Res1 in D:\DIY\HW\UpConverter.SchDoc with Res1 from RadioProjectSchLib.SchLib
Replace Part R134 Res1 in D:\DIY\HW\UpConverter.SchDoc with Res1 from RadioProjectSchLib.SchLib
Replace Part R135 Res1 in D:\DIY\HW\UpConverter.SchDoc with Res1 from RadioProjectSchLib.SchLib
Replace Part R136 Res1 in D:\DIY\HW\UpConverter.SchDoc with Res1 from RadioProjectSchLib.SchLib
Replace Part R137 Res1 in D:\DIY\HW\UpConverter.SchDoc with Res1 from RadioProjectSchLib.SchLib
Replace Part R138 Res1 in D:\DIY\HW\UpConverter.SchDoc with Res1 from RadioProjectSchLib.SchLib
Replace Part R139 Res1 in D:\DIY\HW\UpConverter.SchDoc with Res1 from RadioProjectSchLib.SchLib
Replace Part R140 Res1 in D:\DIY\HW\UpConverter.SchDoc with Res1 from RadioProjectSchLib.SchLib
Replace Part R141 Res1 in D:\DIY\HW\UpConverter.SchDoc with Res1 from RadioProjectSchLib.SchLib
Replace Part R142 Res1 in D:\DIY\HW\UpConverter.SchDoc with Res1 from RadioProjectSchLib.SchLib
Replace Part R143 Res1 in D:\DIY\HW\UpConverter.SchDoc with Res1 from RadioProjectSchLib.SchLib
Replace Part R144 Res1 in D:\DIY\HW\UpConverter.SchDoc with Res1 from RadioProjectSchLib.SchLib
Replace Part R145 Res1 in D:\DIY\HW\UpConverter.SchDoc with Res1 from RadioProjectSchLib.SchLib
Replace Part R146 Res1 in D:\DIY\HW\UpConverter.SchDoc with Res1 from RadioProjectSchLib.SchLib
Replace Part R147 Res1 in D:\DIY\HW\UpConverter.SchDoc with Res1 from RadioProjectSchLib.SchLib
Replace Part R148 Res1 in D:\DIY\HW\UpConverter.SchDoc with Res1 from RadioProjectSchLib.SchLib
Replace Part R149 Res1 in D:\DIY\HW\UpConverter.SchDoc with Res1 from RadioProjectSchLib.SchLib
Replace Part R150 Res1 in D:\DIY\HW\UpConverter.SchDoc with Res1 from RadioProjectSchLib.SchLib
Replace Part R151 Res1 in D:\DIY\HW\UpConverter.SchDoc with Res1 from RadioProjectSchLib.SchLib
Replace Part SMA_11 SMA1 in D:\DIY\HW\UpConverter.SchDoc with SMA1 from RadioProjectSchLib.SchLib
Replace Part SMA_12 SMA1 in D:\DIY\HW\UpConverter.SchDoc with SMA1 from RadioProjectSchLib.SchLib
Replace Part SMA_13 SMA1 in D:\DIY\HW\UpConverter.SchDoc with SMA1 from RadioProjectSchLib.SchLib
